This is pdfTeX, Version 3.141592653-2.6-1.40.25 (TeX Live 2023/Debian) (preloaded format=pdflatex 2026.4.6)  19 APR 2026 08:44
entering extended mode
 restricted \write18 enabled.
 %&-line parsing enabled.
**feidipsp.tex
(./feidipsp.tex
LaTeX2e <2023-11-01> patch level 1
L3 programming layer <2024-01-22>
(./feidipsp.cls
Document Class: feidipsp 1999/09/10 v1.4a Standard LaTeX document class
(/usr/share/texlive/texmf-dist/tex/latex/base/inputenc.sty
Package: inputenc 2021/02/14 v1.3d Input encoding file
\inpenc@prehook=\toks17
\inpenc@posthook=\toks18
)
(/usr/share/texlive/texmf-dist/tex/latex/base/fontenc.sty
Package: fontenc 2021/04/29 v2.0v Standard LaTeX package
)
\c@part=\count187
\c@section=\count188
\c@subsection=\count189
\c@subsubsection=\count190
\c@paragraph=\count191
\c@subparagraph=\count192
\c@figure=\count193
\c@table=\count194
\abovecaptionskip=\skip48
\belowcaptionskip=\skip49
\bibindent=\dimen140
)
(/usr/share/texlive/texmf-dist/tex/latex/graphics/graphicx.sty
Package: graphicx 2021/09/16 v1.2d Enhanced LaTeX Graphics (DPC,SPQR)

(/usr/share/texlive/texmf-dist/tex/latex/graphics/keyval.sty
Package: keyval 2022/05/29 v1.15 key=value parser (DPC)
\KV@toks@=\toks19
)
(/usr/share/texlive/texmf-dist/tex/latex/graphics/graphics.sty
Package: graphics 2022/03/10 v1.4e Standard LaTeX Graphics (DPC,SPQR)

(/usr/share/texlive/texmf-dist/tex/latex/graphics/trig.sty
Package: trig 2021/08/11 v1.11 sin cos tan (DPC)
)
(/usr/share/texlive/texmf-dist/tex/latex/graphics-cfg/graphics.cfg
File: graphics.cfg 2016/06/04 v1.11 sample graphics configuration
)
Package graphics Info: Driver file: pdftex.def on input line 107.

(/usr/share/texlive/texmf-dist/tex/latex/graphics-def/pdftex.def
File: pdftex.def 2022/09/22 v1.2b Graphics/color driver for pdftex
))
\Gin@req@height=\dimen141
\Gin@req@width=\dimen142
)
(/usr/share/texlive/texmf-dist/tex/generic/babel/babel.sty
Package: babel 2024/01/07 v24.1 The Babel package
\babel@savecnt=\count195
\U@D=\dimen143
\l@unhyphenated=\language5

(/usr/share/texlive/texmf-dist/tex/generic/babel/txtbabel.def)
\bbl@readstream=\read2
\bbl@dirlevel=\count196


! Package babel Error: Unknown option 'slovak'. Either you misspelled it
(babel)                or the language definition file slovak.ldf
(babel)                was not found.
(babel)                There is a locale ini file for this language.
(babel)                If itâs the main language, try adding `provide=*'
(babel)                to the babel package options.

See the babel package documentation for explanation.
Type  H <return>  for immediate help.
 ...                                              
                                                  
l.4291 \ProcessOptions*
                       
Valid options are, among others: shorthands=, KeepShorthandsActive,
activeacute, activegrave, noconfigs, safe=, main=, math=
headfoot=, strings=, config=, hyphenmap=, or a language name.

Package babel Info: You haven't specified a language as a class or package
(babel)             option. I'll load 'nil'. Reported on input line 4342.
(/usr/share/texlive/texmf-dist/tex/generic/babel/nil.ldf
Language: nil 2024/01/07 v24.1 Nil language
\l@nil=\language6
))
(/usr/share/texlive/texmf-dist/tex/latex/base/fontenc.sty
Package: fontenc 2021/04/29 v2.0v Standard LaTeX package
)
(/usr/share/texmf/tex/latex/lm/lmodern.sty
Package: lmodern 2015/05/01 v1.6.1 Latin Modern Fonts
LaTeX Font Info:    Overwriting symbol font `operators' in version `normal'
(Font)                  OT1/cmr/m/n --> OT1/lmr/m/n on input line 22.
LaTeX Font Info:    Overwriting symbol font `letters' in version `normal'
(Font)                  OML/cmm/m/it --> OML/lmm/m/it on input line 23.
LaTeX Font Info:    Overwriting symbol font `symbols' in version `normal'
(Font)                  OMS/cmsy/m/n --> OMS/lmsy/m/n on input line 24.
LaTeX Font Info:    Overwriting symbol font `largesymbols' in version `normal'
(Font)                  OMX/cmex/m/n --> OMX/lmex/m/n on input line 25.
LaTeX Font Info:    Overwriting symbol font `operators' in version `bold'
(Font)                  OT1/cmr/bx/n --> OT1/lmr/bx/n on input line 26.
LaTeX Font Info:    Overwriting symbol font `letters' in version `bold'
(Font)                  OML/cmm/b/it --> OML/lmm/b/it on input line 27.
LaTeX Font Info:    Overwriting symbol font `symbols' in version `bold'
(Font)                  OMS/cmsy/b/n --> OMS/lmsy/b/n on input line 28.
LaTeX Font Info:    Overwriting symbol font `largesymbols' in version `bold'
(Font)                  OMX/cmex/m/n --> OMX/lmex/m/n on input line 29.
LaTeX Font Info:    Overwriting math alphabet `\mathbf' in version `normal'
(Font)                  OT1/cmr/bx/n --> OT1/lmr/bx/n on input line 31.
LaTeX Font Info:    Overwriting math alphabet `\mathsf' in version `normal'
(Font)                  OT1/cmss/m/n --> OT1/lmss/m/n on input line 32.
LaTeX Font Info:    Overwriting math alphabet `\mathit' in version `normal'
(Font)                  OT1/cmr/m/it --> OT1/lmr/m/it on input line 33.
LaTeX Font Info:    Overwriting math alphabet `\mathtt' in version `normal'
(Font)                  OT1/cmtt/m/n --> OT1/lmtt/m/n on input line 34.
LaTeX Font Info:    Overwriting math alphabet `\mathbf' in version `bold'
(Font)                  OT1/cmr/bx/n --> OT1/lmr/bx/n on input line 35.
LaTeX Font Info:    Overwriting math alphabet `\mathsf' in version `bold'
(Font)                  OT1/cmss/bx/n --> OT1/lmss/bx/n on input line 36.
LaTeX Font Info:    Overwriting math alphabet `\mathit' in version `bold'
(Font)                  OT1/cmr/bx/it --> OT1/lmr/bx/it on input line 37.
LaTeX Font Info:    Overwriting math alphabet `\mathtt' in version `bold'
(Font)                  OT1/cmtt/m/n --> OT1/lmtt/m/n on input line 38.
)
(/usr/share/texlive/texmf-dist/tex/latex/amsmath/amsmath.sty
Package: amsmath 2023/05/13 v2.17o AMS math features
\@mathmargin=\skip50

For additional information on amsmath, use the `?' option.
(/usr/share/texlive/texmf-dist/tex/latex/amsmath/amstext.sty
Package: amstext 2021/08/26 v2.01 AMS text

(/usr/share/texlive/texmf-dist/tex/latex/amsmath/amsgen.sty
File: amsgen.sty 1999/11/30 v2.0 generic functions
\@emptytoks=\toks20
\ex@=\dimen144
))
(/usr/share/texlive/texmf-dist/tex/latex/amsmath/amsbsy.sty
Package: amsbsy 1999/11/29 v1.2d Bold Symbols
\pmbraise@=\dimen145
)
(/usr/share/texlive/texmf-dist/tex/latex/amsmath/amsopn.sty
Package: amsopn 2022/04/08 v2.04 operator names
)
\inf@bad=\count197
LaTeX Info: Redefining \frac on input line 234.
\uproot@=\count198
\leftroot@=\count199
LaTeX Info: Redefining \overline on input line 399.
LaTeX Info: Redefining \colon on input line 410.
\classnum@=\count266
\DOTSCASE@=\count267
LaTeX Info: Redefining \ldots on input line 496.
LaTeX Info: Redefining \dots on input line 499.
LaTeX Info: Redefining \cdots on input line 620.
\Mathstrutbox@=\box51
\strutbox@=\box52
LaTeX Info: Redefining \big on input line 722.
LaTeX Info: Redefining \Big on input line 723.
LaTeX Info: Redefining \bigg on input line 724.
LaTeX Info: Redefining \Bigg on input line 725.
\big@size=\dimen146
LaTeX Font Info:    Redeclaring font encoding OML on input line 743.
LaTeX Font Info:    Redeclaring font encoding OMS on input line 744.
\macc@depth=\count268
LaTeX Info: Redefining \bmod on input line 905.
LaTeX Info: Redefining \pmod on input line 910.
LaTeX Info: Redefining \smash on input line 940.
LaTeX Info: Redefining \relbar on input line 970.
LaTeX Info: Redefining \Relbar on input line 971.
\c@MaxMatrixCols=\count269
\dotsspace@=\muskip16
\c@parentequation=\count270
\dspbrk@lvl=\count271
\tag@help=\toks21
\row@=\count272
\column@=\count273
\maxfields@=\count274
\andhelp@=\toks22
\eqnshift@=\dimen147
\alignsep@=\dimen148
\tagshift@=\dimen149
\tagwidth@=\dimen150
\totwidth@=\dimen151
\lineht@=\dimen152
\@envbody=\toks23
\multlinegap=\skip51
\multlinetaggap=\skip52
\mathdisplay@stack=\toks24
LaTeX Info: Redefining \[ on input line 2953.
LaTeX Info: Redefining \] on input line 2954.
)
(/usr/share/texlive/texmf-dist/tex/latex/amsfonts/amsfonts.sty
Package: amsfonts 2013/01/14 v3.01 Basic AMSFonts support
\symAMSa=\mathgroup4
\symAMSb=\mathgroup5
LaTeX Font Info:    Redeclaring math symbol \hbar on input line 98.
LaTeX Font Info:    Overwriting math alphabet `\mathfrak' in version `bold'
(Font)                  U/euf/m/n --> U/euf/b/n on input line 106.
)
(/usr/share/texlive/texmf-dist/tex/latex/amsfonts/amssymb.sty
Package: amssymb 2013/01/14 v3.01 AMS font symbols
)
(/usr/share/texlive/texmf-dist/tex/latex/base/latexsym.sty
Package: latexsym 1998/08/17 v2.2e Standard LaTeX package (lasy symbols)
\symlasy=\mathgroup6
LaTeX Font Info:    Overwriting symbol font `lasy' in version `bold'
(Font)                  U/lasy/m/n --> U/lasy/b/n on input line 52.
)
(/usr/share/texlive/texmf-dist/tex/latex/listings/listings.sty
\lst@mode=\count275
\lst@gtempboxa=\box53
\lst@token=\toks25
\lst@length=\count276
\lst@currlwidth=\dimen153
\lst@column=\count277
\lst@pos=\count278
\lst@lostspace=\dimen154
\lst@width=\dimen155
\lst@newlines=\count279
\lst@lineno=\count280
\lst@maxwidth=\dimen156

(/usr/share/texlive/texmf-dist/tex/latex/listings/lstmisc.sty
File: lstmisc.sty 2023/02/27 1.9 (Carsten Heinz)
\c@lstnumber=\count281
\lst@skipnumbers=\count282
\lst@framebox=\box54
)
(/usr/share/texlive/texmf-dist/tex/latex/listings/listings.cfg
File: listings.cfg 2023/02/27 1.9 listings configuration
))
Package: listings 2023/02/27 1.9 (Carsten Heinz)

(/usr/share/texlive/texmf-dist/tex/latex/xcolor/xcolor.sty
Package: xcolor 2023/11/15 v3.01 LaTeX color extensions (UK)

(/usr/share/texlive/texmf-dist/tex/latex/graphics-cfg/color.cfg
File: color.cfg 2016/01/02 v1.6 sample color configuration
)
Package xcolor Info: Driver file: pdftex.def on input line 274.

(/usr/share/texlive/texmf-dist/tex/latex/graphics/mathcolor.ltx)
Package xcolor Info: Model `cmy' substituted by `cmy0' on input line 1350.
Package xcolor Info: Model `hsb' substituted by `rgb' on input line 1354.
Package xcolor Info: Model `RGB' extended on input line 1366.
Package xcolor Info: Model `HTML' substituted by `rgb' on input line 1368.
Package xcolor Info: Model `Hsb' substituted by `hsb' on input line 1369.
Package xcolor Info: Model `tHsb' substituted by `hsb' on input line 1370.
Package xcolor Info: Model `HSB' substituted by `hsb' on input line 1371.
Package xcolor Info: Model `Gray' substituted by `gray' on input line 1372.
Package xcolor Info: Model `wave' substituted by `hsb' on input line 1373.
)
(/usr/share/texlive/texmf-dist/tex/latex/float/float.sty
Package: float 2001/11/08 v1.3d Float enhancements (AL)
\c@float@type=\count283
\float@exts=\toks26
\float@box=\box55
\@float@everytoks=\toks27
\@floatcapt=\box56
)
(/usr/share/texlive/texmf-dist/tex/latex/needspace/needspace.sty
Package: needspace 2010/09/12 v1.3d reserve vertical space
)
(/usr/share/texlive/texmf-dist/tex/latex/hyperref/hyperref.sty
Package: hyperref 2024-01-20 v7.01h Hypertext links for LaTeX

(/usr/share/texlive/texmf-dist/tex/generic/iftex/iftex.sty
Package: iftex 2022/02/03 v1.0f TeX engine tests
)
(/usr/share/texlive/texmf-dist/tex/latex/kvsetkeys/kvsetkeys.sty
Package: kvsetkeys 2022-10-05 v1.19 Key value parser (HO)
)
(/usr/share/texlive/texmf-dist/tex/generic/kvdefinekeys/kvdefinekeys.sty
Package: kvdefinekeys 2019-12-19 v1.6 Define keys (HO)
)
(/usr/share/texlive/texmf-dist/tex/generic/pdfescape/pdfescape.sty
Package: pdfescape 2019/12/09 v1.15 Implements pdfTeX's escape features (HO)

(/usr/share/texlive/texmf-dist/tex/generic/ltxcmds/ltxcmds.sty
Package: ltxcmds 2023-12-04 v1.26 LaTeX kernel commands for general use (HO)
)
(/usr/share/texlive/texmf-dist/tex/generic/pdftexcmds/pdftexcmds.sty
Package: pdftexcmds 2020-06-27 v0.33 Utility functions of pdfTeX for LuaTeX (HO
)

(/usr/share/texlive/texmf-dist/tex/generic/infwarerr/infwarerr.sty
Package: infwarerr 2019/12/03 v1.5 Providing info/warning/error messages (HO)
)
Package pdftexcmds Info: \pdf@primitive is available.
Package pdftexcmds Info: \pdf@ifprimitive is available.
Package pdftexcmds Info: \pdfdraftmode found.
))
(/usr/share/texlive/texmf-dist/tex/latex/hycolor/hycolor.sty
Package: hycolor 2020-01-27 v1.10 Color options for hyperref/bookmark (HO)
)
(/usr/share/texlive/texmf-dist/tex/latex/auxhook/auxhook.sty
Package: auxhook 2019-12-17 v1.6 Hooks for auxiliary files (HO)
)
(/usr/share/texlive/texmf-dist/tex/latex/hyperref/nameref.sty
Package: nameref 2023-11-26 v2.56 Cross-referencing by name of section

(/usr/share/texlive/texmf-dist/tex/latex/refcount/refcount.sty
Package: refcount 2019/12/15 v3.6 Data extraction from label references (HO)
)
(/usr/share/texlive/texmf-dist/tex/generic/gettitlestring/gettitlestring.sty
Package: gettitlestring 2019/12/15 v1.6 Cleanup title references (HO)

(/usr/share/texlive/texmf-dist/tex/latex/kvoptions/kvoptions.sty
Package: kvoptions 2022-06-15 v3.15 Key value format for package options (HO)
))
\c@section@level=\count284
)
(/usr/share/texlive/texmf-dist/tex/latex/etoolbox/etoolbox.sty
Package: etoolbox 2020/10/05 v2.5k e-TeX tools for LaTeX (JAW)
\etb@tempcnta=\count285
)
\@linkdim=\dimen157
\Hy@linkcounter=\count286
\Hy@pagecounter=\count287

(/usr/share/texlive/texmf-dist/tex/latex/hyperref/pd1enc.def
File: pd1enc.def 2024-01-20 v7.01h Hyperref: PDFDocEncoding definition (HO)
Now handling font encoding PD1 ...
... no UTF-8 mapping file for font encoding PD1
)
(/usr/share/texlive/texmf-dist/tex/generic/intcalc/intcalc.sty
Package: intcalc 2019/12/15 v1.3 Expandable calculations with integers (HO)
)
\Hy@SavedSpaceFactor=\count288

(/usr/share/texlive/texmf-dist/tex/latex/hyperref/puenc.def
File: puenc.def 2024-01-20 v7.01h Hyperref: PDF Unicode definition (HO)
Now handling font encoding PU ...
... no UTF-8 mapping file for font encoding PU
)
Package hyperref Info: Option `colorlinks' set `true' on input line 4062.
Package hyperref Info: Option `bookmarksnumbered' set `true' on input line 4062
.
Package hyperref Info: Option `unicode' set `true' on input line 4062.
Package hyperref Info: Option `pdftoolbar' set `true' on input line 4062.
Package hyperref Info: Option `pdfmenubar' set `true' on input line 4062.
Package hyperref Info: Option `pdfwindowui' set `true' on input line 4062.
Package hyperref Info: Option `bookmarksopen' set `true' on input line 4062.
Package hyperref Info: Hyper figures OFF on input line 4179.
Package hyperref Info: Link nesting OFF on input line 4184.
Package hyperref Info: Hyper index ON on input line 4187.
Package hyperref Info: Plain pages OFF on input line 4194.
Package hyperref Info: Backreferencing OFF on input line 4199.
Package hyperref Info: Implicit mode ON; LaTeX internals redefined.
Package hyperref Info: Bookmarks ON on input line 4446.
\c@Hy@tempcnt=\count289

(/usr/share/texlive/texmf-dist/tex/latex/url/url.sty
\Urlmuskip=\muskip17
Package: url 2013/09/16  ver 3.4  Verb mode for urls, etc.
)
LaTeX Info: Redefining \url on input line 4784.
\XeTeXLinkMargin=\dimen158

(/usr/share/texlive/texmf-dist/tex/generic/bitset/bitset.sty
Package: bitset 2019/12/09 v1.3 Handle bit-vector datatype (HO)

(/usr/share/texlive/texmf-dist/tex/generic/bigintcalc/bigintcalc.sty
Package: bigintcalc 2019/12/15 v1.5 Expandable calculations on big integers (HO
)
))
\Fld@menulength=\count290
\Field@Width=\dimen159
\Fld@charsize=\dimen160
Package hyperref Info: Hyper figures OFF on input line 6063.
Package hyperref Info: Link nesting OFF on input line 6068.
Package hyperref Info: Hyper index ON on input line 6071.
Package hyperref Info: backreferencing OFF on input line 6078.
Package hyperref Info: Link coloring ON on input line 6081.
Package hyperref Info: Link coloring with OCG OFF on input line 6088.
Package hyperref Info: PDF/A mode OFF on input line 6093.

(/usr/share/texlive/texmf-dist/tex/latex/base/atbegshi-ltx.sty
Package: atbegshi-ltx 2021/01/10 v1.0c Emulation of the original atbegshi
package with kernel methods
)
\Hy@abspage=\count291
\c@Item=\count292
\c@Hfootnote=\count293
)
Package hyperref Info: Driver: hpdftex.

(/usr/share/texlive/texmf-dist/tex/latex/hyperref/hpdftex.def
File: hpdftex.def 2024-01-20 v7.01h Hyperref driver for pdfTeX

(/usr/share/texlive/texmf-dist/tex/latex/base/atveryend-ltx.sty
Package: atveryend-ltx 2020/08/19 v1.0a Emulation of the original atveryend pac
kage
with kernel methods
)
\Fld@listcount=\count294
\c@bookmark@seq@number=\count295

(/usr/share/texlive/texmf-dist/tex/latex/rerunfilecheck/rerunfilecheck.sty
Package: rerunfilecheck 2022-07-10 v1.10 Rerun checks for auxiliary files (HO)

(/usr/share/texlive/texmf-dist/tex/generic/uniquecounter/uniquecounter.sty
Package: uniquecounter 2019/12/15 v1.4 Provide unlimited unique counter (HO)
)
Package uniquecounter Info: New unique counter `rerunfilecheck' on input line 2
85.
)
\Hy@SectionHShift=\skip53
)
(/usr/share/texlive/texmf-dist/tex/latex/natbib/natbib.sty
Package: natbib 2010/09/13 8.31b (PWD, AO)
\bibhang=\skip54
\bibsep=\skip55
LaTeX Info: Redefining \cite on input line 694.
\c@NAT@ctr=\count296
)
LaTeX Font Info:    Trying to load font information for T1+lmr on input line 79
.

(/usr/share/texmf/tex/latex/lm/t1lmr.fd
File: t1lmr.fd 2015/05/01 v1.6.1 Font defs for Latin Modern
)
(/usr/share/texlive/texmf-dist/tex/latex/l3backend/l3backend-pdftex.def
File: l3backend-pdftex.def 2024-01-04 L3 backend support: PDF output (pdfTeX)
\l__color_backend_stack_int=\count297
\l__pdf_internal_box=\box57
)
(./feidipsp.aux)
\openout1 = `feidipsp.aux'.

LaTeX Font Info:    Checking defaults for OML/cmm/m/it on input line 79.
LaTeX Font Info:    ... okay on input line 79.
LaTeX Font Info:    Checking defaults for OMS/cmsy/m/n on input line 79.
LaTeX Font Info:    ... okay on input line 79.
LaTeX Font Info:    Checking defaults for OT1/cmr/m/n on input line 79.
LaTeX Font Info:    ... okay on input line 79.
LaTeX Font Info:    Checking defaults for T1/cmr/m/n on input line 79.
LaTeX Font Info:    ... okay on input line 79.
LaTeX Font Info:    Checking defaults for TS1/cmr/m/n on input line 79.
LaTeX Font Info:    ... okay on input line 79.
LaTeX Font Info:    Checking defaults for OMX/cmex/m/n on input line 79.
LaTeX Font Info:    ... okay on input line 79.
LaTeX Font Info:    Checking defaults for U/cmr/m/n on input line 79.
LaTeX Font Info:    ... okay on input line 79.
LaTeX Font Info:    Checking defaults for PD1/pdf/m/n on input line 79.
LaTeX Font Info:    ... okay on input line 79.
LaTeX Font Info:    Checking defaults for PU/pdf/m/n on input line 79.
LaTeX Font Info:    ... okay on input line 79.

(/usr/share/texlive/texmf-dist/tex/context/base/mkii/supp-pdf.mkii
[Loading MPS to PDF converter (version 2006.09.02).]
\scratchcounter=\count298
\scratchdimen=\dimen161
\scratchbox=\box58
\nofMPsegments=\count299
\nofMParguments=\count300
\everyMPshowfont=\toks28
\MPscratchCnt=\count301
\MPscratchDim=\dimen162
\MPnumerator=\count302
\makeMPintoPDFobject=\count303
\everyMPtoPDFconversion=\toks29
) (/usr/share/texlive/texmf-dist/tex/latex/epstopdf-pkg/epstopdf-base.sty
Package: epstopdf-base 2020-01-24 v2.11 Base part for package epstopdf

(/usr/share/texlive/texmf-dist/tex/latex/grfext/grfext.sty
Package: grfext 2019/12/03 v1.3 Manage graphics extensions (HO)
)
Package epstopdf-base Info: Redefining graphics rule for `.eps' on input line 4
85.
Package grfext Info: Graphics extension search list:
(grfext)             [.pdf,.png,.jpg,.eps]
(grfext)             \AppendGraphicsExtensions on input line 504.

(/usr/share/texlive/texmf-dist/tex/latex/latexconfig/epstopdf-sys.cfg
File: epstopdf-sys.cfg 2010/07/13 v1.3 Configuration of (r)epstopdf for TeX Liv
e
))
\c@lstlisting=\count304
Package hyperref Info: Link coloring ON on input line 79.

(./feidipsp.out) (./feidipsp.out)
\@outlinefile=\write3
\openout3 = `feidipsp.out'.

LaTeX Font Info:    Trying to load font information for OT1+lmr on input line 8
2.
 (/usr/share/texmf/tex/latex/lm/ot1lmr.fd
File: ot1lmr.fd 2015/05/01 v1.6.1 Font defs for Latin Modern
)
LaTeX Font Info:    Trying to load font information for OML+lmm on input line 8
2.

(/usr/share/texmf/tex/latex/lm/omllmm.fd
File: omllmm.fd 2015/05/01 v1.6.1 Font defs for Latin Modern
)
LaTeX Font Info:    Trying to load font information for OMS+lmsy on input line 
82.

(/usr/share/texmf/tex/latex/lm/omslmsy.fd
File: omslmsy.fd 2015/05/01 v1.6.1 Font defs for Latin Modern
)
LaTeX Font Info:    Trying to load font information for OMX+lmex on input line 
82.

(/usr/share/texmf/tex/latex/lm/omxlmex.fd
File: omxlmex.fd 2015/05/01 v1.6.1 Font defs for Latin Modern
)
LaTeX Font Info:    External font `lmex10' loaded for size
(Font)              <14.4> on input line 82.
LaTeX Font Info:    External font `lmex10' loaded for size
(Font)              <10> on input line 82.
LaTeX Font Info:    External font `lmex10' loaded for size
(Font)              <7> on input line 82.
LaTeX Font Info:    Trying to load font information for U+msa on input line 82.


(/usr/share/texlive/texmf-dist/tex/latex/amsfonts/umsa.fd
File: umsa.fd 2013/01/14 v3.01 AMS symbols A
)
LaTeX Font Info:    Trying to load font information for U+msb on input line 82.


(/usr/share/texlive/texmf-dist/tex/latex/amsfonts/umsb.fd
File: umsb.fd 2013/01/14 v3.01 AMS symbols B
)
LaTeX Font Info:    Trying to load font information for U+lasy on input line 82
.

(/usr/share/texlive/texmf-dist/tex/latex/base/ulasy.fd
File: ulasy.fd 1998/08/17 v2.2e LaTeX symbol font definitions
)
Underfull \hbox (badness 10000) in paragraph at lines 82--82

 []


LaTeX Warning: No \konzultant given.

[1

{/var/lib/texmf/fonts/map/pdftex/updmap/pdftex.map}{/usr/share/texmf/fonts/enc/
dvips/lm/lm-ec.enc}] (./feidipsp.toc
LaTeX Font Info:    External font `lmex10' loaded for size
(Font)              <12> on input line 5.
LaTeX Font Info:    External font `lmex10' loaded for size
(Font)              <8> on input line 5.
LaTeX Font Info:    External font `lmex10' loaded for size
(Font)              <6> on input line 5.
)
\tf@toc=\write4
\openout4 = `feidipsp.toc'.


Overfull \vbox (9.27159pt too high) has occurred while \output is active []

LaTeX Font Info:    External font `lmex10' loaded for size
(Font)              <10.95> on input line 86.

[2] (./feidipsp.lot)
\tf@lot=\write5
\openout5 = `feidipsp.lot'.


Overfull \vbox (9.27159pt too high) has occurred while \output is active []


[3]
Underfull \hbox (badness 4229) in paragraph at lines 96--97
\T1/lmr/m/it/12 Access-Security \T1/lmr/m/n/12 je prototyp systému kontroly fyz
ického prístupu na báze
 []


Underfull \hbox (badness 1609) in paragraph at lines 96--97
\T1/lmr/m/n/12 riadené dvere na základe kombinácie roly karty a role dverí, pri
Ģom celý
 []


Underfull \hbox (badness 1616) in paragraph at lines 96--97
\T1/lmr/m/n/12 komunikaĢný reīazec medzi ĢítaĢkou a serverom je chránený krypto
graficky
 []

LaTeX Font Info:    Trying to load font information for TS1+lmr on input line 1
01.
(/usr/share/texmf/tex/latex/lm/ts1lmr.fd
File: ts1lmr.fd 2015/05/01 v1.6.1 Font defs for Latin Modern
)
LaTeX Font Info:    Trying to load font information for T1+lmtt on input line 1
01.

(/usr/share/texmf/tex/latex/lm/t1lmtt.fd
File: t1lmtt.fd 2015/05/01 v1.6.1 Font defs for Latin Modern
)
Underfull \hbox (badness 1817) in paragraph at lines 101--102
\T1/lmr/m/n/12 RC522, komunikujúca podĐa ISO 14443[[]]. íta UID karty, pripojí

 []


Underfull \hbox (badness 2653) in paragraph at lines 101--102
\T1/lmr/m/n/12 bezdrôtové pripojenie Wi-Fi odoēle autentifikovanú HTTP pošiadav
ku
 []


Overfull \vbox (9.27159pt too high) has occurred while \output is active []


pdfTeX warning (ext4): destination with the same identifier (name{page.1}) has 
been already used, duplicate ignored
<to be read again> 
                   \relax 
l.108 \section
              {AnalÃ―za rieÅĄenia} [1{/usr/share/texmf/fonts/enc/dvips/lm/lm-ts
1.enc}]
Underfull \hbox (badness 4543) in paragraph at lines 110--111
\T1/lmr/m/n/12 Detailný teoretický rozbor problematiky --- analýza aktuálnych p
rístupov
 []


Underfull \hbox (badness 6063) in paragraph at lines 110--111
\T1/lmr/m/n/12 ku kontrole fyzického prístupu, model hrozieb (STRIDE[[]]), poro
vnanie
 []


Underfull \hbox (badness 5189) in paragraph at lines 110--111
\T1/lmr/m/n/12 kryptografických primitív (ChaCha20-Poly1305[[]] vs. AES-GCM, st
ratégie
 []


Underfull \hbox (badness 2205) in paragraph at lines 110--111
\T1/lmr/m/n/12 generovania nonce, HKDF derivácia kĐúĢov, HMAC autentifikácia), 
zásady
 []


Underfull \hbox (badness 1655) in paragraph at lines 110--111
\T1/lmr/m/n/12 auditovateĐnosī, bezpeĢnosī vstavaného zariadenia a bezpeĢnosī t
ransportnej
 []


Overfull \vbox (9.27159pt too high) has occurred while \output is active []


pdfTeX warning (ext4): destination with the same identifier (name{page.2}) has 
been already used, duplicate ignored
<to be read again> 
                   \relax 
l.118 
       [2]
Overfull \vbox (9.27159pt too high) has occurred while \output is active []


pdfTeX warning (ext4): destination with the same identifier (name{page.3}) has 
been already used, duplicate ignored
<to be read again> 
                   \relax 
l.130 \paragraph
                {WebovÃĐ administrÃĄtorskÃĐ rozhranie.} Vanilla JavaScript (...
[3{/usr/share/texmf/fonts/enc/dvips/lm/lm-mathsy.enc}{/usr/share/texmf/fonts/en
c/dvips/lm/lm-rm.enc}]
Underfull \hbox (badness 2564) in paragraph at lines 132--133
\T1/lmr/m/n/12 CSV výstupy a generujú grafy a LaTeX-ready tabuĐky pomocou \T1/l
mtt/m/n/12 pandas\T1/lmr/m/n/12 ,
 []


Underfull \hbox (badness 1394) in paragraph at lines 142--143
 []\T1/lmr/bx/n/12 Modulárna ētruktúra.[] \T1/lmr/m/n/12 Serverová Ģasī je rozd
elená do deviatich modulov
 []


Underfull \hbox (badness 10000) in paragraph at lines 142--143
\T1/lmtt/m/n/12 ProtocolAnomalyDetector\T1/lmr/m/n/12 ), \T1/lmtt/m/n/12 access
_decision \T1/lmr/m/n/12 (\T1/lmtt/m/n/12 DecisionEngine\T1/lmr/m/n/12 , RBAC),

 []


Overfull \vbox (9.27159pt too high) has occurred while \output is active []


[4]
Underfull \hbox (badness 10000) in paragraph at lines 146--147
 []\T1/lmr/bx/n/12 Algoritmus: rozhodovacia pipeline.[] \T1/lmr/m/n/12 Hlavný a
lgoritmus serverovej
 []


Underfull \hbox (badness 4024) in paragraph at lines 146--147
\T1/lmr/m/n/12 Ģasti je obsiahnutý v \T1/lmtt/m/n/12 DecisionEngine::handleFram
eBytes \T1/lmr/m/n/12 (a podriadenej
 []


Overfull \vbox (9.27159pt too high) has occurred while \output is active []


[5]
Underfull \hbox (badness 1584) in paragraph at lines 160--161
 []\T1/lmr/bx/n/12 Hlavné implementaĢné algoritmy.[] \T1/lmtt/m/n/12 ReplayWind
ow \T1/lmr/m/n/12 kombinuje \T1/lmtt/m/n/12 std::deque
 []


Underfull \hbox (badness 6995) in paragraph at lines 160--161
\T1/lmtt/m/n/12 SqliteAuditLog \T1/lmr/m/n/12 reīazí záznamy cez \T1/lmtt/m/n/1
2 HMAC(K_audit, prev_hash $\OMS/lmsy/m/n/12 k$ \T1/lmtt/m/n/12 fields)
 []


Underfull \hbox (badness 2828) in paragraph at lines 164--165
\T1/lmtt/m/n/12 config/\T1/lmr/m/n/12 . Hlavný produkĢný profil \T1/lmtt/m/n/12
 access_security.yaml \T1/lmr/m/n/12 obsahuje ētyri
 []


Underfull \hbox (badness 1527) in paragraph at lines 166--167
\T1/lmr/m/n/12 (cesta k SQLite), \T1/lmtt/m/n/12 AdminConfig \T1/lmr/m/n/12 (HT
TP port, admin token, HMAC secret,
 []


Underfull \hbox (badness 5607) in paragraph at lines 166--167
\T1/lmr/m/n/12 decision_mode), \T1/lmtt/m/n/12 KeyManagementYaml \T1/lmr/m/n/12
 (verzia kĐúĢa, cesta k master key)
 []


Overfull \vbox (9.27159pt too high) has occurred while \output is active []


[6{/usr/share/texmf/fonts/enc/dvips/lm/lm-mathit.enc}]
Underfull \hbox (badness 10000) in paragraph at lines 190--191
 []\T1/lmr/bx/n/12 Globálne premenné.[] \T1/lmr/m/n/12 Projekt sa zámerne vyhýb
a globálnym mutable
 []


Underfull \hbox (badness 3803) in paragraph at lines 190--191
\T1/lmr/m/n/12 (v module \T1/lmtt/m/n/12 access_admin\T1/lmr/m/n/12 ), ktorá dr
ší zdieĐaný stav --- \T1/lmtt/m/n/12 DecisionEngine\T1/lmr/m/n/12 ,
 []


Underfull \hbox (badness 1895) in paragraph at lines 194--195
 []\T1/lmr/bx/n/12 Dialóg s poušívateĐom.[] \T1/lmr/m/n/12 Interakcia s adminis
trátorom prebieha výhradne
 []


Overfull \vbox (9.27159pt too high) has occurred while \output is active []


[7]
Underfull \hbox (badness 1688) in paragraph at lines 198--199
\T1/lmr/m/n/12 Globálne premenné jednotlivé moduly nepoušívajú; vēetok zdieĐaný
 stav je
 []

LaTeX Font Info:    Font shape `T1/lmtt/bx/n' in size <12> not available
(Font)              Font shape `T1/lmtt/b/n' tried instead on input line 201.

Underfull \hbox (badness 2443) in paragraph at lines 204--205
 []\T1/lmtt/b/n/12 crypto_lib\T1/lmr/bx/n/12 .[] \T1/lmr/m/n/12 Trieda \T1/lmtt
/m/n/12 SecureAead \T1/lmr/m/n/12 (\T1/lmtt/m/n/12 secure_aead.hpp\T1/lmr/m/n/1
2 ) zapuzdruje ChaCha20-
 []


Underfull \hbox (badness 3138) in paragraph at lines 204--205
\T1/lmtt/m/n/12 openWithNonce(ct, tag, aad, nonce)\T1/lmr/m/n/12 , ktorá vracia
 \T1/lmtt/m/n/12 std::vector<uint8_t>
 []


Underfull \hbox (badness 10000) in paragraph at lines 204--205
\T1/lmr/m/n/12 konkrétne triedy \T1/lmtt/m/n/12 RandomNonceGenerator \T1/lmr/m/
n/12 (libsodium \T1/lmtt/m/n/12 randombytes_buf\T1/lmr/m/n/12 )
 []


Overfull \vbox (9.27159pt too high) has occurred while \output is active []


[8]
Underfull \hbox (badness 1418) in paragraph at lines 207--208
 []\T1/lmtt/b/n/12 protocol_lib\T1/lmr/bx/n/12 .[] \T1/lmtt/m/n/12 Frame \T1/lm
r/m/n/12 (\T1/lmtt/m/n/12 frame.hpp\T1/lmr/m/n/12 ) je dátová ētruktúra obsahuj
úca \T1/lmtt/m/n/12 Header\T1/lmr/m/n/12 ,
 []


Underfull \hbox (badness 4441) in paragraph at lines 207--208
\T1/lmr/m/n/12 ciphertext, ciphertext, tag); \T1/lmtt/m/n/12 parseFrame(bytes, 
maxCtLen=4096) $\OMS/lmsy/m/n/12 !$ \T1/lmtt/m/n/12 Frame
 []


Underfull \hbox (badness 1028) in paragraph at lines 207--208
\T1/lmr/m/n/12 robí opaĢnú operáciu cez triedu \T1/lmtt/m/n/12 FrameParser \T1/
lmr/m/n/12 s ochranou proti DoS útoku.
 []


Underfull \hbox (badness 6675) in paragraph at lines 210--211
 []\T1/lmtt/b/n/12 key_manager\T1/lmr/bx/n/12 .[] \T1/lmr/m/n/12 Trieda \T1/lmt
t/m/n/12 KeyManager \T1/lmr/m/n/12 (\T1/lmtt/m/n/12 key_manager.hpp\T1/lmr/m/n/
12 ) odvodzuje podkĐúĢe
 []


Overfull \vbox (9.27159pt too high) has occurred while \output is active []


[9]
Underfull \hbox (badness 10000) in paragraph at lines 221--222
 []\T1/lmtt/b/n/12 access_core\T1/lmr/bx/n/12 .[] \T1/lmtt/m/n/12 FrameHandler:
:handle(frameBytes) $\OMS/lmsy/m/n/12 !$ \T1/lmtt/m/n/12 HandleResult \T1/lmr/m
/n/12 je
 []


Underfull \hbox (badness 4341) in paragraph at lines 221--222
\T1/lmr/m/n/12 centrálna metóda spracovania frame: parsuje, validuje ĢítaĢku a 
verziu
 []


Underfull \hbox (badness 1057) in paragraph at lines 221--222
\T1/lmr/m/n/12 kĐúĢa, volá \T1/lmtt/m/n/12 ReplayWindow::contains\T1/lmr/m/n/12
 , deriváciu kĐúĢa a AEAD deēifrovanie.
 []


Underfull \hbox (badness 10000) in paragraph at lines 221--222
\T1/lmtt/m/n/12 ProtocolAnomalyDetector \T1/lmr/m/n/12 (\T1/lmtt/m/n/12 protoco
l_anomaly_detector.hpp\T1/lmr/m/n/12 ) ponúka per-
 []


Underfull \hbox (badness 5817) in paragraph at lines 221--222
\T1/lmtt/m/n/12 reportTagFailure \T1/lmr/m/n/12 a \T1/lmtt/m/n/12 reportSuccess
\T1/lmr/m/n/12 ; spolu s dotaznými \T1/lmtt/m/n/12 isQuarantined
 []


Underfull \hbox (badness 10000) in paragraph at lines 224--225
 []\T1/lmtt/b/n/12 access_decision\T1/lmr/bx/n/12 .[] \T1/lmr/m/n/12 Hlavná met
óda \T1/lmtt/m/n/12 handleFrameBytes \T1/lmr/m/n/12 (s parametrami
 []


Underfull \hbox (badness 1173) in paragraph at lines 224--225
\T1/lmtt/m/n/12 frameBytes \T1/lmr/m/n/12 a mapou replay window podĐa ĢítaĢky) 
vracia \T1/lmtt/m/n/12 DecisionResult
 []


Underfull \hbox (badness 10000) in paragraph at lines 224--225
\T1/lmr/m/n/12 a orchestruje úplný rozhodovací cyklus: volá \T1/lmtt/m/n/12 Fra
meHandler::handle\T1/lmr/m/n/12 ,
 []


Underfull \hbox (badness 3449) in paragraph at lines 224--225
\T1/lmr/m/n/12 vyhodnotí stav anomálneho detektora, prevedie pseudonymizáciu UI
D cez
 []


Underfull \hbox (badness 1803) in paragraph at lines 227--228
 []\T1/lmtt/b/n/12 access_storage\T1/lmr/bx/n/12 .[] \T1/lmtt/m/n/12 SqliteAcce
ssStore \T1/lmr/m/n/12 implementuje rozhranie \T1/lmtt/m/n/12 IAccessStore
 []


Underfull \hbox (badness 10000) in paragraph at lines 227--228
\T1/lmr/m/n/12 vracia \T1/lmtt/m/n/12 AuditVerifyResult {bool ok, int64_t bad_i
d, std::string error}
 []


Overfull \vbox (9.27159pt too high) has occurred while \output is active []


[10]
Underfull \hbox (badness 1038) in paragraph at lines 230--231
 []\T1/lmr/bx/n/12 Pomocné moduly.[] \T1/lmr/m/n/12 Modul \T1/lmtt/m/n/12 confi
g_loader \T1/lmr/m/n/12 obsahuje jedinú verejnú funkciu
 []


Underfull \hbox (badness 1629) in paragraph at lines 233--234
 []\T1/lmr/bx/n/12 Webové rozhranie (\T1/lmtt/b/n/12 web/\T1/lmr/bx/n/12 ).[] \
T1/lmr/m/n/12 Vanilla JavaScript priamo servovaný frontend
 []


Underfull \hbox (badness 5189) in paragraph at lines 233--234
\T1/lmr/m/n/12 slušbou. Modul \T1/lmtt/m/n/12 app.js \T1/lmr/m/n/12 obsluhuje n
avigáciu medzi sekciami a spúēīa
 []


Underfull \hbox (badness 10000) in paragraph at lines 236--237
 []\T1/lmtt/b/n/12 experiments \T1/lmr/bx/n/12 (harness a scenáre).[] \T1/lmr/m
/n/12 Samostatný CMake podprojekt
 []


Underfull \hbox (badness 10000) in paragraph at lines 236--237
\T1/lmr/m/n/12 mimo produkĢného runtime, ktorý linkuje produkĢné knišnice ako
 []


Underfull \hbox (badness 1168) in paragraph at lines 236--237
\T1/lmr/m/n/12 spotrebiteĐ. Skladá sa zo statickej knišnice \T1/lmtt/m/n/12 exp
eriments_common \T1/lmr/m/n/12 a ôsmich
 []


Underfull \hbox (badness 10000) in paragraph at lines 236--237
\T1/lmr/m/n/12 samostatných spustiteĐných programov (\T1/lmtt/m/n/12 s1_replay 
\T1/lmr/m/n/12 -- \T1/lmtt/m/n/12 s7_nonce_tamper\T1/lmr/m/n/12 ).
 []


Underfull \hbox (badness 1661) in paragraph at lines 236--237
\T1/lmr/m/n/12 Verejné API tvoria: trieda \T1/lmtt/m/n/12 ExperimentContext \T1
/lmr/m/n/12 (\T1/lmtt/m/n/12 experiment_context.hpp\T1/lmr/m/n/12 ),
 []


Underfull \hbox (badness 5548) in paragraph at lines 236--237
\T1/lmr/m/n/12 ktorá pre kašdú iteráciu inētancuje vlastnú kópiu rozhodovacej p
ipeline
 []


Underfull \hbox (badness 10000) in paragraph at lines 236--237
\T1/lmr/m/n/12 a vystavuje metódu \T1/lmtt/m/n/12 processFrame(frameBytes) $\OM
S/lmsy/m/n/12 !$ \T1/lmtt/m/n/12 DecisionResult
 []


Overfull \vbox (9.27159pt too high) has occurred while \output is active []


[11]
Underfull \hbox (badness 3679) in paragraph at lines 239--240
\T1/lmtt/m/n/12 PROFILE_PALETTE\T1/lmr/m/n/12 , \T1/lmtt/m/n/12 MODE_LABELS\T1/
lmr/m/n/12 , \T1/lmtt/m/n/12 ALGO_LABELS\T1/lmr/m/n/12 , \T1/lmtt/m/n/12 SCENAR
IO_TITLES\T1/lmr/m/n/12 ) garantujú
 []


Underfull \hbox (badness 10000) in paragraph at lines 241--242
[]\T1/lmr/m/n/12 Pipeline produkuje dve kategórie výstupov do \T1/lmtt/m/n/12 a
nalysis/plots/\T1/lmr/m/n/12 :
 []


Underfull \hbox (badness 1163) in paragraph at lines 241--242
\T1/lmr/m/n/12 (a) sedem PNG grafov --- \T1/lmtt/m/n/12 attack_success_heatmap\
T1/lmr/m/n/12 , \T1/lmtt/m/n/12 attack_success_by_n\T1/lmr/m/n/12 ,
 []


Underfull \hbox (badness 10000) in paragraph at lines 241--242
\T1/lmtt/m/n/12 quarantine_speed\T1/lmr/m/n/12 , \T1/lmtt/m/n/12 latency_boxplo
t\T1/lmr/m/n/12 , \T1/lmtt/m/n/12 throughput\T1/lmr/m/n/12 , \T1/lmtt/m/n/12 de
tector_overhead
 []


Underfull \hbox (badness 2229) in paragraph at lines 241--242
\T1/lmr/m/n/12 a \T1/lmtt/m/n/12 scenario_summary_table\T1/lmr/m/n/12 , vēetky 
ulošené pri 300DPI pre tlaĢ; (b) tri
 []


Underfull \hbox (badness 10000) in paragraph at lines 241--242
\T1/lmr/m/n/12 LaTeX tabuĐky --- \T1/lmtt/m/n/12 scenario_summary.tex\T1/lmr/m/
n/12 , \T1/lmtt/m/n/12 throughput_table.tex
 []

LaTeX Font Info:    External font `lmex10' loaded for size
(Font)              <5> on input line 251.

Underfull \hbox (badness 10000) in paragraph at lines 255--255
[]\T1/lmr/m/n/10 Inkrementácia \T1/lmtt/m/n/10 hw_seq \T1/lmr/m/n/10 (NVS),
 []


Underfull \hbox (badness 10000) in paragraph at lines 257--257
[]\T1/lmr/m/n/10 Overenie HMAC podpisu
 []


Underfull \hbox (badness 10000) in paragraph at lines 258--258
[]\T1/lmr/m/n/10 Nonce, AEAD ēifrovanie,
 []


Underfull \hbox (badness 10000) in paragraph at lines 259--259
[]\T1/lmr/m/n/10 HTTP POST na loopback
 []


Underfull \hbox (badness 10000) in paragraph at lines 264--264
[]\T1/lmr/m/n/10 HKDF per-reader + AEAD
 []


Underfull \hbox (badness 2213) in paragraph at lines 277--278
\T1/lmr/m/n/12 (\T1/lmtt/m/n/12 access_core\T1/lmr/m/n/12 , \T1/lmtt/m/n/12 acc
ess_storage\T1/lmr/m/n/12 , \T1/lmtt/m/n/12 key_manager\T1/lmr/m/n/12 , \T1/lmt
t/m/n/12 protocol_lib\T1/lmr/m/n/12 , \T1/lmtt/m/n/12 crypto_lib\T1/lmr/m/n/12 
).
 []


Underfull \hbox (badness 3601) in paragraph at lines 277--278
\T1/lmr/m/n/12 iadny nišēí modul nezávisí od vyēēieho, Ģím je zaruĢená testova
teĐnosī
 []


Overfull \vbox (9.27159pt too high) has occurred while \output is active []


[12]
Overfull \vbox (9.27159pt too high) has occurred while \output is active []


[13]
Underfull \hbox (badness 5939) in paragraph at lines 284--285
 []\T1/lmr/bx/n/12 ProdukĢné vstupy.[] \T1/lmr/m/n/12 Systém vyšaduje tri vstup
né súbory (tabuĐka [][]3--
 []


Underfull \hbox (badness 1320) in paragraph at lines 284--285
\T1/lmr/m/n/12 3[][]): \T1/lmtt/m/n/12 config/access_security.yaml \T1/lmr/m/n/
12 (jediný súbor upravovaný pri nasadení),
 []


Underfull \hbox (badness 10000) in paragraph at lines 284--285
\T1/lmtt/m/n/12 secrets/master_key.hex \T1/lmr/m/n/12 (jednorázovo generovaný, 
mimo repozitára)
 []


Underfull \hbox (badness 10000) in paragraph at lines 293--293
[]\T1/lmr/m/n/10 Hlavný konfiguraĢný súbor so
 []


Underfull \hbox (badness 1796) in paragraph at lines 293--293
\T1/lmr/m/n/10 ētyrmi sekciami: \T1/lmtt/m/n/10 frame_handler
 []


Underfull \hbox (badness 10000) in paragraph at lines 293--293
\T1/lmtt/m/n/10 key_management \T1/lmr/m/n/10 (verzia kĐúĢa,
 []


Underfull \hbox (badness 6493) in paragraph at lines 293--293
\T1/lmr/m/n/10 cesta k master key), \T1/lmtt/m/n/10 storage
 []


Underfull \hbox (badness 3579) in paragraph at lines 293--293
\T1/lmr/m/n/10 (cesta k SQLite), \T1/lmtt/m/n/10 admin \T1/lmr/m/n/10 (port,
 []


Underfull \hbox (badness 10000) in paragraph at lines 293--293
\T1/lmr/m/n/10 token, HMAC secret, decision
 []


Underfull \hbox (badness 10000) in paragraph at lines 294--294
[]\T1/lmr/m/n/10 64 hexadecimálnych znakov
 []


Underfull \hbox (badness 10000) in paragraph at lines 294--294
\T1/lmr/m/n/10 (32 bajtov po dekódovaní).
 []


Underfull \hbox (badness 10000) in paragraph at lines 294--294
\T1/lmr/m/n/10 ZdieĐané tajomstvo pre HKDF
 []


Underfull \hbox (badness 10000) in paragraph at lines 295--295
[]\T1/lmr/m/n/10 Konfigurácia firmvéru: Wi-
 []


Underfull \hbox (badness 10000) in paragraph at lines 295--295
\T1/lmr/m/n/10 Fi prístupové údaje, URL
 []


Underfull \hbox (badness 4316) in paragraph at lines 295--295
\T1/lmr/m/n/10 servera, HMAC secret, identita
 []


Underfull \hbox (badness 3118) in paragraph at lines 295--295
\T1/lmr/m/n/10 ĢítaĢky, priradenie GPIO pinov,
 []


Underfull \hbox (badness 10000) in paragraph at lines 295--295
\T1/lmr/m/n/10 Ģasové konētanty (popísané
 []


Overfull \vbox (9.27159pt too high) has occurred while \output is active []


[14]
Overfull \vbox (9.27159pt too high) has occurred while \output is active []


[15]
Underfull \hbox (badness 10000) in paragraph at lines 303--304
 []\T1/lmr/bx/n/12 Vstupné súbory experimentov.[] \T1/lmr/m/n/12 Experimentálny
 harness nevyšaduje
 []


Underfull \hbox (badness 1810) in paragraph at lines 303--304
\T1/lmtt/m/n/12 allProfiles()\T1/lmr/m/n/12 , Ģím sa eliminuje závislosī na ext
erných súboroch a riziko
 []


Underfull \hbox (badness 2538) in paragraph at lines 312--312
[]\T1/lmr/m/n/10 Základ pre seed behov ($\OT1/lmr/m/n/10 42 +
 []


Underfull \hbox (badness 10000) in paragraph at lines 313--313
[]\T1/lmr/m/n/10 PoĢet warmup frame
 []


Underfull \hbox (badness 3668) in paragraph at lines 314--314
[]\T1/lmr/m/n/10 PoĢet baseline frame (validné,
 []


Underfull \hbox (badness 1062) in paragraph at lines 315--315
[]\T1/lmr/m/n/10 PoĢet opakovaní pre ētatistickú
 []


Underfull \hbox (badness 6758) in paragraph at lines 317--317
[]\T1/lmr/m/n/10 Filter na jeden profil (napr.
 []


Underfull \hbox (badness 10000) in paragraph at lines 324--325
 []\T1/lmr/bx/n/12 Výstupné súbory experimentov.[] \T1/lmr/m/n/12 Kašdý zo 8 sc
enárov produkuje
 []


Underfull \hbox (badness 5607) in paragraph at lines 324--325
\T1/lmr/m/n/12 jeden CSV súbor s názvom zhodným so scenárom (\T1/lmtt/m/n/12 s1
_replay.csv \T1/lmr/m/n/12 aš
 []


Underfull \hbox (badness 3199) in paragraph at lines 324--325
\T1/lmtt/m/n/12 s7_nonce_tamper.csv \T1/lmr/m/n/12 vrátane variantu \T1/lmtt/m/
n/12 s3_cross_reader.csv\T1/lmr/m/n/12 ) do adresára
 []


Overfull \hbox (13.79169pt too wide) in paragraph at lines 324--325
\T1/lmtt/m/n/12 build/experiments/results/ \T1/lmr/m/n/12 (in-process) alebo \T
1/lmtt/m/n/12 build/experiments/results_e2e/
 []


Underfull \hbox (badness 3271) in paragraph at lines 324--325
\T1/lmr/m/n/12 pipeline (\T1/lmtt/m/n/12 pandas.read_csv\T1/lmr/m/n/12 ) a mošn
osī manuálnej inēpekcie v tabuĐkovom
 []


Overfull \vbox (9.27159pt too high) has occurred while \output is active []


[16]
Underfull \hbox (badness 10000) in paragraph at lines 326--327
\T1/lmtt/m/n/12 nonce_mode\T1/lmr/m/n/12 , \T1/lmtt/m/n/12 detector_enabled \T1
/lmr/m/n/12 (konfigurácia behu); \T1/lmtt/m/n/12 scenario\T1/lmr/m/n/12 , \T1/l
mtt/m/n/12 phase
 []


Underfull \hbox (badness 3439) in paragraph at lines 338--338
[]\T1/lmr/m/n/10 Heatmapa úspeēnosti útokov
 []


Underfull \hbox (badness 2617) in paragraph at lines 341--341
[]\T1/lmr/m/n/10 Distribúcia latencie (baseline
 []


Underfull \hbox (badness 10000) in paragraph at lines 342--342
[]\T1/lmr/m/n/10 Priepustnosī a percentily
 []


Underfull \hbox (badness 6775) in paragraph at lines 343--343
[]\T1/lmr/m/n/10 Porovnanie R1 vs. R2 na
 []


Underfull \hbox (badness 1629) in paragraph at lines 345--345
[]\T1/lmr/m/n/10 TabuĐka výsledkov (vkladaná
 []


Underfull \hbox (badness 7832) in paragraph at lines 346--346
[]\T1/lmr/m/n/10 Výkonnostné metriky (FPS,
 []


Underfull \hbox (badness 10000) in paragraph at lines 359--360
[]\T1/lmtt/m/n/12 Admin server: http://0.0.0.0:8080 \T1/lmr/m/n/12 --- frontend
 slušba úspeēne
 []


Overfull \vbox (9.27159pt too high) has occurred while \output is active []


[17]
Overfull \vbox (9.27159pt too high) has occurred while \output is active []


[18]
Underfull \hbox (badness 1097) in paragraph at lines 365--366
\T1/lmr/m/n/12 Detailné prevádzkové udalosti (rozhodnutia o prístupe, detekovan
é anomálie,
 []


Overfull \vbox (9.27159pt too high) has occurred while \output is active []


[19]
Underfull \hbox (badness 3209) in paragraph at lines 378--379
 []\T1/lmr/bx/n/12 Docker nasadenie.[] \T1/lmr/m/n/12 Multi-stage \T1/lmtt/m/n/
12 Dockerfile\T1/lmr/m/n/12 : \T1/lmr/bx/n/12 builder \T1/lmr/m/n/12 (\T1/lmtt/
m/n/12 ubuntu:24.04 \T1/lmr/m/n/12 +
 []


pdfTeX warning (ext4): destination with the same identifier (name{table.1}) has
 been already used, duplicate ignored
<to be read again> 
                   \relax 
l.391 ...erovej aplikÃĄcie (C++20) podÄūa modulov}
                                                  \label{t:src-server}
Underfull \hbox (badness 10000) in paragraph at lines 393--393
[]\T1/lmr/bx/n/10 Hlavná
 []


Underfull \hbox (badness 10000) in paragraph at lines 394--394
[]\T1/lmr/m/n/10 AEAD, HKDF,
 []


Underfull \hbox (badness 10000) in paragraph at lines 394--394
\T1/lmr/m/n/10 HMAC, nonce
 []


Underfull \hbox (badness 1688) in paragraph at lines 396--396
[]\T1/lmr/m/n/10 HKDF derivácia, hex
 []


Underfull \hbox (badness 10000) in paragraph at lines 397--397
[]\T1/lmr/m/n/10 FrameHandler,
 []


Underfull \hbox (badness 10000) in paragraph at lines 398--398
[]\T1/lmr/m/n/10 DecisionEngine,
 []


Underfull \hbox (badness 10000) in paragraph at lines 399--399
[]\T1/lmr/m/n/10 SQLite, audit log,
 []


Underfull \hbox (badness 10000) in paragraph at lines 400--400
[]\T1/lmr/m/n/10 NaĢítanie YAML
 []


Underfull \hbox (badness 1546) in paragraph at lines 402--402
[]\T1/lmr/m/n/10 HTTP server, slušby,
 []


Underfull \hbox (badness 10000) in paragraph at lines 403--403
[]\T1/lmr/m/n/10 76 zdrojových +
 []


Underfull \hbox (badness 1112) in paragraph at lines 407--408
\T1/lmr/m/n/12 Ostatné komponenty: \T1/lmtt/m/n/12 experiments/ \T1/lmr/m/n/12 
--- 20 súborov C++ (6 spoloĢných +
 []


Overfull \vbox (9.27159pt too high) has occurred while \output is active []


[20]
Overfull \vbox (9.27159pt too high) has occurred while \output is active []


[21]
pdfTeX warning (ext4): destination with the same identifier (name{table.2}) has
 been already used, duplicate ignored
<to be read again> 
                   \relax 
l.417 ...on{PoÅūiadavky na technickÃĐ prostriedky}
                                                  \label{t:hw-req}
Underfull \hbox (badness 1527) in paragraph at lines 420--420
\T1/lmr/m/n/10 2 jadrá (4+ pre paralelný
 []


Underfull \hbox (badness 2376) in paragraph at lines 420--420
[]\T1/lmr/m/n/10 x86-64 alebo ARM64; 1+
 []


Underfull \hbox (badness 10000) in paragraph at lines 421--421
[]\T1/lmr/m/n/10 Min. 2GB (4GB
 []


Underfull \hbox (badness 10000) in paragraph at lines 422--422
[]$[]\OT1/lmr/m/n/10 150$\T1/lmr/m/n/10 MB (Docker obraz
 []


Underfull \hbox (badness 10000) in paragraph at lines 423--423
[]\T1/lmr/m/n/10 Wi-Fi pre komunikáciu
 []


pdfTeX warning (ext4): destination with the same identifier (name{table.3}) has
 been already used, duplicate ignored
<to be read again> 
                   \relax 
l.438 ...n{PoÅūiadavky na programovÃĐ prostriedky}
                                                  \label{t:sw-req}
Underfull \hbox (badness 2035) in paragraph at lines 446--446
[]\T1/lmr/m/n/10 libsodium, nlohmann/json, yaml-
 []


Overfull \vbox (9.27159pt too high) has occurred while \output is active []


[22]
Overfull \vbox (9.27159pt too high) has occurred while \output is active []


[23]
pdfTeX warning (ext4): destination with the same identifier (name{table.1}) has
 been already used, duplicate ignored
<to be read again> 
                   \relax 
l.471 ...{ExternÃĐ produkty a~ich rola v~systÃĐme}
                                                  \label{t:ext-deps}
Underfull \hbox (badness 1845) in paragraph at lines 475--475
[]\T1/lmr/m/n/10 AEAD, HMAC, HKDF,
 []


Underfull \hbox (badness 10000) in paragraph at lines 475--475
\T1/lmr/m/n/10 randombytes, constant-
 []


Underfull \hbox (badness 10000) in paragraph at lines 475--475
[]\T1/lmr/m/n/10 FetchContent (zdrojový
 []


Underfull \hbox (badness 10000) in paragraph at lines 477--477
[]\T1/lmr/m/n/10 Header-only,
 []


Underfull \hbox (badness 10000) in paragraph at lines 478--478
[]\T1/lmr/m/n/10 JSON
 []


Underfull \hbox (badness 10000) in paragraph at lines 478--478
[]\T1/lmr/m/n/10 Header-only,
 []


Underfull \hbox (badness 10000) in paragraph at lines 479--479
[]\T1/lmr/m/n/10 NaĢítanie YAML
 []


Underfull \hbox (badness 10000) in paragraph at lines 483--483
[]\T1/lmr/m/n/10 OvládaĢ RFID ĢítaĢky
 []


Underfull \hbox (badness 10000) in paragraph at lines 484--484
[]\T1/lmr/m/n/10 HMAC-SHA-256 pre
 []


Underfull \hbox (badness 1484) in paragraph at lines 486--486
[]\T1/lmr/m/n/10 Spracovanie CSV, grafy,
 []


Underfull \hbox (badness 10000) in paragraph at lines 487--487
[]\T1/lmr/m/n/10 Kontajnerizácia (multi-
 []


Overfull \vbox (9.27159pt too high) has occurred while \output is active []


[24]
Overfull \vbox (9.27159pt too high) has occurred while \output is active []


[25]
Underfull \hbox (badness 2334) in paragraph at lines 504--505
\T1/lmr/m/n/12 ktorý striedaním platných a neplatných frame obchádza \T1/lmtt/m
/n/12 tag_fail_streak\T1/lmr/m/n/12 .
 []


Underfull \hbox (badness 1874) in paragraph at lines 507--508
\T1/lmr/m/n/12 tamper-evident audit) poskytuje merateĐne vyēēiu odolnosī voĢi t
estovaným
 []

(./feidipsp.bbl
Overfull \vbox (9.27159pt too high) has occurred while \output is active []


[26]
Underfull \hbox (badness 1502) in paragraph at lines 23--27
[]\T1/lmr/m/n/12 Frank Denis.  The Sodium cryptography library (libsodium).  On
line
 []


Underfull \hbox (badness 2556) in paragraph at lines 29--34
\T1/lmr/m/n/12 Systems, 2024.  Available from: [][]$\T1/lmtt/m/n/12 https : / /
 www . espressif . com / sites /
 []


Underfull \hbox (badness 10000) in paragraph at lines 29--34
\T1/lmtt/m/n/12 default / files / documentation / esp32 _ technical _ reference
 _ manual _ en .
 []


Underfull \hbox (badness 4072) in paragraph at lines 57--61
[]\T1/lmr/m/n/12 International Organization for Standardization.  ISO/IEC 14443
:2018
 []


Overfull \vbox (9.27159pt too high) has occurred while \output is active []


[27]
Underfull \hbox (badness 2050) in paragraph at lines 82--88
\T1/lmr/m/n/12 NSA/IAD, 2012.  Available from: [][]$\T1/lmtt/m/n/12 https : / /
 apps . nsa . gov / iaarchive /
 []


Underfull \hbox (badness 10000) in paragraph at lines 96--101
[]\T1/lmr/m/n/12 Private Internet Access and NCC Group.  Libsodium Security
 []


Underfull \hbox (badness 10000) in paragraph at lines 96--101
\T1/lmr/m/n/12 Assessment.  Private Internet Access, 2017.  Available
 []


Underfull \hbox (badness 10000) in paragraph at lines 96--101
\T1/lmr/m/n/12 from: [][]$\T1/lmtt/m/n/12 https : / / www . privateinternetacce
ss . com / blog /
 []

)
Underfull \hbox (badness 3965) in paragraph at lines 513--514
\T1/lmr/m/n/12 Prilošené elektronické médium obsahuje vetvu \T1/lmtt/m/n/12 ana
lytical \T1/lmr/m/n/12 Git repozitára
 []


Underfull \hbox (badness 4254) in paragraph at lines 513--514
\T1/lmr/m/n/12 so ētruktúrou: deväī produkĢných modulov (\T1/lmtt/m/n/12 crypto
_lib\T1/lmr/m/n/12 , \T1/lmtt/m/n/12 protocol_lib\T1/lmr/m/n/12 ,
 []


Underfull \hbox (badness 4846) in paragraph at lines 513--514
\T1/lmr/m/n/12 (Python pipeline), \T1/lmtt/m/n/12 config/ \T1/lmr/m/n/12 (YAML 
konfigurácie), \T1/lmtt/m/n/12 cmake_other/ \T1/lmr/m/n/12 (CMake
 []


Overfull \vbox (9.27159pt too high) has occurred while \output is active []


[28]
Overfull \vbox (9.27159pt too high) has occurred while \output is active []


[29] (./feidipsp.aux)
 ***********
LaTeX2e <2023-11-01> patch level 1
L3 programming layer <2024-01-22>
 ***********
Package rerunfilecheck Info: File `feidipsp.out' has not changed.
(rerunfilecheck)             Checksum: 74F71C1F0C0E12D7E000EE5E4B261C72;3580.
 ) 
Here is how much of TeX's memory you used:
 13590 strings out of 476182
 206137 string characters out of 5795596
 1939975 words of memory out of 5000000
 35252 multiletter control sequences out of 15000+600000
 644899 words of font info for 108 fonts, out of 8000000 for 9000
 14 hyphenation exceptions out of 8191
 75i,14n,79p,1390b,602s stack positions out of 10000i,1000n,20000p,200000b,200000s
</usr/share/texmf/fonts/type1/public/lm/lmbx10.pfb></usr/share/texmf/fonts/ty
pe1/public/lm/lmbx12.pfb></usr/share/texmf/fonts/type1/public/lm/lmmi12.pfb></u
sr/share/texmf/fonts/type1/public/lm/lmr10.pfb></usr/share/texmf/fonts/type1/pu
blic/lm/lmr12.pfb></usr/share/texmf/fonts/type1/public/lm/lmr17.pfb></usr/share
/texmf/fonts/type1/public/lm/lmr7.pfb></usr/share/texmf/fonts/type1/public/lm/l
mr8.pfb></usr/share/texmf/fonts/type1/public/lm/lmri10.pfb></usr/share/texmf/fo
nts/type1/public/lm/lmri12.pfb></usr/share/texmf/fonts/type1/public/lm/lmsy10.p
fb></usr/share/texmf/fonts/type1/public/lm/lmtk10.pfb></usr/share/texmf/fonts/t
ype1/public/lm/lmtt10.pfb></usr/share/texmf/fonts/type1/public/lm/lmtt12.pfb></
usr/share/texmf/fonts/type1/public/lm/lmtti10.pfb>
Output written on feidipsp.pdf (32 pages, 440194 bytes).
PDF statistics:
 482 PDF objects out of 1000 (max. 8388607)
 410 compressed objects within 5 object streams
 117 named destinations out of 1000 (max. 500000)
 129 words of extra memory for PDF output out of 10000 (max. 10000000)

