This is pdfTeX, Version 3.141592653-2.6-1.40.25 (TeX Live 2023/Debian) (preloaded format=pdflatex 2026.4.6)  13 APR 2026 00:53
entering extended mode
 restricted \write18 enabled.
 %&-line parsing enabled.
**tukedip.tex
(./tukedip.tex
LaTeX2e <2023-11-01> patch level 1
L3 programming layer <2024-01-22>
(./tukediphc.cls
Document Class: tukediphc 2012/04/22 v2.0 TUKE thesis class
Class tukediphc Info: Technical University of Kosice (official)
(tukediphc)           Bachelor's/Master's thesis document class.
(/usr/share/texlive/texmf-dist/tex/latex/base/inputenc.sty
Package: inputenc 2021/02/14 v1.3d Input encoding file
\inpenc@prehook=\toks17
\inpenc@posthook=\toks18
)
(/usr/share/texlive/texmf-dist/tex/latex/base/fontenc.sty
Package: fontenc 2021/04/29 v2.0v Standard LaTeX package
)
\c@part=\count187
\c@section=\count188
\c@subsection=\count189
\c@subsubsection=\count190
\c@paragraph=\count191
\c@subparagraph=\count192
\c@figure=\count193
\c@table=\count194
\abovecaptionskip=\skip48
\belowcaptionskip=\skip49
\bibindent=\dimen140
)
(/usr/share/texlive/texmf-dist/tex/latex/graphics/graphicx.sty
Package: graphicx 2021/09/16 v1.2d Enhanced LaTeX Graphics (DPC,SPQR)

(/usr/share/texlive/texmf-dist/tex/latex/graphics/keyval.sty
Package: keyval 2022/05/29 v1.15 key=value parser (DPC)
\KV@toks@=\toks19
)
(/usr/share/texlive/texmf-dist/tex/latex/graphics/graphics.sty
Package: graphics 2022/03/10 v1.4e Standard LaTeX Graphics (DPC,SPQR)

(/usr/share/texlive/texmf-dist/tex/latex/graphics/trig.sty
Package: trig 2021/08/11 v1.11 sin cos tan (DPC)
)
(/usr/share/texlive/texmf-dist/tex/latex/graphics-cfg/graphics.cfg
File: graphics.cfg 2016/06/04 v1.11 sample graphics configuration
)
Package graphics Info: Driver file: pdftex.def on input line 107.

(/usr/share/texlive/texmf-dist/tex/latex/graphics-def/pdftex.def
File: pdftex.def 2022/09/22 v1.2b Graphics/color driver for pdftex
))
\Gin@req@height=\dimen141
\Gin@req@width=\dimen142
)
(/usr/share/texmf/tex/latex/lm/lmodern.sty
Package: lmodern 2015/05/01 v1.6.1 Latin Modern Fonts
LaTeX Font Info:    Overwriting symbol font `operators' in version `normal'
(Font)                  OT1/cmr/m/n --> OT1/lmr/m/n on input line 22.
LaTeX Font Info:    Overwriting symbol font `letters' in version `normal'
(Font)                  OML/cmm/m/it --> OML/lmm/m/it on input line 23.
LaTeX Font Info:    Overwriting symbol font `symbols' in version `normal'
(Font)                  OMS/cmsy/m/n --> OMS/lmsy/m/n on input line 24.
LaTeX Font Info:    Overwriting symbol font `largesymbols' in version `normal'
(Font)                  OMX/cmex/m/n --> OMX/lmex/m/n on input line 25.
LaTeX Font Info:    Overwriting symbol font `operators' in version `bold'
(Font)                  OT1/cmr/bx/n --> OT1/lmr/bx/n on input line 26.
LaTeX Font Info:    Overwriting symbol font `letters' in version `bold'
(Font)                  OML/cmm/b/it --> OML/lmm/b/it on input line 27.
LaTeX Font Info:    Overwriting symbol font `symbols' in version `bold'
(Font)                  OMS/cmsy/b/n --> OMS/lmsy/b/n on input line 28.
LaTeX Font Info:    Overwriting symbol font `largesymbols' in version `bold'
(Font)                  OMX/cmex/m/n --> OMX/lmex/m/n on input line 29.
LaTeX Font Info:    Overwriting math alphabet `\mathbf' in version `normal'
(Font)                  OT1/cmr/bx/n --> OT1/lmr/bx/n on input line 31.
LaTeX Font Info:    Overwriting math alphabet `\mathsf' in version `normal'
(Font)                  OT1/cmss/m/n --> OT1/lmss/m/n on input line 32.
LaTeX Font Info:    Overwriting math alphabet `\mathit' in version `normal'
(Font)                  OT1/cmr/m/it --> OT1/lmr/m/it on input line 33.
LaTeX Font Info:    Overwriting math alphabet `\mathtt' in version `normal'
(Font)                  OT1/cmtt/m/n --> OT1/lmtt/m/n on input line 34.
LaTeX Font Info:    Overwriting math alphabet `\mathbf' in version `bold'
(Font)                  OT1/cmr/bx/n --> OT1/lmr/bx/n on input line 35.
LaTeX Font Info:    Overwriting math alphabet `\mathsf' in version `bold'
(Font)                  OT1/cmss/bx/n --> OT1/lmss/bx/n on input line 36.
LaTeX Font Info:    Overwriting math alphabet `\mathit' in version `bold'
(Font)                  OT1/cmr/bx/it --> OT1/lmr/bx/it on input line 37.
LaTeX Font Info:    Overwriting math alphabet `\mathtt' in version `bold'
(Font)                  OT1/cmtt/m/n --> OT1/lmtt/m/n on input line 38.
)
(/usr/share/texlive/texmf-dist/tex/latex/textcase/textcase.sty
Package: textcase 2023/07/27 v1.04 Text only upper/lower case changing (DPC)
Package textcase Info: Defining Legacy names on input line 20.
)
(/usr/share/texlive/texmf-dist/tex/generic/babel/babel.sty
Package: babel 2024/01/07 v24.1 The Babel package
\babel@savecnt=\count195
\U@D=\dimen143
\l@unhyphenated=\language5

(/usr/share/texlive/texmf-dist/tex/generic/babel/txtbabel.def)
\bbl@readstream=\read2
\bbl@dirlevel=\count196


! Package babel Error: Unknown option 'slovak'. Either you misspelled it
(babel)                or the language definition file slovak.ldf
(babel)                was not found.
(babel)                There is a locale ini file for this language.
(babel)                If itās the main language, try adding `provide=*'
(babel)                to the babel package options.

See the babel package documentation for explanation.
Type  H <return>  for immediate help.
 ...                                              
                                                  
l.4291 \ProcessOptions*
                       
Valid options are, among others: shorthands=, KeepShorthandsActive,
activeacute, activegrave, noconfigs, safe=, main=, math=
headfoot=, strings=, config=, hyphenmap=, or a language name.

Package babel Info: You haven't specified a language as a class or package
(babel)             option. I'll load 'nil'. Reported on input line 4342.
(/usr/share/texlive/texmf-dist/tex/generic/babel/nil.ldf
Language: nil 2024/01/07 v24.1 Nil language
\l@nil=\language6
))
(/usr/share/texlive/texmf-dist/tex/latex/base/latexsym.sty
Package: latexsym 1998/08/17 v2.2e Standard LaTeX package (lasy symbols)
\symlasy=\mathgroup4
LaTeX Font Info:    Overwriting symbol font `lasy' in version `bold'
(Font)                  U/lasy/m/n --> U/lasy/b/n on input line 52.
)
(/usr/share/texlive/texmf-dist/tex/latex/tools/dcolumn.sty
Package: dcolumn 2023/07/08 v1.06 decimal alignment package (DPC)

(/usr/share/texlive/texmf-dist/tex/latex/tools/array.sty
Package: array 2023/10/16 v2.5g Tabular extension package (FMi)
\col@sep=\dimen144
\ar@mcellbox=\box51
\extrarowheight=\dimen145
\NC@list=\toks20
\extratabsurround=\skip50
\backup@length=\skip51
\ar@cellbox=\box52
))
(/usr/share/texlive/texmf-dist/tex/latex/tools/hhline.sty
Package: hhline 2020/01/04 v2.04 Table rule package (DPC)
)
(/usr/share/texlive/texmf-dist/tex/latex/amsmath/amsmath.sty
Package: amsmath 2023/05/13 v2.17o AMS math features
\@mathmargin=\skip52

For additional information on amsmath, use the `?' option.
(/usr/share/texlive/texmf-dist/tex/latex/amsmath/amstext.sty
Package: amstext 2021/08/26 v2.01 AMS text

(/usr/share/texlive/texmf-dist/tex/latex/amsmath/amsgen.sty
File: amsgen.sty 1999/11/30 v2.0 generic functions
\@emptytoks=\toks21
\ex@=\dimen146
))
(/usr/share/texlive/texmf-dist/tex/latex/amsmath/amsbsy.sty
Package: amsbsy 1999/11/29 v1.2d Bold Symbols
\pmbraise@=\dimen147
)
(/usr/share/texlive/texmf-dist/tex/latex/amsmath/amsopn.sty
Package: amsopn 2022/04/08 v2.04 operator names
)
\inf@bad=\count197
LaTeX Info: Redefining \frac on input line 234.
\uproot@=\count198
\leftroot@=\count199
LaTeX Info: Redefining \overline on input line 399.
LaTeX Info: Redefining \colon on input line 410.
\classnum@=\count266
\DOTSCASE@=\count267
LaTeX Info: Redefining \ldots on input line 496.
LaTeX Info: Redefining \dots on input line 499.
LaTeX Info: Redefining \cdots on input line 620.
\Mathstrutbox@=\box53
\strutbox@=\box54
LaTeX Info: Redefining \big on input line 722.
LaTeX Info: Redefining \Big on input line 723.
LaTeX Info: Redefining \bigg on input line 724.
LaTeX Info: Redefining \Bigg on input line 725.
\big@size=\dimen148
LaTeX Font Info:    Redeclaring font encoding OML on input line 743.
LaTeX Font Info:    Redeclaring font encoding OMS on input line 744.
\macc@depth=\count268
LaTeX Info: Redefining \bmod on input line 905.
LaTeX Info: Redefining \pmod on input line 910.
LaTeX Info: Redefining \smash on input line 940.
LaTeX Info: Redefining \relbar on input line 970.
LaTeX Info: Redefining \Relbar on input line 971.
\c@MaxMatrixCols=\count269
\dotsspace@=\muskip16
\c@parentequation=\count270
\dspbrk@lvl=\count271
\tag@help=\toks22
\row@=\count272
\column@=\count273
\maxfields@=\count274
\andhelp@=\toks23
\eqnshift@=\dimen149
\alignsep@=\dimen150
\tagshift@=\dimen151
\tagwidth@=\dimen152
\totwidth@=\dimen153
\lineht@=\dimen154
\@envbody=\toks24
\multlinegap=\skip53
\multlinetaggap=\skip54
\mathdisplay@stack=\toks25
LaTeX Info: Redefining \[ on input line 2953.
LaTeX Info: Redefining \] on input line 2954.
)
(/usr/share/texlive/texmf-dist/tex/latex/amsfonts/amsfonts.sty
Package: amsfonts 2013/01/14 v3.01 Basic AMSFonts support
\symAMSa=\mathgroup5
\symAMSb=\mathgroup6
LaTeX Font Info:    Redeclaring math symbol \hbar on input line 98.
LaTeX Font Info:    Overwriting math alphabet `\mathfrak' in version `bold'
(Font)                  U/euf/m/n --> U/euf/b/n on input line 106.
)
(/usr/share/texlive/texmf-dist/tex/latex/amsfonts/amssymb.sty
Package: amssymb 2013/01/14 v3.01 AMS font symbols
) (./nicefrac.sty
Package: nicefrac 1998/08/04 v0.9b Nice fractions
\L@UnitsRaiseDisplaystyle=\skip55
\L@UnitsRaiseTextstyle=\skip56
\L@UnitsRaiseScriptstyle=\skip57

(/usr/share/texlive/texmf-dist/tex/latex/base/ifthen.sty
Package: ifthen 2022/04/13 v1.1d Standard LaTeX ifthen package (DPC)
))
(/usr/share/texlive/texmf-dist/tex/latex/was/upgreek.sty
Package: upgreek 2003/02/12 v2.0 (WaS)
Package upgreek Info: Using Euler Roman for upright Greek on input line 31.
\symugrf@m=\mathgroup7
LaTeX Font Info:    Overwriting symbol font `ugrf@m' in version `bold'
(Font)                  U/eur/m/n --> U/eur/b/n on input line 38.
)
(/usr/share/texlive/texmf-dist/tex/latex/tools/showkeys.sty
Package: showkeys 2023/07/08 v3.19 Show cite and label keys (DPC, MH)
) (./nomencl.sty
Package: nomencl 2000/12/03 v3.1a Nomenclature package (BS)
\nomlabelwidth=\dimen155
\nom@tempdim=\dimen156
\nomitemsep=\skip58
)
\@glossaryfile=\write3
\openout3 = `tukedip.glo'.


Writing glossary file tukedip.glo
(/usr/share/texlive/texmf-dist/tex/latex/booktabs/booktabs.sty
Package: booktabs 2020/01/12 v1.61803398 Publication quality tables
\heavyrulewidth=\dimen157
\lightrulewidth=\dimen158
\cmidrulewidth=\dimen159
\belowrulesep=\dimen160
\belowbottomsep=\dimen161
\aboverulesep=\dimen162
\abovetopsep=\dimen163
\cmidrulesep=\dimen164
\cmidrulekern=\dimen165
\defaultaddspace=\dimen166
\@cmidla=\count275
\@cmidlb=\count276
\@aboverulesep=\dimen167
\@belowrulesep=\dimen168
\@thisruleclass=\count277
\@lastruleclass=\count278
\@thisrulewidth=\dimen169
)
(/usr/share/texlive/texmf-dist/tex/latex/enumitem/enumitem.sty
Package: enumitem 2019/06/20 v3.9 Customized lists
\labelindent=\skip59
\enit@outerparindent=\dimen170
\enit@toks=\toks26
\enit@inbox=\box55
\enit@count@id=\count279
\enitdp@description=\count280
)
(/usr/share/texlive/texmf-dist/tex/latex/base/textcomp.sty
Package: textcomp 2020/02/02 v2.0n Standard LaTeX package
)
(/usr/share/texlive/texmf-dist/tex/latex/tools/verbatim.sty
Package: verbatim 2023-11-06 v1.5v LaTeX2e package for verbatim enhancements
\every@verbatim=\toks27
\verbatim@line=\toks28
\verbatim@in@stream=\read3
)
(/usr/share/texlive/texmf-dist/tex/latex/float/float.sty
Package: float 2001/11/08 v1.3d Float enhancements (AL)
\c@float@type=\count281
\float@exts=\toks29
\float@box=\box56
\@float@everytoks=\toks30
\@floatcapt=\box57
)
(/usr/share/texlive/texmf-dist/tex/latex/natbib/natbib.sty
Package: natbib 2010/09/13 8.31b (PWD, AO)
\bibhang=\skip60
\bibsep=\skip61
LaTeX Info: Redefining \cite on input line 694.
\c@NAT@ctr=\count282
)
(/usr/share/texlive/texmf-dist/tex/latex/hyperref/hyperref.sty
Package: hyperref 2024-01-20 v7.01h Hypertext links for LaTeX

(/usr/share/texlive/texmf-dist/tex/generic/iftex/iftex.sty
Package: iftex 2022/02/03 v1.0f TeX engine tests
)
(/usr/share/texlive/texmf-dist/tex/latex/kvsetkeys/kvsetkeys.sty
Package: kvsetkeys 2022-10-05 v1.19 Key value parser (HO)
)
(/usr/share/texlive/texmf-dist/tex/generic/kvdefinekeys/kvdefinekeys.sty
Package: kvdefinekeys 2019-12-19 v1.6 Define keys (HO)
)
(/usr/share/texlive/texmf-dist/tex/generic/pdfescape/pdfescape.sty
Package: pdfescape 2019/12/09 v1.15 Implements pdfTeX's escape features (HO)

(/usr/share/texlive/texmf-dist/tex/generic/ltxcmds/ltxcmds.sty
Package: ltxcmds 2023-12-04 v1.26 LaTeX kernel commands for general use (HO)
)
(/usr/share/texlive/texmf-dist/tex/generic/pdftexcmds/pdftexcmds.sty
Package: pdftexcmds 2020-06-27 v0.33 Utility functions of pdfTeX for LuaTeX (HO
)

(/usr/share/texlive/texmf-dist/tex/generic/infwarerr/infwarerr.sty
Package: infwarerr 2019/12/03 v1.5 Providing info/warning/error messages (HO)
)
Package pdftexcmds Info: \pdf@primitive is available.
Package pdftexcmds Info: \pdf@ifprimitive is available.
Package pdftexcmds Info: \pdfdraftmode found.
))
(/usr/share/texlive/texmf-dist/tex/latex/hycolor/hycolor.sty
Package: hycolor 2020-01-27 v1.10 Color options for hyperref/bookmark (HO)
)
(/usr/share/texlive/texmf-dist/tex/latex/auxhook/auxhook.sty
Package: auxhook 2019-12-17 v1.6 Hooks for auxiliary files (HO)
)
(/usr/share/texlive/texmf-dist/tex/latex/hyperref/nameref.sty
Package: nameref 2023-11-26 v2.56 Cross-referencing by name of section

(/usr/share/texlive/texmf-dist/tex/latex/refcount/refcount.sty
Package: refcount 2019/12/15 v3.6 Data extraction from label references (HO)
)
(/usr/share/texlive/texmf-dist/tex/generic/gettitlestring/gettitlestring.sty
Package: gettitlestring 2019/12/15 v1.6 Cleanup title references (HO)

(/usr/share/texlive/texmf-dist/tex/latex/kvoptions/kvoptions.sty
Package: kvoptions 2022-06-15 v3.15 Key value format for package options (HO)
))
\c@section@level=\count283
)
(/usr/share/texlive/texmf-dist/tex/latex/etoolbox/etoolbox.sty
Package: etoolbox 2020/10/05 v2.5k e-TeX tools for LaTeX (JAW)
\etb@tempcnta=\count284
)
\@linkdim=\dimen171
\Hy@linkcounter=\count285
\Hy@pagecounter=\count286

(/usr/share/texlive/texmf-dist/tex/latex/hyperref/pd1enc.def
File: pd1enc.def 2024-01-20 v7.01h Hyperref: PDFDocEncoding definition (HO)
Now handling font encoding PD1 ...
... no UTF-8 mapping file for font encoding PD1
)
(/usr/share/texlive/texmf-dist/tex/generic/intcalc/intcalc.sty
Package: intcalc 2019/12/15 v1.3 Expandable calculations with integers (HO)
)
\Hy@SavedSpaceFactor=\count287

(/usr/share/texlive/texmf-dist/tex/latex/hyperref/puenc.def
File: puenc.def 2024-01-20 v7.01h Hyperref: PDF Unicode definition (HO)
Now handling font encoding PU ...
... no UTF-8 mapping file for font encoding PU
)
Package hyperref Info: Option `unicode' set `true' on input line 4062.
Package hyperref Info: Option `bookmarksnumbered' set `true' on input line 4062
.
Package hyperref Info: Option `bookmarksopen' set `true' on input line 4062.
Package hyperref Info: Option `pdfmenubar' set `true' on input line 4062.
Package hyperref Info: Option `linktocpage' set `true' on input line 4062.
Package hyperref Info: Option `pageanchor' set `true' on input line 4062.
Package hyperref Info: Hyper figures OFF on input line 4179.
Package hyperref Info: Link nesting OFF on input line 4184.
Package hyperref Info: Hyper index ON on input line 4187.
Package hyperref Info: Plain pages OFF on input line 4194.
Package hyperref Info: Backreferencing OFF on input line 4199.
Package hyperref Info: Implicit mode ON; LaTeX internals redefined.
Package hyperref Info: Bookmarks ON on input line 4446.
\c@Hy@tempcnt=\count288

(/usr/share/texlive/texmf-dist/tex/latex/url/url.sty
\Urlmuskip=\muskip17
Package: url 2013/09/16  ver 3.4  Verb mode for urls, etc.
)
LaTeX Info: Redefining \url on input line 4784.
\XeTeXLinkMargin=\dimen172

(/usr/share/texlive/texmf-dist/tex/generic/bitset/bitset.sty
Package: bitset 2019/12/09 v1.3 Handle bit-vector datatype (HO)

(/usr/share/texlive/texmf-dist/tex/generic/bigintcalc/bigintcalc.sty
Package: bigintcalc 2019/12/15 v1.5 Expandable calculations on big integers (HO
)
))
\Fld@menulength=\count289
\Field@Width=\dimen173
\Fld@charsize=\dimen174
Package hyperref Info: Hyper figures OFF on input line 6063.
Package hyperref Info: Link nesting OFF on input line 6068.
Package hyperref Info: Hyper index ON on input line 6071.
Package hyperref Info: backreferencing OFF on input line 6078.
Package hyperref Info: Link coloring OFF on input line 6083.
Package hyperref Info: Link coloring with OCG OFF on input line 6088.
Package hyperref Info: PDF/A mode OFF on input line 6093.

(/usr/share/texlive/texmf-dist/tex/latex/base/atbegshi-ltx.sty
Package: atbegshi-ltx 2021/01/10 v1.0c Emulation of the original atbegshi
package with kernel methods
)
\Hy@abspage=\count290
\c@Item=\count291
\c@Hfootnote=\count292
)
Package hyperref Info: Driver: hpdftex.

(/usr/share/texlive/texmf-dist/tex/latex/hyperref/hpdftex.def
File: hpdftex.def 2024-01-20 v7.01h Hyperref driver for pdfTeX

(/usr/share/texlive/texmf-dist/tex/latex/base/atveryend-ltx.sty
Package: atveryend-ltx 2020/08/19 v1.0a Emulation of the original atveryend pac
kage
with kernel methods
)
\Fld@listcount=\count293
\c@bookmark@seq@number=\count294

(/usr/share/texlive/texmf-dist/tex/latex/rerunfilecheck/rerunfilecheck.sty
Package: rerunfilecheck 2022-07-10 v1.10 Rerun checks for auxiliary files (HO)

(/usr/share/texlive/texmf-dist/tex/generic/uniquecounter/uniquecounter.sty
Package: uniquecounter 2019/12/15 v1.4 Provide unlimited unique counter (HO)
)
Package uniquecounter Info: New unique counter `rerunfilecheck' on input line 2
85.
)
\Hy@SectionHShift=\skip62
)
LaTeX Font Info:    Trying to load font information for T1+lmr on input line 95
.

(/usr/share/texmf/tex/latex/lm/t1lmr.fd
File: t1lmr.fd 2015/05/01 v1.6.1 Font defs for Latin Modern
)
(/usr/share/texlive/texmf-dist/tex/latex/l3backend/l3backend-pdftex.def
File: l3backend-pdftex.def 2024-01-04 L3 backend support: PDF output (pdfTeX)
\l__color_backend_stack_int=\count295
\l__pdf_internal_box=\box58
)
(./tukedip.aux (./uvod.aux) (./formulacia.aux) (./analyza.aux)
(./jadroprace.aux) (./zaver.aux) (./literatura.aux) (./prilohy.aux))
\openout1 = `tukedip.aux'.

LaTeX Font Info:    Checking defaults for OML/cmm/m/it on input line 95.
LaTeX Font Info:    ... okay on input line 95.
LaTeX Font Info:    Checking defaults for OMS/cmsy/m/n on input line 95.
LaTeX Font Info:    ... okay on input line 95.
LaTeX Font Info:    Checking defaults for OT1/cmr/m/n on input line 95.
LaTeX Font Info:    ... okay on input line 95.
LaTeX Font Info:    Checking defaults for T1/cmr/m/n on input line 95.
LaTeX Font Info:    ... okay on input line 95.
LaTeX Font Info:    Checking defaults for TS1/cmr/m/n on input line 95.
LaTeX Font Info:    ... okay on input line 95.
LaTeX Font Info:    Checking defaults for OMX/cmex/m/n on input line 95.
LaTeX Font Info:    ... okay on input line 95.
LaTeX Font Info:    Checking defaults for U/cmr/m/n on input line 95.
LaTeX Font Info:    ... okay on input line 95.
LaTeX Font Info:    Checking defaults for PD1/pdf/m/n on input line 95.
LaTeX Font Info:    ... okay on input line 95.
LaTeX Font Info:    Checking defaults for PU/pdf/m/n on input line 95.
LaTeX Font Info:    ... okay on input line 95.

(/usr/share/texlive/texmf-dist/tex/context/base/mkii/supp-pdf.mkii
[Loading MPS to PDF converter (version 2006.09.02).]
\scratchcounter=\count296
\scratchdimen=\dimen175
\scratchbox=\box59
\nofMPsegments=\count297
\nofMParguments=\count298
\everyMPshowfont=\toks31
\MPscratchCnt=\count299
\MPscratchDim=\dimen176
\MPnumerator=\count300
\makeMPintoPDFobject=\count301
\everyMPtoPDFconversion=\toks32
) (/usr/share/texlive/texmf-dist/tex/latex/epstopdf-pkg/epstopdf-base.sty
Package: epstopdf-base 2020-01-24 v2.11 Base part for package epstopdf
Package epstopdf-base Info: Redefining graphics rule for `.eps' on input line 4
85.

(/usr/share/texlive/texmf-dist/tex/latex/latexconfig/epstopdf-sys.cfg
File: epstopdf-sys.cfg 2010/07/13 v1.3 Configuration of (r)epstopdf for TeX Liv
e
))
Package hyperref Info: Link coloring OFF on input line 95.

(./tukedip.out) (./tukedip.out)
\@outlinefile=\write4
\openout4 = `tukedip.out'.



LaTeX Warning: No \bakpraca given.

[1

{/var/lib/texmf/fonts/map/pdftex/updmap/pdftex.map}{/usr/share/texmf/fonts/enc/
dvips/lm/lm-ec.enc}]

LaTeX Warning: No \bakpraca given.

LaTeX Font Info:    Trying to load font information for OT1+lmr on input line 1
11.
(/usr/share/texmf/tex/latex/lm/ot1lmr.fd
File: ot1lmr.fd 2015/05/01 v1.6.1 Font defs for Latin Modern
)
LaTeX Font Info:    Trying to load font information for OML+lmm on input line 1
11.

(/usr/share/texmf/tex/latex/lm/omllmm.fd
File: omllmm.fd 2015/05/01 v1.6.1 Font defs for Latin Modern
)
LaTeX Font Info:    Trying to load font information for OMS+lmsy on input line 
111.

(/usr/share/texmf/tex/latex/lm/omslmsy.fd
File: omslmsy.fd 2015/05/01 v1.6.1 Font defs for Latin Modern
)
LaTeX Font Info:    Trying to load font information for OMX+lmex on input line 
111.

(/usr/share/texmf/tex/latex/lm/omxlmex.fd
File: omxlmex.fd 2015/05/01 v1.6.1 Font defs for Latin Modern
)
LaTeX Font Info:    External font `lmex10' loaded for size
(Font)              <12> on input line 111.
LaTeX Font Info:    External font `lmex10' loaded for size
(Font)              <8> on input line 111.
LaTeX Font Info:    External font `lmex10' loaded for size
(Font)              <6> on input line 111.
LaTeX Font Info:    Trying to load font information for U+lasy on input line 11
1.

(/usr/share/texlive/texmf-dist/tex/latex/base/ulasy.fd
File: ulasy.fd 1998/08/17 v2.2e LaTeX symbol font definitions
)
LaTeX Font Info:    Trying to load font information for U+msa on input line 111
.

(/usr/share/texlive/texmf-dist/tex/latex/amsfonts/umsa.fd
File: umsa.fd 2013/01/14 v3.01 AMS symbols A
)
LaTeX Font Info:    Trying to load font information for U+msb on input line 111
.

(/usr/share/texlive/texmf-dist/tex/latex/amsfonts/umsb.fd
File: umsb.fd 2013/01/14 v3.01 AMS symbols B
)

LaTeX Warning: No \konzultanta given.

[2]
Underfull \hbox (badness 4096) in paragraph at lines 113--114
\T1/lmr/m/n/12 (ChaCha20-Poly1305); prįca navrhuje modifikįcie spōsobu jeho nas
adenia
 []


Underfull \hbox (badness 1052) in paragraph at lines 113--114
\T1/lmr/m/n/12 --- deterministickś kon²trukciu nonce pomocou HMAC a runtime ver
ifikįciu
 []


Underfull \hbox (badness 1019) in paragraph at lines 113--114
\T1/lmr/m/n/12 sluŗbami, £o umoŗ¬uje nezįvislé testovanie bezpe£nostnżch vlastn
ostķ AEAD
 []


Underfull \hbox (badness 3872) in paragraph at lines 113--114
\T1/lmr/m/n/12 kontrola prķstupu, RFID, NFC, kryptografia, AEAD, ChaCha20-Poly1
305,
 []

[3]
Underfull \hbox (badness 1270) in paragraph at lines 115--116
\T1/lmr/m/n/12 The system implements multi-layered protection: HMAC-SHA-256 har
dware
 []


Underfull \hbox (badness 10000) in paragraph at lines 115--116
\T1/lmr/m/n/12 access control, RFID, NFC, cryptography, AEAD, ChaCha20-Poly1305
,
 []

[4]
LaTeX Font Info:    Trying to load font information for T1+lmss on input line 1
17.
 (/usr/share/texmf/tex/latex/lm/t1lmss.fd
File: t1lmss.fd 2015/05/01 v1.6.1 Font defs for Latin Modern
) [5] [6] [7] [8]
Underfull \hbox (badness 3872) in paragraph at lines 129--130
\T1/lmr/m/n/12 a informatiky Fakulty elektrotechniky a informatiky Technickej u
niverzity
 []

[9] (./tukedip.toc [10] [11])
\tf@toc=\write5
\openout5 = `tukedip.toc'.

 [12] [13] (./tukedip.lof)
\tf@lof=\write6
\openout6 = `tukedip.lof'.

 [14{/usr/share/texmf/fonts/enc/dvips/lm/lm-mathit.enc}{/usr/share/texmf/fonts/
enc/dvips/lm/lm-rm.enc}{/usr/share/texmf/fonts/enc/dvips/lm/lm-mathsy.enc}] (./
tukedip.lot
LaTeX Font Info:    Trying to load font information for T1+lmtt on input line 6
.

(/usr/share/texmf/tex/latex/lm/t1lmtt.fd
File: t1lmtt.fd 2015/05/01 v1.6.1 Font defs for Latin Modern
))
\tf@lot=\write7
\openout7 = `tukedip.lot'.

 [15]
No file tukedip.gls.
[16] [17]
\openout2 = `uvod.aux'.

 (./uvod.tex
Underfull \hbox (badness 1043) in paragraph at lines 11--12
[]\T1/lmr/m/n/12 Prįca vychįdza z funk£ného prototypu postaveného na platforme 
ESP32
 []

[18

]) [19]
\openout2 = `formulacia.aux'.

 (./formulacia.tex
Underfull \hbox (badness 5064) in paragraph at lines 6--6
[]\T1/lmr/bx/n/14.4 Śloha 1: Analyzova“ aktuįlny stav modernżch
 []


Underfull \hbox (badness 7291) in paragraph at lines 10--10
[]\T1/lmr/bx/n/14.4 Śloha 2: Analyzova“ problematiku bezpe£nosti
 []


Underfull \hbox (badness 1281) in paragraph at lines 12--13
\T1/lmr/m/n/12 Teoretickį analżza sa zameriava na kryptografické primitķva pria
mo pouŗité
 []


Underfull \hbox (badness 1275) in paragraph at lines 16--17
\T1/lmr/m/n/12 HTTP poŗiadaviek autentifikovanżch HMAC-SHA-256. Server implemen
tuje
 []


Underfull \hbox (badness 1558) in paragraph at lines 16--17
\T1/lmr/m/n/12 poŗiadaviek od rozhodovacej logiky prostrednķctvom HTTP rozhrani
a medzi
 []

[20



]
Underfull \hbox (badness 1253) in paragraph at lines 20--21
\T1/lmr/m/n/12 odolnos“ vo£i replay śtoku, manipulįcii hlavi£ky, nonce enforcem
ent, cross-
 []

[21]
LaTeX Font Info:    External font `lmex10' loaded for size
(Font)              <10.95> on input line 36.

Underfull \hbox (badness 10000) in paragraph at lines 40--40
[]|\T1/lmr/m/n/10.95 Analżza aktuįlnych rie²enķ
 []


Underfull \hbox (badness 10000) in paragraph at lines 41--41
[]|\T1/lmr/m/n/10.95 Kryptografické zįklady, nonce
 []

) [22]
\openout2 = `analyza.aux'.

 (./analyza.tex
Underfull \hbox (badness 8056) in paragraph at lines 10--11
\T1/lmr/m/n/12 V praxi existujś rōzne prķstupy k bezpe£nosti prķstupovżch systé
mov.
 []


Underfull \hbox (badness 2205) in paragraph at lines 10--11
\T1/lmr/m/n/12 Legacy protokol Wiegand[[]] neposkytuje ²ifrovanie ani autentifi
kįciu --- je
 []


Underfull \hbox (badness 1102) in paragraph at lines 10--11
\T1/lmr/m/n/12 jednosmernż prenos identifikįtora bez akejko©vek kryptografickej
 väzby. Na
 []


Underfull \hbox (badness 1694) in paragraph at lines 16--17
\T1/lmr/m/n/12 tejto prįce. Vżskum v oblasti nonce-misuse resistance[[], []] uk
azuje, ŗe
 []

[23



]

! LaTeX Error: Unicode character Š¾ (U+043E)
               not set up for use with LaTeX.

See the LaTeX manual or LaTeX Companion for explanation.
Type  H <return>  for immediate help.
 ...                                              
                                                  
l.18 ...~8439 nepokrĆ½va, slĆŗÅ¾ia ako ÄalÅ”ie Š¾
                                                  ŃŠøŠµŠ½Ńiry:
You may provide a definition with
\DeclareUnicodeCharacter 


! LaTeX Error: Unicode character Ń (U+0440)
               not set up for use with LaTeX.

See the LaTeX manual or LaTeX Companion for explanation.
Type  H <return>  for immediate help.
 ...                                              
                                                  
l.18 ...439 nepokrĆ½va, slĆŗÅ¾ia ako ÄalÅ”ie Š¾Ń
                                                  ŠøŠµŠ½Ńiry:
You may provide a definition with
\DeclareUnicodeCharacter 


! LaTeX Error: Unicode character Šø (U+0438)
               not set up for use with LaTeX.

See the LaTeX manual or LaTeX Companion for explanation.
Type  H <return>  for immediate help.
 ...                                              
                                                  
l.18 ...9 nepokrĆ½va, slĆŗÅ¾ia ako ÄalÅ”ie Š¾ŃŠø
                                                  ŠµŠ½Ńiry:
You may provide a definition with
\DeclareUnicodeCharacter 


! LaTeX Error: Unicode character Šµ (U+0435)
               not set up for use with LaTeX.

See the LaTeX manual or LaTeX Companion for explanation.
Type  H <return>  for immediate help.
 ...                                              
                                                  
l.18 ...nepokrĆ½va, slĆŗÅ¾ia ako ÄalÅ”ie Š¾ŃŠøŠµ
                                                  Š½Ńiry:
You may provide a definition with
\DeclareUnicodeCharacter 


! LaTeX Error: Unicode character Š½ (U+043D)
               not set up for use with LaTeX.

See the LaTeX manual or LaTeX Companion for explanation.
Type  H <return>  for immediate help.
 ...                                              
                                                  
l.18 ...pokrĆ½va, slĆŗÅ¾ia ako ÄalÅ”ie Š¾ŃŠøŠµŠ½
                                                  Ńiry:
You may provide a definition with
\DeclareUnicodeCharacter 


! LaTeX Error: Unicode character Ń (U+0442)
               not set up for use with LaTeX.

See the LaTeX manual or LaTeX Companion for explanation.
Type  H <return>  for immediate help.
 ...                                              
                                                  
l.18 ...krĆ½va, slĆŗÅ¾ia ako ÄalÅ”ie Š¾ŃŠøŠµŠ½Ń
                                                  iry:
You may provide a definition with
\DeclareUnicodeCharacter 

LaTeX Font Info:    Trying to load font information for TS1+lmr on input line 1
9.
(/usr/share/texmf/tex/latex/lm/ts1lmr.fd
File: ts1lmr.fd 2015/05/01 v1.6.1 Font defs for Latin Modern
)
Underfull \hbox (badness 1789) in paragraph at lines 20--21
[]\T1/lmr/bx/n/12 Derivįcia k©ś£ov: \T1/lmr/m/n/12 HKDF pod©a RFC 5869[[]], s p
er-reader salt pre
 []


Underfull \hbox (badness 3930) in paragraph at lines 35--36
[]\T1/lmr/bx/n/12 Integrita \T1/lmr/m/n/12 vyŗaduje detekciu akejko©vek neoprįv
nenej zmeny --- £i uŗ
 []

[24{/usr/share/texmf/fonts/enc/dvips/lm/lm-ts1.enc}]
Underfull \hbox (badness 1072) in paragraph at lines 39--40
\T1/lmr/m/n/12 z registrovaného zariadenia, nie od śto£nķka. HMAC s tajnżm k©ś£
om je
 []


Underfull \hbox (badness 3590) in paragraph at lines 56--57
[]\T1/lmr/m/n/12 Takto formulované poŗiadavky sa dajś priamo mapova“ na konkrét
ne
 []

[25]
Underfull \hbox (badness 1383) in paragraph at lines 64--65
\T1/lmr/m/n/12 nie ako kryptografickż dōkaz identity. Toto riziko je moŗné komp
enzova“
 []

[26]
Underfull \hbox (badness 1199) in paragraph at lines 98--99
\T1/lmr/m/n/12 autentifikįciu poŗiadaviek od zariadenķ, pri£om sa po£ķta nad je
dnozna£nou
 []

[27]
Underfull \hbox (badness 6741) in paragraph at lines 102--103
\T1/lmr/m/n/12 Symetrické ²ifrovanie je vhodné pre embedded zariadenia kvōli vż
konu
 []


Overfull \hbox (10.07382pt too wide) in paragraph at lines 106--107
 []\T1/lmr/bx/n/12 ChaCha20 a Poly1305[] \T1/lmr/m/n/12 ChaCha20 je prśdovį ²if
ra navrhnutį D. J. Bernsteinom[[]].
 []

[28]
Underfull \hbox (badness 1107) in paragraph at lines 130--131
\T1/lmr/m/n/12 protokoloch sa AAD typicky pouŗķva pre hlavi£ku sprįvy --- metad
įta ako
 []


Underfull \hbox (badness 10000) in paragraph at lines 146--146
[]|\T1/lmr/m/n/10.95 96b (IETF) / 192b
 []


Underfull \hbox (badness 10000) in paragraph at lines 147--147
[]|\T1/lmr/m/n/10.95 Śnik XOR plaintextov
 []


Underfull \hbox (badness 3354) in paragraph at lines 147--148
[]|\T1/lmr/m/n/10.95 Kritické: extrahovate©nż
 []


Underfull \hbox (badness 3364) in paragraph at lines 148--149
[]|\T1/lmr/m/n/10.95 Timing side-channel bez
 []

[29{/usr/share/texmf/fonts/enc/dvips/lm/lm-mathex.enc}] [30]
Underfull \hbox (badness 1127) in paragraph at lines 179--180
\T1/lmr/m/n/12 Ak zlyhį autentifikįcia, validįcia vstupu, anti-replay kontrola 
alebo internį
 []

[31]
Underfull \hbox (badness 3179) in paragraph at lines 189--190
[]\T1/lmr/bx/n/12 Autentickos“ poŗiadavky \T1/lmr/m/n/12 je zabezpe£enį pomocou
 HMAC s tajnżm
 []

[32] [33]
Underfull \hbox (badness 1242) in paragraph at lines 237--238
\T1/lmr/m/n/12 Audit v prķstupovom systéme nemį slśŗi“ iba na to, aby si admini
strįtor
 []

[34]
Underfull \hbox (badness 4048) in paragraph at lines 257--258
\T1/lmr/m/n/12 Verifikįcia prebieha offline alebo cez admin panel: na£ķtanie zį
znamov,
 []


Overfull \hbox (7.00989pt too wide) in paragraph at lines 263--264
\T1/lmr/m/n/12 Embedded zariadenie (£ķta£ka) je z bezpe£nostného h©adiska typic
ky najzranite©nej²ķm
 []

[35]
Underfull \hbox (badness 1400) in paragraph at lines 289--290
\T1/lmr/m/n/12 Hlavné vżzvy: sprįva certifikįtov na zariadeniach s obmedzenou p
amä“ou,
 []

[36]
Underfull \hbox (badness 2245) in paragraph at lines 301--302
\T1/lmr/m/n/12 ktorż pridįva Secure Channel s AES-128 ²ifrovanķm, MAC autentifi
kįciou
 []

[37]
Underfull \hbox (badness 2452) in paragraph at lines 307--308
[]\T1/lmr/m/n/12 V porovnanķ s Wiegand[[]] navrhovanż prķstup poskytuje kryptog
rafickś
 []


Underfull \hbox (badness 2884) in paragraph at lines 307--308
\T1/lmr/m/n/12 autentifikįciu (HMAC), integritu (AEAD + AAD) a anti-replay ochr
anu.
 []

)
Underfull \hbox (badness 2564) in paragraph at lines 319--202
[]\T1/lmr/m/n/12 Vrstvené zabezpe£enie (defense-in-depth)[[]] znamenį, ŗe systé
m nestojķ
 []

[38] [39]
\openout2 = `jadroprace.aux'.

 (./jadroprace.tex
Underfull \hbox (badness 1852) in paragraph at lines 8--9
\T1/lmr/m/n/12 implementįciu, teda ²truktśru projektu, tok spracovania udalosti
 a hlavné
 []


Underfull \hbox (badness 4217) in paragraph at lines 10--11
[]\T1/lmr/m/n/12 Kaŗdé implementa£né rozhodnutie vychįdza z bezpe£nostného prin
cķpu
 []


Underfull \hbox (badness 4739) in paragraph at lines 12--13
[]\T1/lmr/bx/n/12 Autentifikįcia hardvérovżch poŗiadaviek \T1/lmr/m/n/12 je rea
lizovanį v module
 []


Underfull \hbox (badness 1442) in paragraph at lines 14--15
[]\T1/lmr/bx/n/12 AEAD ²ifrovanie a integrita interného frame \T1/lmr/m/n/12 za
bezpe£ujś moduly
 []

[40



]
Underfull \hbox (badness 4739) in paragraph at lines 22--23
[]\T1/lmr/bx/n/12 Pseudonymizįcia identifikįtorov kariet \T1/lmr/m/n/12 v modul
e \T1/lmtt/m/n/12 access_storage
 []


Underfull \hbox (badness 7722) in paragraph at lines 30--31
\T1/lmr/m/n/12 Implementįcia je koncipovanį ako modulįrny serverovo-riadenż pro
totyp
 []


Underfull \hbox (badness 2245) in paragraph at lines 30--31
\T1/lmr/m/n/12 postavenį na platforme ESP32[[]] s modulom RC522, komunikujśca p
od©a
 []


Underfull \hbox (badness 2547) in paragraph at lines 30--31
\T1/lmr/m/n/12 poŗiadavku autentifikuje pomocou HMAC-SHA256. Samotné rozhodovan
ie
 []

[41]
Underfull \hbox (badness 10000) in paragraph at lines 49--49
[]|\T1/lmr/m/n/12 Hardvérovį
 []


Underfull \hbox (badness 1087) in paragraph at lines 49--50
\T1/lmr/m/n/12 poŗiadavku, zvż²i lokįlne po£ķtadlo \T1/lmtt/m/n/12 hw_seq \T1/l
mr/m/n/12 a
 []


Underfull \hbox (badness 10000) in paragraph at lines 51--51
[]|\T1/lmr/m/n/12 Frontend (port
 []


Underfull \hbox (badness 1502) in paragraph at lines 51--52
[]|\T1/lmr/m/n/12 Modul \T1/lmtt/m/n/12 access_admin\T1/lmr/m/n/12 : endpoint \
T1/lmtt/m/n/12 /api/hw/uid
 []


Underfull \hbox (badness 2980) in paragraph at lines 51--52
\T1/lmr/m/n/12 (overenie HMAC, kon²trukcia AEAD frame),
 []


Underfull \hbox (badness 10000) in paragraph at lines 53--53
[]|\T1/lmr/m/n/12 DecisionService
 []


Underfull \hbox (badness 1454) in paragraph at lines 53--54
[]|\T1/lmr/m/n/12 Endpoint \T1/lmtt/m/n/12 /api/decision/frame\T1/lmr/m/n/12 : 
prijķma raw
 []


Underfull \hbox (badness 2035) in paragraph at lines 53--54
\T1/lmr/m/n/12 frame bytes, spś²“a \T1/lmtt/m/n/12 DecisionEngine \T1/lmr/m/n/1
2 (AEAD
 []


Underfull \hbox (badness 1043) in paragraph at lines 55--56
[]|\T1/lmr/m/n/12 Modul \T1/lmtt/m/n/12 access_storage\T1/lmr/m/n/12 : SQLite (
WAL mód)
 []


Underfull \hbox (badness 1097) in paragraph at lines 57--58
[]|\T1/lmr/m/n/12 Modul \T1/lmtt/m/n/12 runtime_events\T1/lmr/m/n/12 : prevįdzk
ové udalosti
 []

[42]
Underfull \hbox (badness 3884) in paragraph at lines 65--66
\T1/lmr/m/n/12 (formįt frame, replay window), \T1/lmtt/m/n/12 key_manager \T1/l
mr/m/n/12 (HKDF derivįcia, rotįcia),
 []


Underfull \hbox (badness 4266) in paragraph at lines 65--66
\T1/lmr/m/n/12 --- implementįciu ²tandardizovanżch algoritmov (ChaCha20-Poly130
5 pod©a
 []

[43]
Underfull \hbox (badness 2285) in paragraph at lines 69--70
\T1/lmr/m/n/12 Po śspe²nom overenķ hardvérovej poŗiadavky server nevyhodnocuje 
prķstup
 []


Underfull \hbox (badness 1648) in paragraph at lines 69--70
\T1/lmr/m/n/12 priamo z prijatżch dįt. Namiesto toho z nich vytvįra internż bez
pe£nż
 []


Underfull \hbox (badness 2111) in paragraph at lines 76--77
[]\T1/lmr/bx/n/12 XChaCha20-Poly1305 \T1/lmr/m/n/12 s 192-bitovżm noncom (24 ba
jtov). Roz²ķrenż
 []


Underfull \hbox (badness 1137) in paragraph at lines 76--77
\T1/lmr/m/n/12 nonce je kon²truovanż pomocou medzikroku HChaCha20, v¤aka £omu j
e
 []


Overfull \hbox (3.80293pt too wide) in paragraph at lines 77--78
[]\T1/lmr/bx/n/12 ChaCha20-Poly1305 IETF \T1/lmr/m/n/12 s 96-bitovżm noncom (12
 bajtov). tandardizovanż
 []


Underfull \hbox (badness 10000) in paragraph at lines 80--81
[]\T1/lmr/m/n/12 Implementįcia podporuje tri stratégie generovania nonce (nįhod
nż,
 []


Underfull \hbox (badness 6625) in paragraph at lines 80--81
\T1/lmr/m/n/12 deterministickż HMAC a deterministickż s runtime verifikįciou). 
Pri
 []

[44]
Underfull \hbox (badness 2644) in paragraph at lines 84--85
 []\T1/lmr/bx/n/12 Kon²trukcia nonce[] \T1/lmr/m/n/12 Implementįcia definuje ro
zhranie \T1/lmtt/m/n/12 INonceGenerator \T1/lmr/m/n/12 s
 []


Underfull \hbox (badness 5637) in paragraph at lines 103--104
[]\T1/lmr/m/n/12 Samotnż nonce sa po£ķta ako skrįtenż vżstup HMAC-SHA-256 nad
 []

[45]
Underfull \hbox (badness 2245) in paragraph at lines 114--115
 []\T1/lmr/bx/n/12 Rozdiel medzi deterministickżm nonce bez a s verifikįciou.[]
 \T1/lmr/m/n/12 Obe
 []

[46]
Underfull \hbox (badness 3460) in paragraph at lines 124--125
[]\T1/lmr/m/n/12 Implementįcia podporuje aj konfigurovate©nż reŗim \T1/lmtt/m/n
/12 aad_mode: "none"\T1/lmr/m/n/12 ,
 []


Underfull \hbox (badness 1237) in paragraph at lines 128--129
\T1/lmr/m/n/12 spravovanż tajnż sśbor je pragmatickż kompromis vhodnż pre proto
typ; v
 []

[47]

LaTeX Warning: Reference `fig:hkdf_tree' on page 48 undefined on input line 157
.

<plots/hkdf_derivation_tree.png, id=828, 1601.985pt x 519.9425pt>
File: plots/hkdf_derivation_tree.png Graphic file (type png)
<use plots/hkdf_derivation_tree.png>
Package pdftex.def Info: plots/hkdf_derivation_tree.png  used on input line 161
.
(pdftex.def)             Requested size: 392.64725pt x 127.4386pt.

Underfull \hbox (badness 1087) in paragraph at lines 172--173
[]\T1/lmr/m/n/12 Implementįcia podporuje aj priamy reŗim derivįcie (bez HKDF); 
v²etky
 []

[48] [49]
Underfull \hbox (badness 10000) in paragraph at lines 202--203
[]\T1/lmr/bx/n/12 Nesślad nonce \T1/lmr/m/n/12 (\T1/lmtt/m/n/12 nonce_mismatch\
T1/lmr/m/n/12 ): ak prijatż nonce nezodpovedį
 []

[50] [51]
Underfull \hbox (badness 1264) in paragraph at lines 246--247
[]\T1/lmr/bx/n/12 Statickį analżza (clang-tidy[[]]): \T1/lmr/m/n/12 24 kontrol 
vrįtane bezpe£nostnżch
 []


Underfull \hbox (badness 1173) in paragraph at lines 248--249
\T1/lmr/m/n/12 kryptografiu, replay window, anomįlny detektor (18 testov), audi
tnż log
 []

[52]
Underfull \hbox (badness 4254) in paragraph at lines 264--265
[]\T1/lmr/m/n/12 Predchįdzajśce kapitoly opķsali nįvrh a implementįciu bezpe£no
stnżch
 []

LaTeX Font Info:    External font `lmex10' loaded for size
(Font)              <10> on input line 274.
LaTeX Font Info:    External font `lmex10' loaded for size
(Font)              <7> on input line 274.
LaTeX Font Info:    External font `lmex10' loaded for size
(Font)              <5> on input line 274.

Underfull \hbox (badness 1057) in paragraph at lines 290--291
\T1/lmr/m/n/12 ²pecifické pre protokoly s per-reader derivįciou k©ś£ov, rollbac
k sekvencie a
 []


Underfull \hbox (badness 1789) in paragraph at lines 290--291
\T1/lmr/m/n/12 vżkonnostnż dopad mechanizmov. S3 vychįdza z princķpu kryptograf
ickej
 []

[53]

Package enumitem Warning: Negative labelwidth. This does not make much
(enumitem)                sense, on input line 326.


Underfull \hbox (badness 2334) in paragraph at lines 329--332
[]\T1/lmr/m/n/12 Nonce je generovanż deterministicky ako HMAC-SHA-
 []

[54]

Package enumitem Warning: Negative labelwidth. This does not make much
(enumitem)                sense, on input line 348.

LaTeX Font Info:    Font shape `T1/lmtt/bx/n' in size <12> not available
(Font)              Font shape `T1/lmtt/b/n' tried instead on input line 349.

Underfull \hbox (badness 1867) in paragraph at lines 349--350
[]\T1/lmr/m/n/12 Pre kaŗdś kombinįciu (profil, attack_n, run) vytvįra
 []

[55]
Underfull \hbox (badness 2894) in paragraph at lines 350--351
\T1/lmr/m/n/12 produk£nż systém. Poskytuje aj statické metódy na manipulįciu fr
ame
 []


Underfull \hbox (badness 1442) in paragraph at lines 351--352
[]\T1/lmr/m/n/12 Zapisuje vżsledky do CSV s 15 stØpcami vrįtane \T1/lmtt/m/n/12
 seed
 []


Underfull \hbox (badness 4378) in paragraph at lines 369--370
[]\T1/lmr/m/n/12 Kaŗdż beh $\OML/lmm/m/it/12 r$ \T1/lmr/m/n/12 ($\OML/lmm/m/it/
12 r \OT1/lmr/m/n/12 = 0 [] 4$\T1/lmr/m/n/12 ) pouŗķva inż seed $\OT1/lmr/m/n/1
2 42 + \OML/lmm/m/it/12 r$\T1/lmr/m/n/12 , £o zavįdza
 []

[56]
Underfull \hbox (badness 5091) in paragraph at lines 371--372
[]\T1/lmr/m/n/12 CLI prepķna£e \T1/lmtt/m/n/12 --seed=N\T1/lmr/m/n/12 , \T1/lmt
t/m/n/12 --warmup=N\T1/lmr/m/n/12 , \T1/lmtt/m/n/12 --baseline=N\T1/lmr/m/n/12 
, \T1/lmtt/m/n/12 --runs=N\T1/lmr/m/n/12 , \T1/lmtt/m/n/12 --e2e=URL\T1/lmr/m/n
/12 ,
 []


Underfull \hbox (badness 7613) in paragraph at lines 376--377
 []\T1/lmr/bx/n/12 Vz“ah harnessu k produk£nému systému[] \T1/lmr/m/n/12 Harnes
s je \T1/lmr/m/it/12 kontrolovanż
 []


Underfull \hbox (badness 1292) in paragraph at lines 376--377
\T1/lmr/m/it/12 experimentįlny mini-systém\T1/lmr/m/n/12 , nie plnį replika pro
duk£ného systému. Zdie©a
 []


Underfull \hbox (badness 1701) in paragraph at lines 376--377
\T1/lmr/m/n/12 s produk£nżm kódom kryptografickś vrstvu (\T1/lmtt/m/n/12 crypto
_lib\T1/lmr/m/n/12 ), derivįciu k©ś£ov
 []


Underfull \hbox (badness 1028) in paragraph at lines 379--380
\T1/lmr/m/n/12 latencia kryptografickżch a rozhodovacķch operįciķ od variabilit
y sie“ového
 []

[57]
Underfull \hbox (badness 3009) in paragraph at lines 399--400
\T1/lmr/m/n/12 sa izoluje kryptografickį detekcia manipulįcie od autoriza£nej p
olitiky ---
 []

[58]
Underfull \hbox (badness 7397) in paragraph at lines 413--414
 []\T1/lmr/bx/n/12 S3b: Izolįcia k©ś£ov medzi £ķta£kami (HKDF key isolation)[]
 []


Underfull \hbox (badness 3460) in paragraph at lines 422--423
[]\T1/lmr/m/it/12 O£akįvané sprįvanie: \T1/lmr/m/n/12 V²etky profily odmietajś 
100% śto£nżch frame
 []

[59]
Overfull \hbox (4.98769pt too wide) in paragraph at lines 442--443
[]\T1/lmr/m/it/12 O£akįvané sprįvanie: \T1/lmr/m/n/12 AEAD overenie zlyhį pre v
²etky profily (\T1/lmtt/m/n/12 decrypt_failed\T1/lmr/m/n/12 ).
 []

[60] [61]

Package enumitem Warning: Negative labelwidth. This does not make much
(enumitem)                sense, on input line 481.


Underfull \hbox (badness 4156) in paragraph at lines 498--499
 []\T1/lmr/bx/n/12 Celkovż preh©ad[] \T1/lmr/m/n/12 Obrįzok []3--2[] zobrazuje 
śspe²nos“ śtokov pre v²etky
 []

[62]
<plots/attack_success_heatmap.png, id=950, 729.927pt x 327.3831pt>
File: plots/attack_success_heatmap.png Graphic file (type png)
<use plots/attack_success_heatmap.png>
Package pdftex.def Info: plots/attack_success_heatmap.png  used on input line 5
02.
(pdftex.def)             Requested size: 426.79134pt x 191.42592pt.
 (./plots/scenario_summary.tex
Overfull \hbox (5.0661pt too wide) in paragraph at lines 6--21
 [][] 
 []

) [63 <./plots/attack_success_heatmap.png>]
Overfull \hbox (8.37357pt too wide) in paragraph at lines 525--526
\T1/lmr/m/n/12 frame_idx = 4, £o zodpovedį nakonfigurovanému limitu \T1/lmtt/m/
n/12 tag_fail_streak_limit \T1/lmr/m/n/12 = 5
 []

[64]
<plots/throughput.png, id=966, 1005.2757pt x 356.2911pt>
File: plots/throughput.png Graphic file (type png)
<use plots/throughput.png>
Package pdftex.def Info: plots/throughput.png  used on input line 539.
(pdftex.def)             Requested size: 426.79134pt x 151.26677pt.
 (./plots/throughput_table.tex)
Underfull \hbox (badness 5893) in paragraph at lines 548--549
[]\T1/lmr/bx/n/12 Porovnanie algoritmov: \T1/lmr/m/n/12 A2 (XChaCha20) dosahuje
 mierne vy²²iu
 []


Underfull \hbox (badness 1394) in paragraph at lines 548--549
\T1/lmr/m/n/12 priepustnos“ ako A1 (ChaCha20), £o je prekvapivż vżsledok. Prķ£i
nou je
 []

[65 <./plots/throughput.png>] [66] [67]
Underfull \hbox (badness 1221) in paragraph at lines 614--615
\T1/lmr/m/n/12 analżza siedmich scenįrov naprie£ ²iestimi konfigura£nżmi profil
mi potvrdila
 []

[68]) [69]
\openout2 = `zaver.aux'.

 (./zaver.tex
Underfull \hbox (badness 1281) in paragraph at lines 24--25
[]|\T1/lmr/m/n/10.95 Overhead detektora ($[]\OT1/lmr/m/n/10.95 17%$\T1/lmr/m/n/
10.95 , $[]\OT1/lmr/m/n/10.95 35 \OML/lmm/m/it/10.95 ^^V$\T1/lmr/m/n/10.95 s na
 frame) je rįdovo
 []

[70



])
Underfull \hbox (badness 2478) in paragraph at lines 33--206
\T1/lmr/m/n/12 na geograficky distribuované nasadenie s viacerżmi lokalitami a 
integrįciu
 []

[71] [72]
\openout2 = `literatura.aux'.

 (./literatura.tex (./tukedip.bbl
Underfull \hbox (badness 1502) in paragraph at lines 45--49
[]\T1/lmr/m/n/12 Frank Denis.  The Sodium cryptography library (libsodium).  On
line
 []


Underfull \hbox (badness 2556) in paragraph at lines 51--56
\T1/lmr/m/n/12 Systems, 2024.  Available from: []$\T1/lmtt/m/n/12 https : / / w
ww . espressif . com / sites /
 []


Underfull \hbox (badness 10000) in paragraph at lines 51--56
\T1/lmtt/m/n/12 default / files / documentation / esp32 _ technical _ reference
 _ manual _ en .
 []

[73



]
Underfull \hbox (badness 4072) in paragraph at lines 99--103
[]\T1/lmr/m/n/12 International Organization for Standardization.  ISO/IEC 14443
:2018
 []


Underfull \hbox (badness 4072) in paragraph at lines 105--109
[]\T1/lmr/m/n/12 International Organization for Standardization.  ISO/IEC 27001
:2022
 []


Underfull \hbox (badness 1412) in paragraph at lines 120--125
[]\T1/lmr/m/n/12 Theodore Karygiannis, Barry Eydt, Gregory Barber, Lynn Bunn, a
nd
 []

[74]
Underfull \hbox (badness 1590) in paragraph at lines 146--151
[]\T1/lmr/m/n/12 libsodium contributors.  XChaCha20-Poly1305 construction -- li
bsodium
 []


Underfull \hbox (badness 10000) in paragraph at lines 146--151
\T1/lmr/m/n/12 documentation.  Online documentation, 2025.  Available from:
 []


Underfull \hbox (badness 10000) in paragraph at lines 146--151
[]$\T1/lmtt/m/n/12 https : / / libsodium . gitbook . io / doc / secret-[]key _ 
cryptography / aead /
 []


Underfull \hbox (badness 4242) in paragraph at lines 153--157
[]\T1/lmr/m/n/12 LLVM Project.  Clang-Tidy --- Extra Clang Tools Documentation.

 []


Underfull \hbox (badness 2050) in paragraph at lines 171--177
\T1/lmr/m/n/12 NSA/IAD, 2012.  Available from: []$\T1/lmtt/m/n/12 https : / / a
pps . nsa . gov / iaarchive /
 []

[75]
Underfull \hbox (badness 10000) in paragraph at lines 185--190
[]\T1/lmr/m/n/12 Private Internet Access and NCC Group.  Libsodium Security
 []


Underfull \hbox (badness 10000) in paragraph at lines 185--190
\T1/lmr/m/n/12 Assessment.  Private Internet Access, 2017.  Available
 []


Underfull \hbox (badness 10000) in paragraph at lines 185--190
\T1/lmr/m/n/12 from: []$\T1/lmtt/m/n/12 https : / / www . privateinternetaccess
 . com / blog /
 []

[76])) [77]
\openout2 = `prilohy.aux'.

 (./prilohy.tex [78



] [79] [80])
Underfull \hbox (badness 2538) in paragraph at lines 30--210
\T1/lmr/m/n/12 Konfigura£né profily definujś experimentįlnu maticu A1/A2 $\OMS/
lmsy/m/n/12 ^^B$ \T1/lmr/m/n/12 R0/R1/R2.
 []

[81] [82


] (./tukedip.aux (./uvod.aux) (./formulacia.aux) (./analyza.aux)
(./jadroprace.aux) (./zaver.aux) (./literatura.aux) (./prilohy.aux))
 ***********
LaTeX2e <2023-11-01> patch level 1
L3 programming layer <2024-01-22>
 ***********


LaTeX Warning: There were undefined references.


LaTeX Warning: Label(s) may have changed. Rerun to get cross-references right.

Package rerunfilecheck Info: File `tukedip.out' has not changed.
(rerunfilecheck)             Checksum: 1856980716334EA7756442D412F01592;21428.
 ) 
Here is how much of TeX's memory you used:
 13292 strings out of 476182
 205897 string characters out of 5795596
 1935975 words of memory out of 5000000
 34699 multiletter control sequences out of 15000+600000
 649328 words of font info for 114 fonts, out of 8000000 for 9000
 14 hyphenation exceptions out of 8191
 75i,13n,79p,2284b,635s stack positions out of 10000i,1000n,20000p,200000b,200000s
</usr/share/texmf/fonts/type1/public/lm/lmbx10.pfb></usr/share/texmf/fonts/ty
pe1/public/lm/lmbx12.pfb></usr/share/texmf/fonts/type1/public/lm/lmex10.pfb></u
sr/share/texmf/fonts/type1/public/lm/lmmi10.pfb></usr/share/texmf/fonts/type1/p
ublic/lm/lmmi12.pfb></usr/share/texmf/fonts/type1/public/lm/lmmi8.pfb></usr/sha
re/texmf/fonts/type1/public/lm/lmr10.pfb></usr/share/texmf/fonts/type1/public/l
m/lmr12.pfb></usr/share/texmf/fonts/type1/public/lm/lmr6.pfb></usr/share/texmf/
fonts/type1/public/lm/lmr8.pfb></usr/share/texmf/fonts/type1/public/lm/lmri10.p
fb></usr/share/texmf/fonts/type1/public/lm/lmri12.pfb></usr/share/texmf/fonts/t
ype1/public/lm/lmss10.pfb></usr/share/texmf/fonts/type1/public/lm/lmsy10.pfb></
usr/share/texmf/fonts/type1/public/lm/lmsy8.pfb></usr/share/texmf/fonts/type1/p
ublic/lm/lmtk10.pfb></usr/share/texmf/fonts/type1/public/lm/lmtt10.pfb></usr/sh
are/texmf/fonts/type1/public/lm/lmtt12.pfb></usr/share/texlive/texmf-dist/fonts
/type1/public/amsfonts/symbols/msam10.pfb></usr/share/texlive/texmf-dist/fonts/
type1/public/amsfonts/symbols/msbm10.pfb>
Output written on tukedip.pdf (82 pages, 904199 bytes).
PDF statistics:
 1287 PDF objects out of 1440 (max. 8388607)
 1141 compressed objects within 12 object streams
 288 named destinations out of 1000 (max. 500000)
 664 words of extra memory for PDF output out of 10000 (max. 10000000)

