\BOOKMARK [1][]{section*.7}{\376\377\000\332\000v\000o\000d}{}% 1
\BOOKMARK [1][]{section.1}{\376\377\0001\000\040\000F\000o\000r\000m\000u\000l\000\341\000c\000i\000a\000\040\000\372\000l\000o\000h\000y}{}% 2
\BOOKMARK [2][]{subsection.1.1}{\376\377\0001\000.\0001\000\040\000\332\000l\000o\000h\000a\000\040\0001\000:\000\040\000A\000n\000a\000l\000y\000z\000o\000v\000a\001\145\000\040\000a\000k\000t\000u\000\341\000l\000n\000y\000\040\000s\000t\000a\000v\000\040\000m\000o\000d\000e\000r\000n\000\375\000c\000h\000\040\000p\000r\000\355\000s\000t\000u\000p\000o\000v\000\375\000c\000h\000\040\000s\000y\000s\000t\000\351\000m\000o\000v}{section.1}% 3
\BOOKMARK [2][]{subsection.1.2}{\376\377\0001\000.\0002\000\040\000\332\000l\000o\000h\000a\000\040\0002\000:\000\040\000A\000n\000a\000l\000y\000z\000o\000v\000a\001\145\000\040\000p\000r\000o\000b\000l\000e\000m\000a\000t\000i\000k\000u\000\040\000b\000e\000z\000p\000e\001\015\000n\000o\000s\000t\000i\000\040\001\141\000i\000f\000r\000o\000v\000a\000c\000\355\000c\000h\000\040\000a\000l\000g\000o\000r\000i\000t\000m\000o\000v}{section.1}% 4
\BOOKMARK [2][]{subsection.1.3}{\376\377\0001\000.\0003\000\040\000\332\000l\000o\000h\000a\000\040\0003\000:\000\040\000N\000a\000v\000r\000h\000n\000\372\001\145\000\040\000m\000o\000d\000e\000l\000\040\000p\000r\000\355\000s\000t\000u\000p\000o\000v\000\351\000h\000o\000\040\000s\000y\000s\000t\000\351\000m\000u}{section.1}% 5
\BOOKMARK [2][]{subsection.1.4}{\376\377\0001\000.\0004\000\040\000\332\000l\000o\000h\000a\000\040\0004\000:\000\040\000V\000y\000h\000o\000d\000n\000o\000t\000i\001\145\000\040\000\372\001\015\000i\000n\000n\000o\000s\001\145\000\040\000a\000l\000g\000o\000r\000i\000t\000m\000o\000v\000\040\000a\000\040\000n\000a\000v\000r\000h\000n\000\372\001\145\000\040\000m\000o\000d\000i\000f\000i\000k\000\341\000c\000i\000e}{section.1}% 6
\BOOKMARK [2][]{subsection.1.5}{\376\377\0001\000.\0005\000\040\000\332\000l\000o\000h\000a\000\040\0005\000:\000\040\000V\000y\000p\000r\000a\000c\000o\000v\000a\001\145\000\040\000d\000o\000k\000u\000m\000e\000n\000t\000\341\000c\000i\000u\000\040\000p\000o\000d\001\076\000a\000\040\001\141\000t\000a\000n\000d\000a\000r\000d\000o\000v\000\040\000K\000P\000I}{section.1}% 7
\BOOKMARK [2][]{subsection.1.6}{\376\377\0001\000.\0006\000\040\000P\000o\000d\000m\000i\000e\000n\000k\000y\000\040\000a\000\040\000o\000b\000m\000e\000d\000z\000e\000n\000i\000a\000\040\000r\000i\000e\001\141\000e\000n\000i\000a}{section.1}% 8
\BOOKMARK [1][]{section.2}{\376\377\0002\000\040\000A\000n\000a\000l\000\375\000z\000a}{}% 9
\BOOKMARK [2][]{subsection.2.1}{\376\377\0002\000.\0001\000\040\000A\000n\000a\000l\000\375\000z\000a\000\040\000a\000k\000t\000u\000\341\000l\000n\000y\000c\000h\000\040\000r\000i\000e\001\141\000e\000n\000\355\000\040\000a\000\040\000s\000r\000o\000v\000n\000\341\000v\000a\000c\000\355\000\040\000z\000\341\000k\000l\000a\000d\001\110\000a}{section.2}% 10
\BOOKMARK [3][]{subsubsection.2.1.1}{\376\377\0002\000.\0001\000.\0001\000\040\000E\000x\000i\000s\000t\000u\000j\000\372\000c\000e\000\040\000r\000i\000e\001\141\000e\000n\000i\000a\000\040\000v\000\040\000o\000b\000l\000a\000s\000t\000i\000\040\000p\000r\000\355\000s\000t\000u\000p\000o\000v\000\375\000c\000h\000\040\000s\000y\000s\000t\000\351\000m\000o\000v}{subsection.2.1}% 11
\BOOKMARK [3][]{subsubsection.2.1.2}{\376\377\0002\000.\0001\000.\0002\000\040\000R\000F\000C\000\040\0008\0004\0003\0009\000\040\000a\000k\000o\000\040\000s\000r\000o\000v\000n\000\341\000v\000a\000c\000i\000a\000\040\000z\000\341\000k\000l\000a\000d\001\110\000a}{subsection.2.1}% 12
\BOOKMARK [2][]{subsection.2.2}{\376\377\0002\000.\0002\000\040\000B\000e\000z\000p\000e\001\015\000n\000o\000s\000t\000n\000\351\000\040\000v\000\375\000c\000h\000o\000d\000i\000s\000k\000\341\000\040\000a\000\040\000m\000o\000d\000e\000l\000\040\000h\000r\000o\000z\000i\000e\000b}{section.2}% 13
\BOOKMARK [3][]{subsubsection.2.2.1}{\376\377\0002\000.\0002\000.\0001\000\040\000B\000e\000z\000p\000e\001\015\000n\000o\000s\000t\000n\000\351\000\040\000p\000o\001\176\000i\000a\000d\000a\000v\000k\000y\000\040\000a\000k\000o\000\040\000m\000e\000r\000a\000t\000e\001\076\000n\000\351\000\040\000t\000v\000r\000d\000e\000n\000i\000a}{subsection.2.2}% 14
\BOOKMARK [3][]{subsubsection.2.2.2}{\376\377\0002\000.\0002\000.\0002\000\040\000M\000o\000d\000e\000l\000\040\000h\000r\000o\000z\000i\000e\000b\000\040\000S\000T\000R\000I\000D\000E}{subsection.2.2}% 15
\BOOKMARK [3][]{subsubsection.2.2.3}{\376\377\0002\000.\0002\000.\0003\000\040\001\140\000p\000e\000c\000i\000f\000i\000k\000\341\000\040\000R\000F\000I\000D\000/\000N\000F\000C\000\040\000v\000\040\000p\000r\000\355\000s\000t\000u\000p\000o\000v\000\375\000c\000h\000\040\000s\000y\000s\000t\000\351\000m\000o\000c\000h}{subsection.2.2}% 16
\BOOKMARK [2][]{subsection.2.3}{\376\377\0002\000.\0003\000\040\000S\000y\000s\000t\000\351\000m\000y\000\040\000k\000o\000n\000t\000r\000o\000l\000y\000\040\000p\000r\000\355\000s\000t\000u\000p\000u\000\040\000a\000\040\000p\000r\000\355\000s\000t\000u\000p\000o\000v\000\351\000\040\000m\000o\000d\000e\000l\000y}{section.2}% 17
\BOOKMARK [3][]{subsubsection.2.3.1}{\376\377\0002\000.\0003\000.\0001\000\040\000F\000y\000z\000i\000c\000k\000\341\000\040\000v\000s\000.\000\040\000l\000o\000g\000i\000c\000k\000\341\000\040\000k\000o\000n\000t\000r\000o\000l\000a\000\040\000p\000r\000\355\000s\000t\000u\000p\000u}{subsection.2.3}% 18
\BOOKMARK [3][]{subsubsection.2.3.2}{\376\377\0002\000.\0003\000.\0002\000\040\000M\000o\000d\000e\000l\000y\000\040\000k\000o\000n\000t\000r\000o\000l\000y\000\040\000p\000r\000\355\000s\000t\000u\000p\000u}{subsection.2.3}% 19
\BOOKMARK [3][]{subsubsection.2.3.3}{\376\377\0002\000.\0003\000.\0003\000\040\000P\000r\000i\000n\000c\000\355\000p\000\040\000n\000a\000j\000m\000e\000n\000e\000j\000\040\000o\000p\000r\000\341\000v\000n\000e\000n\000\355}{subsection.2.3}% 20
\BOOKMARK [2][]{subsection.2.4}{\376\377\0002\000.\0004\000\040\000K\000r\000y\000p\000t\000o\000g\000r\000a\000f\000i\000c\000k\000\351\000\040\000z\000\341\000k\000l\000a\000d\000y}{section.2}% 21
\BOOKMARK [3][]{subsubsection.2.4.1}{\376\377\0002\000.\0004\000.\0001\000\040\000H\000M\000A\000C\000\040\000a\000\040\000h\000a\000s\000h\000o\000v\000a\000c\000i\000e\000\040\000f\000u\000n\000k\000c\000i\000e}{subsection.2.4}% 22
\BOOKMARK [3][]{subsubsection.2.4.2}{\376\377\0002\000.\0004\000.\0002\000\040\000S\000y\000m\000e\000t\000r\000i\000c\000k\000\351\000\040\001\141\000i\000f\000r\000o\000v\000a\000n\000i\000e\000\040\000a\000\040\000A\000E\000A\000D}{subsection.2.4}% 23
\BOOKMARK [3][]{subsubsection.2.4.3}{\376\377\0002\000.\0004\000.\0003\000\040\000N\000o\000n\000c\000e\000\040\000s\000t\000r\000a\000t\000\351\000g\000i\000e\000\040\000a\000\040\000i\000c\000h\000\040\000b\000e\000z\000p\000e\001\015\000n\000o\000s\000t\000n\000\351\000\040\000m\000o\000d\000e\000l\000y}{subsection.2.4}% 24
\BOOKMARK [3][]{subsubsection.2.4.4}{\376\377\0002\000.\0004\000.\0004\000\040\000H\000K\000D\000F\000\040\000a\000\040\000d\000o\000m\000a\000i\000n\000\040\000s\000e\000p\000a\000r\000a\000t\000i\000o\000n}{subsection.2.4}% 25
\BOOKMARK [2][]{subsection.2.5}{\376\377\0002\000.\0005\000\040\000Z\000\341\000s\000a\000d\000y\000\040\000n\000\341\000v\000r\000h\000u\000\040\000b\000e\000z\000p\000e\001\015\000n\000\375\000c\000h\000\040\000p\000r\000o\000t\000o\000k\000o\000l\000o\000v}{section.2}% 26
\BOOKMARK [3][]{subsubsection.2.5.1}{\376\377\0002\000.\0005\000.\0001\000\040\000F\000a\000i\000l\000-\000c\000l\000o\000s\000e\000d\000\040\000s\000p\000r\000\341\000v\000a\000n\000i\000e}{subsection.2.5}% 27
\BOOKMARK [3][]{subsubsection.2.5.2}{\376\377\0002\000.\0005\000.\0002\000\040\000J\000e\000d\000n\000o\000z\000n\000a\001\015\000n\000\341\000\040\000s\000e\000r\000i\000a\000l\000i\000z\000\341\000c\000i\000a\000\040\000a\000\040\000v\000a\000l\000i\000d\000\341\000c\000i\000a\000\040\000v\000s\000t\000u\000p\000u}{subsection.2.5}% 28
\BOOKMARK [3][]{subsubsection.2.5.3}{\376\377\0002\000.\0005\000.\0003\000\040\000M\000a\000p\000o\000v\000a\000n\000i\000e\000\040\000b\000e\000z\000p\000e\001\015\000n\000o\000s\000t\000n\000\375\000c\000h\000\040\000c\000i\000e\001\076\000o\000v\000\040\000n\000a\000\040\000m\000e\000c\000h\000a\000n\000i\000z\000m\000y}{subsection.2.5}% 29
\BOOKMARK [3][]{subsubsection.2.5.4}{\376\377\0002\000.\0005\000.\0004\000\040\000K\000o\000m\000p\000r\000o\000m\000i\000s\000y\000\040\000m\000e\000d\000z\000i\000\040\000b\000e\000z\000p\000e\001\015\000n\000o\000s\001\145\000o\000u\000\040\000a\000\040\000p\000o\000u\001\176\000i\000t\000e\001\076\000n\000o\000s\001\145\000o\000u}{subsection.2.5}% 30
\BOOKMARK [2][]{subsection.2.6}{\376\377\0002\000.\0006\000\040\000S\000p\000r\000\341\000v\000a\000\040\000k\000r\000y\000p\000t\000o\000g\000r\000a\000f\000i\000c\000k\000\375\000c\000h\000\040\000k\001\076\000\372\001\015\000o\000v}{section.2}% 31
\BOOKMARK [3][]{subsubsection.2.6.1}{\376\377\0002\000.\0006\000.\0001\000\040\000O\000d\000d\000e\000l\000e\000n\000i\000e\000\040\000k\001\076\000\372\001\015\000o\000v\000\040\000p\000o\000d\001\076\000a\000\040\000\372\001\015\000e\000l\000u}{subsection.2.6}% 32
\BOOKMARK [3][]{subsubsection.2.6.2}{\376\377\0002\000.\0006\000.\0002\000\040\000V\000e\000r\000z\000o\000v\000a\000n\000i\000e\000\040\000a\000\040\000r\000o\000t\000\341\000c\000i\000a\000\040\000k\001\076\000\372\001\015\000o\000v}{subsection.2.6}% 33
\BOOKMARK [3][]{subsubsection.2.6.3}{\376\377\0002\000.\0006\000.\0003\000\040\000U\000k\000l\000a\000d\000a\000n\000i\000e\000\040\000k\001\076\000\372\001\015\000o\000v\000\040\000a\000\040\000p\000r\000o\000v\000i\000s\000i\000o\000n\000i\000n\000g}{subsection.2.6}% 34
\BOOKMARK [3][]{subsubsection.2.6.4}{\376\377\0002\000.\0006\000.\0004\000\040\000K\000o\000m\000p\000r\000o\000m\000i\000t\000\341\000c\000i\000a\000\040\000a\000\040\000p\000o\000s\000t\000u\000p\000\040\000o\000b\000n\000o\000v\000y}{subsection.2.6}% 35
\BOOKMARK [2][]{subsection.2.7}{\376\377\0002\000.\0007\000\040\000O\000c\000h\000r\000a\000n\000a\000\040\000s\000\372\000k\000r\000o\000m\000i\000a\000\040\000i\000d\000e\000n\000t\000i\000f\000i\000k\000\341\000t\000o\000r\000o\000v}{section.2}% 36
\BOOKMARK [2][]{subsection.2.8}{\376\377\0002\000.\0008\000\040\000T\000a\000m\000p\000e\000r\000-\000e\000v\000i\000d\000e\000n\000t\000\040\000a\000u\000d\000i\000t\000\040\000l\000o\000g}{section.2}% 37
\BOOKMARK [3][]{subsubsection.2.8.1}{\376\377\0002\000.\0008\000.\0001\000\040\000H\000a\000s\000h\000\040\000c\000h\000a\000i\000n\000\040\000s\000\040\000H\000M\000A\000C}{subsection.2.8}% 38
\BOOKMARK [3][]{subsubsection.2.8.2}{\376\377\0002\000.\0008\000.\0002\000\040\000A\000u\000d\000i\000t\000\040\000a\000n\000c\000h\000o\000r\000\040\000a\000\040\000o\000c\000h\000r\000a\000n\000a\000\040\000p\000r\000o\000t\000i\000\040\000t\000r\000u\000n\000c\000a\000t\000i\000o\000n}{subsection.2.8}% 39
\BOOKMARK [3][]{subsubsection.2.8.3}{\376\377\0002\000.\0008\000.\0003\000\040\000F\000o\000r\000w\000a\000r\000d\000\040\000i\000n\000t\000e\000g\000r\000i\000t\000y}{subsection.2.8}% 40
\BOOKMARK [3][]{subsubsection.2.8.4}{\376\377\0002\000.\0008\000.\0004\000\040\000V\000e\000r\000i\000f\000i\000k\000\341\000c\000i\000a}{subsection.2.8}% 41
\BOOKMARK [2][]{subsection.2.9}{\376\377\0002\000.\0009\000\040\000B\000e\000z\000p\000e\001\015\000n\000o\000s\001\145\000\040\000v\000s\000t\000a\000v\000a\000n\000\351\000h\000o\000\040\000z\000a\000r\000i\000a\000d\000e\000n\000i\000a}{section.2}% 42
\BOOKMARK [3][]{subsubsection.2.9.1}{\376\377\0002\000.\0009\000.\0001\000\040\000U\000k\000l\000a\000d\000a\000n\000i\000e\000\040\000t\000a\000j\000o\000m\000s\000t\000i\000e\000v\000\040\000n\000a\000\040\000z\000a\000r\000i\000a\000d\000e\000n\000\355}{subsection.2.9}% 43
\BOOKMARK [3][]{subsubsection.2.9.2}{\376\377\0002\000.\0009\000.\0002\000\040\000M\000o\000n\000o\000t\000\363\000n\000n\000e\000\040\000p\000o\001\015\000\355\000t\000a\000d\000l\000\341\000\040\000a\000\040\000t\000r\000v\000\341\000c\000n\000o\000s\001\145\000\040\000s\000t\000a\000v\000u}{subsection.2.9}% 44
\BOOKMARK [3][]{subsubsection.2.9.3}{\376\377\0002\000.\0009\000.\0003\000\040\000F\000y\000z\000i\000c\000k\000\351\000\040\000\372\000t\000o\000k\000y\000\040\000a\000\040\000W\000i\000-\000F\000i\000\040\000k\000o\000n\000f\000i\000g\000u\000r\000\341\000c\000i\000a}{subsection.2.9}% 45
\BOOKMARK [2][]{subsection.2.10}{\376\377\0002\000.\0001\0000\000\040\000B\000e\000z\000p\000e\001\015\000n\000o\000s\001\145\000\040\000t\000r\000a\000n\000s\000p\000o\000r\000t\000n\000e\000j\000\040\000v\000r\000s\000t\000v\000y}{section.2}% 46
\BOOKMARK [3][]{subsubsection.2.10.1}{\376\377\0002\000.\0001\0000\000.\0001\000\040\000P\000r\000e\001\015\000o\000\040\000n\000e\000s\000t\000a\001\015\000\355\000\040\000i\000b\000a\000\040\000T\000L\000S}{subsection.2.10}% 47
\BOOKMARK [3][]{subsubsection.2.10.2}{\376\377\0002\000.\0001\0000\000.\0002\000\040\000P\000r\000a\000k\000t\000i\000c\000k\000\351\000\040\000n\000a\000s\000a\000d\000e\000n\000i\000e\000\040\000T\000L\000S\000\040\000v\000\040\000I\000o\000T}{subsection.2.10}% 48
\BOOKMARK [2][]{subsection.2.11}{\376\377\0002\000.\0001\0001\000\040\000S\000\372\000v\000i\000s\000i\000a\000c\000e\000\040\000p\000r\000\355\000s\000t\000u\000p\000y\000\040\000a\000\040\000p\000o\000s\000t\000a\000v\000e\000n\000i\000e\000\040\000n\000a\000v\000r\000h\000o\000v\000a\000n\000\351\000h\000o\000\040\000r\000i\000e\001\141\000e\000n\000i\000a}{section.2}% 49
\BOOKMARK [3][]{subsubsection.2.11.1}{\376\377\0002\000.\0001\0001\000.\0001\000\040\000K\000o\000m\000u\000n\000i\000k\000a\001\015\000n\000\351\000\040\000p\000r\000o\000t\000o\000k\000o\000l\000y\000:\000\040\000W\000i\000e\000g\000a\000n\000d\000\040\000a\000\040\000O\000S\000D\000P}{subsection.2.11}% 50
\BOOKMARK [3][]{subsubsection.2.11.2}{\376\377\0002\000.\0001\0001\000.\0002\000\040\000P\000o\000s\000t\000a\000v\000e\000n\000i\000e\000\040\000n\000a\000v\000r\000h\000o\000v\000a\000n\000\351\000h\000o\000\040\000r\000i\000e\001\141\000e\000n\000i\000a}{subsection.2.11}% 51
\BOOKMARK [2][]{subsection.2.12}{\376\377\0002\000.\0001\0002\000\040\000Z\000h\000r\000n\000u\000t\000i\000e\000\040\000t\000e\000o\000r\000e\000t\000i\000c\000k\000\375\000c\000h\000\040\000v\000\375\000c\000h\000o\000d\000\355\000s\000k}{section.2}% 52
\BOOKMARK [3][]{subsubsection.2.12.1}{\376\377\0002\000.\0001\0002\000.\0001\000\040\000P\000r\000e\000d\000p\000o\000k\000l\000a\000d\000y\000\040\000a\000\040\000z\000v\000y\001\141\000k\000o\000v\000\351\000\040\000r\000i\000z\000i\000k\000o}{subsection.2.12}% 53
\BOOKMARK [1][]{section.3}{\376\377\0003\000\040\000R\000e\000a\000l\000i\000z\000\341\000c\000i\000a\000\040\000a\000\040\000e\000x\000p\000e\000r\000i\000m\000e\000n\000t\000\341\000l\000n\000e\000\040\000v\000y\000h\000o\000d\000n\000o\000t\000e\000n\000i\000e}{}% 54
\BOOKMARK [2][]{subsection.3.1}{\376\377\0003\000.\0001\000\040\000P\000r\000a\000k\000t\000i\000c\000k\000\341\000\040\000i\000m\000p\000l\000e\000m\000e\000n\000t\000\341\000c\000i\000a\000\040\000n\000a\000v\000r\000h\000n\000u\000t\000\351\000h\000o\000\040\000s\000y\000s\000t\000\351\000m\000u}{section.3}% 55
\BOOKMARK [3][]{subsubsection.3.1.1}{\376\377\0003\000.\0001\000.\0001\000\040\000A\000r\000c\000h\000i\000t\000e\000k\000t\000\372\000r\000a\000\040\000i\000m\000p\000l\000e\000m\000e\000n\000t\000\341\000c\000i\000e}{subsection.3.1}% 56
\BOOKMARK [3][]{subsubsection.3.1.2}{\376\377\0003\000.\0001\000.\0002\000\040\000M\000o\000d\000u\000l\000\341\000r\000n\000a\000\040\001\141\000t\000r\000u\000k\000t\000\372\000r\000a\000\040\000a\000\040\000e\000x\000t\000e\000r\000n\000\351\000\040\000z\000\341\000v\000i\000s\000l\000o\000s\000t\000i}{subsection.3.1}% 57
\BOOKMARK [3][]{subsubsection.3.1.3}{\376\377\0003\000.\0001\000.\0003\000\040\000A\000E\000A\000D\000\040\001\141\000i\000f\000r\000o\000v\000a\000n\000i\000e\000\040\000i\000n\000t\000e\000r\000n\000\351\000h\000o\000\040\000f\000r\000a\000m\000e}{subsection.3.1}% 58
\BOOKMARK [3][]{subsubsection.3.1.4}{\376\377\0003\000.\0001\000.\0004\000\040\000D\000e\000r\000i\000v\000\341\000c\000i\000a\000\040\000k\001\076\000\372\001\015\000o\000v\000\040\000a\000\040\000d\000o\000m\000a\000i\000n\000\040\000s\000e\000p\000a\000r\000a\000t\000i\000o\000n}{subsection.3.1}% 59
\BOOKMARK [3][]{subsubsection.3.1.5}{\376\377\0003\000.\0001\000.\0005\000\040\000A\000n\000t\000i\000-\000r\000e\000p\000l\000a\000y\000\040\000m\000e\000c\000h\000a\000n\000i\000z\000m\000u\000s}{subsection.3.1}% 60
\BOOKMARK [3][]{subsubsection.3.1.6}{\376\377\0003\000.\0001\000.\0006\000\040\000D\000e\000t\000e\000k\000t\000o\000r\000\040\000p\000r\000o\000t\000o\000k\000o\000l\000o\000v\000\375\000c\000h\000\040\000a\000n\000o\000m\000\341\000l\000i\000\355}{subsection.3.1}% 61
\BOOKMARK [3][]{subsubsection.3.1.7}{\376\377\0003\000.\0001\000.\0007\000\040\001\016\000a\000l\001\141\000i\000e\000\040\000b\000e\000z\000p\000e\001\015\000n\000o\000s\000t\000n\000\351\000\040\000m\000e\000c\000h\000a\000n\000i\000z\000m\000y}{subsection.3.1}% 62
\BOOKMARK [2][]{subsection.3.2}{\376\377\0003\000.\0002\000\040\000V\000e\000r\000i\000f\000i\000k\000\341\000c\000i\000a\000\040\000k\000v\000a\000l\000i\000t\000y\000\040\000k\000\363\000d\000u\000\040\000p\000r\000e\000d\000\040\000e\000x\000p\000e\000r\000i\000m\000e\000n\000t\000m\000i}{section.3}% 63
\BOOKMARK [2][]{subsection.3.3}{\376\377\0003\000.\0003\000\040\000E\000x\000p\000e\000r\000i\000m\000e\000n\000t\000\341\000l\000n\000a\000\040\000a\000n\000a\000l\000\375\000z\000a\000\040\000b\000e\000z\000p\000e\001\015\000n\000o\000s\000t\000n\000\375\000c\000h\000\040\000p\000r\000o\000f\000i\000l\000o\000v}{section.3}% 64
\BOOKMARK [3][]{subsubsection.3.3.1}{\376\377\0003\000.\0003\000.\0001\000\040\000M\000a\000t\000i\000c\000a\000\040\000k\000o\000n\000f\000i\000g\000u\000r\000a\001\015\000n\000\375\000c\000h\000\040\000p\000r\000o\000f\000i\000l\000o\000v}{subsection.3.3}% 65
\BOOKMARK [3][]{subsubsection.3.3.2}{\376\377\0003\000.\0003\000.\0002\000\040\000A\000r\000c\000h\000i\000t\000e\000k\000t\000\372\000r\000a\000\040\000e\000x\000p\000e\000r\000i\000m\000e\000n\000t\000\341\000l\000n\000e\000h\000o\000\040\000h\000a\000r\000n\000e\000s\000s\000u}{subsection.3.3}% 66
\BOOKMARK [3][]{subsubsection.3.3.3}{\376\377\0003\000.\0003\000.\0003\000\040\000P\000o\000p\000i\000s\000\040\000\372\000t\000o\000k\000o\000v\000\375\000c\000h\000\040\000s\000c\000e\000n\000\341\000r\000o\000v}{subsection.3.3}% 67
\BOOKMARK [3][]{subsubsection.3.3.4}{\376\377\0003\000.\0003\000.\0004\000\040\000M\000e\000t\000o\000d\000i\000k\000a\000\040\000z\000b\000e\000r\000u\000\040\000a\000\040\000s\000p\000r\000a\000c\000o\000v\000a\000n\000i\000a\000\040\000d\000\341\000t}{subsection.3.3}% 68
\BOOKMARK [3][]{subsubsection.3.3.5}{\376\377\0003\000.\0003\000.\0005\000\040\000V\000\375\000s\000l\000e\000d\000k\000y\000:\000\040\000\332\000s\000p\000e\001\141\000n\000o\000s\001\145\000\040\000\372\000t\000o\000k\000o\000v}{subsection.3.3}% 69
\BOOKMARK [3][]{subsubsection.3.3.6}{\376\377\0003\000.\0003\000.\0006\000\040\000V\000\375\000s\000l\000e\000d\000k\000y\000:\000\040\000B\000a\000s\000e\000l\000i\000n\000e\000\040\000k\000o\000r\000e\000k\000t\000n\000o\000s\001\145}{subsection.3.3}% 70
\BOOKMARK [3][]{subsubsection.3.3.7}{\376\377\0003\000.\0003\000.\0007\000\040\000V\000\375\000s\000l\000e\000d\000k\000y\000:\000\040\000L\000a\000t\000e\000n\000c\000i\000a\000\040\000a\000\040\000p\000r\000i\000e\000p\000u\000s\000t\000n\000o\000s\001\145}{subsection.3.3}% 71
\BOOKMARK [3][]{subsubsection.3.3.8}{\376\377\0003\000.\0003\000.\0008\000\040\000D\000i\000s\000k\000u\000s\000i\000a\000\040\000a\000\040\000i\000n\000t\000e\000r\000p\000r\000e\000t\000\341\000c\000i\000a\000\040\000v\000\375\000s\000l\000e\000d\000k\000o\000v}{subsection.3.3}% 72
\BOOKMARK [3][]{subsubsection.3.3.9}{\376\377\0003\000.\0003\000.\0009\000\040\000P\000o\000r\000o\000v\000n\000a\000n\000i\000e\000\040\000s\000\040\000m\000i\000n\000i\000m\000a\000l\000i\000s\000t\000i\000c\000k\000\375\000m\000i\000\040\000i\000m\000p\000l\000e\000m\000e\000n\000t\000\341\000c\000i\000a\000m\000i}{subsection.3.3}% 73
\BOOKMARK [3][]{subsubsection.3.3.10}{\376\377\0003\000.\0003\000.\0001\0000\000\040\000Z\000h\000r\000n\000u\000t\000i\000e\000\040\000e\000x\000p\000e\000r\000i\000m\000e\000n\000t\000o\000v}{subsection.3.3}% 74
\BOOKMARK [1][]{section.4}{\376\377\0004\000\040\000Z\000\341\000v\000e\000r\000\040\000\050\000z\000h\000o\000d\000n\000o\000t\000e\000n\000i\000e\000\040\000r\000i\000e\001\141\000e\000n\000i\000a\000\051}{}% 75
\BOOKMARK [1][]{table.4.1}{\376\377\000\040\000Z\000o\000z\000n\000a\000m\000\040\000p\000o\000u\001\176\000i\000t\000e\000j\000\040\000l\000i\000t\000e\000r\000a\000t\000\372\000r\000y}{}% 76
\BOOKMARK [1][]{section*.43}{\376\377\000\040\000Z\000o\000z\000n\000a\000m\000\040\000p\000r\000\355\000l\000o\000h}{}% 77
\BOOKMARK [1][]{section*.45}{\376\377\000\040\000P\000r\000\355\000l\000o\000h\000a\000\040\000A}{}% 78
\BOOKMARK [1][]{section*.46}{\376\377\000\040\000P\000r\000\355\000l\000o\000h\000a\000\040\000B}{}% 79
\BOOKMARK [1][]{section*.47}{\376\377\000\040\000P\000r\000\355\000l\000o\000h\000a\000\040\000C}{}% 80
\BOOKMARK [1][]{section*.48}{\376\377\000\040\000P\000r\000\355\000l\000o\000h\000a\000\040\000D}{}% 81
