This is pdfTeX, Version 3.141592653-2.6-1.40.25 (TeX Live 2023/Debian) (preloaded format=pdflatex 2026.4.6)  10 APR 2026 01:06
entering extended mode
 restricted \write18 enabled.
 %&-line parsing enabled.
**latex_sablona.tex
(./latex_sablona.tex
LaTeX2e <2023-11-01> patch level 1
L3 programming layer <2024-01-22>
(./IEEEtran.cls
Document Class: IEEEtran 2007/03/05 V1.7a by Michael Shell
-- See the "IEEEtran_HOWTO" manual for usage information.
-- http://www.michaelshell.org/tex/ieeetran/
\@IEEEtrantmpdimenA=\dimen140
\@IEEEtrantmpdimenB=\dimen141
\@IEEEtrantmpcountA=\count187
\@IEEEtrantmpcountB=\count188
\@IEEEtrantmptoksA=\toks17
LaTeX Font Info:    Trying to load font information for OT1+ptm on input line 3
88.
(/usr/share/texlive/texmf-dist/tex/latex/psnfss/ot1ptm.fd
File: ot1ptm.fd 2001/06/04 font definitions for OT1/ptm.
)
** ATTENTION: Single column mode is not typically used with IEEE publications.
-- Using 210mm x 297mm (a4) paper.
-- Using PDF output.
\@IEEEnormalsizeunitybaselineskip=\dimen142
-- This is a 10 point document.
\CLASSINFOnormalsizebaselineskip=\dimen143
\CLASSINFOnormalsizeunitybaselineskip=\dimen144
\IEEEnormaljot=\dimen145
LaTeX Font Info:    Font shape `OT1/ptm/bx/n' in size <5> not available
(Font)              Font shape `OT1/ptm/b/n' tried instead on input line 746.
LaTeX Font Info:    Font shape `OT1/ptm/bx/it' in size <5> not available
(Font)              Font shape `OT1/ptm/b/it' tried instead on input line 746.
LaTeX Font Info:    Font shape `OT1/ptm/bx/n' in size <7> not available
(Font)              Font shape `OT1/ptm/b/n' tried instead on input line 746.
LaTeX Font Info:    Font shape `OT1/ptm/bx/it' in size <7> not available
(Font)              Font shape `OT1/ptm/b/it' tried instead on input line 746.
LaTeX Font Info:    Font shape `OT1/ptm/bx/n' in size <8> not available
(Font)              Font shape `OT1/ptm/b/n' tried instead on input line 746.
LaTeX Font Info:    Font shape `OT1/ptm/bx/it' in size <8> not available
(Font)              Font shape `OT1/ptm/b/it' tried instead on input line 746.
LaTeX Font Info:    Font shape `OT1/ptm/bx/n' in size <9> not available
(Font)              Font shape `OT1/ptm/b/n' tried instead on input line 746.
LaTeX Font Info:    Font shape `OT1/ptm/bx/it' in size <9> not available
(Font)              Font shape `OT1/ptm/b/it' tried instead on input line 746.
LaTeX Font Info:    Font shape `OT1/ptm/bx/n' in size <10> not available
(Font)              Font shape `OT1/ptm/b/n' tried instead on input line 746.
LaTeX Font Info:    Font shape `OT1/ptm/bx/it' in size <10> not available
(Font)              Font shape `OT1/ptm/b/it' tried instead on input line 746.
LaTeX Font Info:    Font shape `OT1/ptm/bx/n' in size <11> not available
(Font)              Font shape `OT1/ptm/b/n' tried instead on input line 746.
LaTeX Font Info:    Font shape `OT1/ptm/bx/it' in size <11> not available
(Font)              Font shape `OT1/ptm/b/it' tried instead on input line 746.
LaTeX Font Info:    Font shape `OT1/ptm/bx/n' in size <12> not available
(Font)              Font shape `OT1/ptm/b/n' tried instead on input line 746.
LaTeX Font Info:    Font shape `OT1/ptm/bx/it' in size <12> not available
(Font)              Font shape `OT1/ptm/b/it' tried instead on input line 746.
LaTeX Font Info:    Font shape `OT1/ptm/bx/n' in size <17> not available
(Font)              Font shape `OT1/ptm/b/n' tried instead on input line 746.
LaTeX Font Info:    Font shape `OT1/ptm/bx/it' in size <17> not available
(Font)              Font shape `OT1/ptm/b/it' tried instead on input line 746.
LaTeX Font Info:    Font shape `OT1/ptm/bx/n' in size <20> not available
(Font)              Font shape `OT1/ptm/b/n' tried instead on input line 746.
LaTeX Font Info:    Font shape `OT1/ptm/bx/it' in size <20> not available
(Font)              Font shape `OT1/ptm/b/it' tried instead on input line 746.
LaTeX Font Info:    Font shape `OT1/ptm/bx/n' in size <24> not available
(Font)              Font shape `OT1/ptm/b/n' tried instead on input line 746.
LaTeX Font Info:    Font shape `OT1/ptm/bx/it' in size <24> not available
(Font)              Font shape `OT1/ptm/b/it' tried instead on input line 746.
\IEEEilabelindentA=\dimen146
\IEEEilabelindentB=\dimen147
\IEEEilabelindent=\dimen148
\IEEEelabelindent=\dimen149
\IEEEdlabelindent=\dimen150
\IEEElabelindent=\dimen151
\IEEEiednormlabelsep=\dimen152
\IEEEiedmathlabelsep=\dimen153
\IEEEiedtopsep=\skip48
\c@section=\count189
\c@subsection=\count190
\c@subsubsection=\count191
\c@paragraph=\count192
\c@IEEEsubequation=\count193
\abovecaptionskip=\skip49
\belowcaptionskip=\skip50
\c@figure=\count194
\c@table=\count195
\@IEEEeqnnumcols=\count196
\@IEEEeqncolcnt=\count197
\@IEEEtmpitemindent=\dimen154
\c@IEEEbiography=\count198
\@IEEEtranrubishbin=\box51
) (/usr/share/texlive/texmf-dist/tex/latex/base/fontenc.sty
Package: fontenc 2021/04/29 v2.0v Standard LaTeX package
LaTeX Font Info:    Trying to load font information for T1+ptm on input line 11
2.

(/usr/share/texlive/texmf-dist/tex/latex/psnfss/t1ptm.fd
File: t1ptm.fd 2001/06/04 font definitions for T1/ptm.
))
(/usr/share/texlive/texmf-dist/tex/latex/base/inputenc.sty
Package: inputenc 2021/02/14 v1.3d Input encoding file
\inpenc@prehook=\toks18
\inpenc@posthook=\toks19
)
(/usr/share/texlive/texmf-dist/tex/generic/babel/babel.sty
Package: babel 2024/01/07 v24.1 The Babel package
\babel@savecnt=\count199
\U@D=\dimen155
\l@unhyphenated=\language5

(/usr/share/texlive/texmf-dist/tex/generic/babel/txtbabel.def)
\bbl@readstream=\read2
\bbl@dirlevel=\count266


! Package babel Error: Unknown option 'slovak'. Either you misspelled it
(babel)                or the language definition file slovak.ldf
(babel)                was not found.
(babel)                There is a locale ini file for this language.
(babel)                If itâs the main language, try adding `provide=*'
(babel)                to the babel package options.

See the babel package documentation for explanation.
Type  H <return>  for immediate help.
 ...                                              
                                                  
l.4291 \ProcessOptions*
                       
Valid options are, among others: shorthands=, KeepShorthandsActive,
activeacute, activegrave, noconfigs, safe=, main=, math=
headfoot=, strings=, config=, hyphenmap=, or a language name.

Package babel Info: You haven't specified a language as a class or package
(babel)             option. I'll load 'nil'. Reported on input line 4342.
(/usr/share/texlive/texmf-dist/tex/generic/babel/nil.ldf
Language: nil 2024/01/07 v24.1 Nil language
\l@nil=\language6
))
(/usr/share/texlive/texmf-dist/tex/latex/graphics/graphicx.sty
Package: graphicx 2021/09/16 v1.2d Enhanced LaTeX Graphics (DPC,SPQR)

(/usr/share/texlive/texmf-dist/tex/latex/graphics/keyval.sty
Package: keyval 2022/05/29 v1.15 key=value parser (DPC)
\KV@toks@=\toks20
)
(/usr/share/texlive/texmf-dist/tex/latex/graphics/graphics.sty
Package: graphics 2022/03/10 v1.4e Standard LaTeX Graphics (DPC,SPQR)

(/usr/share/texlive/texmf-dist/tex/latex/graphics/trig.sty
Package: trig 2021/08/11 v1.11 sin cos tan (DPC)
)
(/usr/share/texlive/texmf-dist/tex/latex/graphics-cfg/graphics.cfg
File: graphics.cfg 2016/06/04 v1.11 sample graphics configuration
)
Package graphics Info: Driver file: pdftex.def on input line 107.

(/usr/share/texlive/texmf-dist/tex/latex/graphics-def/pdftex.def
File: pdftex.def 2022/09/22 v1.2b Graphics/color driver for pdftex
))
\Gin@req@height=\dimen156
\Gin@req@width=\dimen157
)
(/usr/share/texlive/texmf-dist/tex/latex/amsmath/amsmath.sty
Package: amsmath 2023/05/13 v2.17o AMS math features
\@mathmargin=\skip51

For additional information on amsmath, use the `?' option.
(/usr/share/texlive/texmf-dist/tex/latex/amsmath/amstext.sty
Package: amstext 2021/08/26 v2.01 AMS text

(/usr/share/texlive/texmf-dist/tex/latex/amsmath/amsgen.sty
File: amsgen.sty 1999/11/30 v2.0 generic functions
\@emptytoks=\toks21
\ex@=\dimen158
))
(/usr/share/texlive/texmf-dist/tex/latex/amsmath/amsbsy.sty
Package: amsbsy 1999/11/29 v1.2d Bold Symbols
\pmbraise@=\dimen159
)
(/usr/share/texlive/texmf-dist/tex/latex/amsmath/amsopn.sty
Package: amsopn 2022/04/08 v2.04 operator names
)
\inf@bad=\count267
LaTeX Info: Redefining \frac on input line 234.
\uproot@=\count268
\leftroot@=\count269
LaTeX Info: Redefining \overline on input line 399.
LaTeX Info: Redefining \colon on input line 410.
\classnum@=\count270
\DOTSCASE@=\count271
LaTeX Info: Redefining \ldots on input line 496.
LaTeX Info: Redefining \dots on input line 499.
LaTeX Info: Redefining \cdots on input line 620.
\Mathstrutbox@=\box52
\strutbox@=\box53
LaTeX Info: Redefining \big on input line 722.
LaTeX Info: Redefining \Big on input line 723.
LaTeX Info: Redefining \bigg on input line 724.
LaTeX Info: Redefining \Bigg on input line 725.
\big@size=\dimen160
LaTeX Font Info:    Redeclaring font encoding OML on input line 743.
LaTeX Font Info:    Redeclaring font encoding OMS on input line 744.
\macc@depth=\count272
LaTeX Info: Redefining \bmod on input line 905.
LaTeX Info: Redefining \pmod on input line 910.
LaTeX Info: Redefining \smash on input line 940.
LaTeX Info: Redefining \relbar on input line 970.
LaTeX Info: Redefining \Relbar on input line 971.
\c@MaxMatrixCols=\count273
\dotsspace@=\muskip16
\c@parentequation=\count274
\dspbrk@lvl=\count275
\tag@help=\toks22
\row@=\count276
\column@=\count277
\maxfields@=\count278
\andhelp@=\toks23
\eqnshift@=\dimen161
\alignsep@=\dimen162
\tagshift@=\dimen163
\tagwidth@=\dimen164
\totwidth@=\dimen165
\lineht@=\dimen166
\@envbody=\toks24
\multlinegap=\skip52
\multlinetaggap=\skip53
\mathdisplay@stack=\toks25
LaTeX Info: Redefining \[ on input line 2953.
LaTeX Info: Redefining \] on input line 2954.
)
(/usr/share/texlive/texmf-dist/tex/latex/amsfonts/amssymb.sty
Package: amssymb 2013/01/14 v3.01 AMS font symbols

(/usr/share/texlive/texmf-dist/tex/latex/amsfonts/amsfonts.sty
Package: amsfonts 2013/01/14 v3.01 Basic AMSFonts support
\symAMSa=\mathgroup4
\symAMSb=\mathgroup5
LaTeX Font Info:    Redeclaring math symbol \hbar on input line 98.
LaTeX Font Info:    Overwriting math alphabet `\mathfrak' in version `bold'
(Font)                  U/euf/m/n --> U/euf/b/n on input line 106.
))
(/usr/share/texlive/texmf-dist/tex/latex/base/textcomp.sty
Package: textcomp 2020/02/02 v2.0n Standard LaTeX package
)
(/usr/share/texlive/texmf-dist/tex/latex/booktabs/booktabs.sty
Package: booktabs 2020/01/12 v1.61803398 Publication quality tables
\heavyrulewidth=\dimen167
\lightrulewidth=\dimen168
\cmidrulewidth=\dimen169
\belowrulesep=\dimen170
\belowbottomsep=\dimen171
\aboverulesep=\dimen172
\abovetopsep=\dimen173
\cmidrulesep=\dimen174
\cmidrulekern=\dimen175
\defaultaddspace=\dimen176
\@cmidla=\count279
\@cmidlb=\count280
\@aboverulesep=\dimen177
\@belowrulesep=\dimen178
\@thisruleclass=\count281
\@lastruleclass=\count282
\@thisrulewidth=\dimen179
)
(/usr/share/texlive/texmf-dist/tex/latex/enumitem/enumitem.sty
Package: enumitem 2019/06/20 v3.9 Customized lists
\labelindent=\skip54
\enit@outerparindent=\dimen180
\enit@toks=\toks26
\enit@inbox=\box54
\enit@count@id=\count283
\enitdp@description=\count284
)
(/usr/share/texlive/texmf-dist/tex/latex/hyperref/hyperref.sty
Package: hyperref 2024-01-20 v7.01h Hypertext links for LaTeX

(/usr/share/texlive/texmf-dist/tex/generic/iftex/iftex.sty
Package: iftex 2022/02/03 v1.0f TeX engine tests
)
(/usr/share/texlive/texmf-dist/tex/latex/kvsetkeys/kvsetkeys.sty
Package: kvsetkeys 2022-10-05 v1.19 Key value parser (HO)
)
(/usr/share/texlive/texmf-dist/tex/generic/kvdefinekeys/kvdefinekeys.sty
Package: kvdefinekeys 2019-12-19 v1.6 Define keys (HO)
)
(/usr/share/texlive/texmf-dist/tex/generic/pdfescape/pdfescape.sty
Package: pdfescape 2019/12/09 v1.15 Implements pdfTeX's escape features (HO)

(/usr/share/texlive/texmf-dist/tex/generic/ltxcmds/ltxcmds.sty
Package: ltxcmds 2023-12-04 v1.26 LaTeX kernel commands for general use (HO)
)
(/usr/share/texlive/texmf-dist/tex/generic/pdftexcmds/pdftexcmds.sty
Package: pdftexcmds 2020-06-27 v0.33 Utility functions of pdfTeX for LuaTeX (HO
)

(/usr/share/texlive/texmf-dist/tex/generic/infwarerr/infwarerr.sty
Package: infwarerr 2019/12/03 v1.5 Providing info/warning/error messages (HO)
)
Package pdftexcmds Info: \pdf@primitive is available.
Package pdftexcmds Info: \pdf@ifprimitive is available.
Package pdftexcmds Info: \pdfdraftmode found.
))
(/usr/share/texlive/texmf-dist/tex/latex/hycolor/hycolor.sty
Package: hycolor 2020-01-27 v1.10 Color options for hyperref/bookmark (HO)
)
(/usr/share/texlive/texmf-dist/tex/latex/auxhook/auxhook.sty
Package: auxhook 2019-12-17 v1.6 Hooks for auxiliary files (HO)
)
(/usr/share/texlive/texmf-dist/tex/latex/hyperref/nameref.sty
Package: nameref 2023-11-26 v2.56 Cross-referencing by name of section

(/usr/share/texlive/texmf-dist/tex/latex/refcount/refcount.sty
Package: refcount 2019/12/15 v3.6 Data extraction from label references (HO)
)
(/usr/share/texlive/texmf-dist/tex/generic/gettitlestring/gettitlestring.sty
Package: gettitlestring 2019/12/15 v1.6 Cleanup title references (HO)

(/usr/share/texlive/texmf-dist/tex/latex/kvoptions/kvoptions.sty
Package: kvoptions 2022-06-15 v3.15 Key value format for package options (HO)
))
\c@section@level=\count285
)
(/usr/share/texlive/texmf-dist/tex/latex/etoolbox/etoolbox.sty
Package: etoolbox 2020/10/05 v2.5k e-TeX tools for LaTeX (JAW)
\etb@tempcnta=\count286
)
\@linkdim=\dimen181
\Hy@linkcounter=\count287
\Hy@pagecounter=\count288

(/usr/share/texlive/texmf-dist/tex/latex/hyperref/pd1enc.def
File: pd1enc.def 2024-01-20 v7.01h Hyperref: PDFDocEncoding definition (HO)
Now handling font encoding PD1 ...
... no UTF-8 mapping file for font encoding PD1
)
(/usr/share/texlive/texmf-dist/tex/generic/intcalc/intcalc.sty
Package: intcalc 2019/12/15 v1.3 Expandable calculations with integers (HO)
)
\Hy@SavedSpaceFactor=\count289

(/usr/share/texlive/texmf-dist/tex/latex/hyperref/puenc.def
File: puenc.def 2024-01-20 v7.01h Hyperref: PDF Unicode definition (HO)
Now handling font encoding PU ...
... no UTF-8 mapping file for font encoding PU
)
Package hyperref Info: Hyper figures OFF on input line 4179.
Package hyperref Info: Link nesting OFF on input line 4184.
Package hyperref Info: Hyper index ON on input line 4187.
Package hyperref Info: Plain pages OFF on input line 4194.
Package hyperref Info: Backreferencing OFF on input line 4199.
Package hyperref Info: Implicit mode ON; LaTeX internals redefined.
Package hyperref Info: Bookmarks ON on input line 4446.
\c@Hy@tempcnt=\count290

(/usr/share/texlive/texmf-dist/tex/latex/url/url.sty
\Urlmuskip=\muskip17
Package: url 2013/09/16  ver 3.4  Verb mode for urls, etc.
)
LaTeX Info: Redefining \url on input line 4784.
\XeTeXLinkMargin=\dimen182

(/usr/share/texlive/texmf-dist/tex/generic/bitset/bitset.sty
Package: bitset 2019/12/09 v1.3 Handle bit-vector datatype (HO)

(/usr/share/texlive/texmf-dist/tex/generic/bigintcalc/bigintcalc.sty
Package: bigintcalc 2019/12/15 v1.5 Expandable calculations on big integers (HO
)
))
\Fld@menulength=\count291
\Field@Width=\dimen183
\Fld@charsize=\dimen184
Package hyperref Info: Hyper figures OFF on input line 6063.
Package hyperref Info: Link nesting OFF on input line 6068.
Package hyperref Info: Hyper index ON on input line 6071.
Package hyperref Info: backreferencing OFF on input line 6078.
Package hyperref Info: Link coloring OFF on input line 6083.
Package hyperref Info: Link coloring with OCG OFF on input line 6088.
Package hyperref Info: PDF/A mode OFF on input line 6093.

(/usr/share/texlive/texmf-dist/tex/latex/base/atbegshi-ltx.sty
Package: atbegshi-ltx 2021/01/10 v1.0c Emulation of the original atbegshi
package with kernel methods
)
\Hy@abspage=\count292
\c@Item=\count293
\c@Hfootnote=\count294
)
Package hyperref Info: Driver (autodetected): hpdftex.

(/usr/share/texlive/texmf-dist/tex/latex/hyperref/hpdftex.def
File: hpdftex.def 2024-01-20 v7.01h Hyperref driver for pdfTeX

(/usr/share/texlive/texmf-dist/tex/latex/base/atveryend-ltx.sty
Package: atveryend-ltx 2020/08/19 v1.0a Emulation of the original atveryend pac
kage
with kernel methods
)
\Fld@listcount=\count295
\c@bookmark@seq@number=\count296

(/usr/share/texlive/texmf-dist/tex/latex/rerunfilecheck/rerunfilecheck.sty
Package: rerunfilecheck 2022-07-10 v1.10 Rerun checks for auxiliary files (HO)

(/usr/share/texlive/texmf-dist/tex/generic/uniquecounter/uniquecounter.sty
Package: uniquecounter 2019/12/15 v1.4 Provide unlimited unique counter (HO)
)
Package uniquecounter Info: New unique counter `rerunfilecheck' on input line 2
85.
)
\Hy@SectionHShift=\skip55
)
Package hyperref Info: Option `colorlinks' set `true' on input line 34.

(/usr/share/texlive/texmf-dist/tex/latex/lastpage/lastpage.sty
Package: lastpage 2023/10/14 v2.0e lastpage: 2.09 or 2e? (HMM)

(/usr/share/texlive/texmf-dist/tex/latex/lastpage/lastpage2e.sty
Package: lastpage2e 2023/10/14 v2.0e Decide which 2e lastpage version to use (H
MM)

(/usr/share/texlive/texmf-dist/tex/latex/lastpage/lastpagemodern.sty
Package: lastpagemodern 2023-10-14 v2.0e Refers to last page's name (HMM; JPG)
\c@lastpagecount=\count297
) 
)) (/usr/share/texlive/texmf-dist/tex/latex/tools/array.sty
Package: array 2023/10/16 v2.5g Tabular extension package (FMi)
\col@sep=\dimen185
\ar@mcellbox=\box55
\extrarowheight=\dimen186
\NC@list=\toks27
\extratabsurround=\skip56
\backup@length=\skip57
\ar@cellbox=\box56
)
(/usr/share/texlive/texmf-dist/tex/latex/l3backend/l3backend-pdftex.def
File: l3backend-pdftex.def 2024-01-04 L3 backend support: PDF output (pdfTeX)
\l__color_backend_stack_int=\count298
\l__pdf_internal_box=\box57
)
(./latex_sablona.aux)
\openout1 = `latex_sablona.aux'.

LaTeX Font Info:    Checking defaults for OML/cmm/m/it on input line 46.
LaTeX Font Info:    ... okay on input line 46.
LaTeX Font Info:    Checking defaults for OMS/cmsy/m/n on input line 46.
LaTeX Font Info:    ... okay on input line 46.
LaTeX Font Info:    Checking defaults for OT1/cmr/m/n on input line 46.
LaTeX Font Info:    ... okay on input line 46.
LaTeX Font Info:    Checking defaults for T1/cmr/m/n on input line 46.
LaTeX Font Info:    ... okay on input line 46.
LaTeX Font Info:    Checking defaults for TS1/cmr/m/n on input line 46.
LaTeX Font Info:    ... okay on input line 46.
LaTeX Font Info:    Checking defaults for OMX/cmex/m/n on input line 46.
LaTeX Font Info:    ... okay on input line 46.
LaTeX Font Info:    Checking defaults for U/cmr/m/n on input line 46.
LaTeX Font Info:    ... okay on input line 46.
LaTeX Font Info:    Checking defaults for PD1/pdf/m/n on input line 46.
LaTeX Font Info:    ... okay on input line 46.
LaTeX Font Info:    Checking defaults for PU/pdf/m/n on input line 46.
LaTeX Font Info:    ... okay on input line 46.

(/usr/share/texlive/texmf-dist/tex/context/base/mkii/supp-pdf.mkii
[Loading MPS to PDF converter (version 2006.09.02).]
\scratchcounter=\count299
\scratchdimen=\dimen187
\scratchbox=\box58
\nofMPsegments=\count300
\nofMParguments=\count301
\everyMPshowfont=\toks28
\MPscratchCnt=\count302
\MPscratchDim=\dimen188
\MPnumerator=\count303
\makeMPintoPDFobject=\count304
\everyMPtoPDFconversion=\toks29
) (/usr/share/texlive/texmf-dist/tex/latex/epstopdf-pkg/epstopdf-base.sty
Package: epstopdf-base 2020-01-24 v2.11 Base part for package epstopdf
Package epstopdf-base Info: Redefining graphics rule for `.eps' on input line 4
85.

(/usr/share/texlive/texmf-dist/tex/latex/latexconfig/epstopdf-sys.cfg
File: epstopdf-sys.cfg 2010/07/13 v1.3 Configuration of (r)epstopdf for TeX Liv
e
))
(/usr/share/texlive/texmf-dist/tex/latex/graphics/color.sty
Package: color 2022/01/06 v1.3d Standard LaTeX Color (DPC)

(/usr/share/texlive/texmf-dist/tex/latex/graphics-cfg/color.cfg
File: color.cfg 2016/01/02 v1.6 sample color configuration
)
Package color Info: Driver file: pdftex.def on input line 149.

(/usr/share/texlive/texmf-dist/tex/latex/graphics/mathcolor.ltx))
Package hyperref Info: Link coloring ON on input line 46.

(./latex_sablona.out) (./latex_sablona.out)
\@outlinefile=\write3
\openout3 = `latex_sablona.out'.

LaTeX Font Info:    Calculating math sizes for size <14> on input line 58.
LaTeX Font Info:    Trying to load font information for U+msa on input line 58.


(/usr/share/texlive/texmf-dist/tex/latex/amsfonts/umsa.fd
File: umsa.fd 2013/01/14 v3.01 AMS symbols A
)
LaTeX Font Info:    Trying to load font information for U+msb on input line 58.


(/usr/share/texlive/texmf-dist/tex/latex/amsfonts/umsb.fd
File: umsb.fd 2013/01/14 v3.01 AMS symbols B
)
LaTeX Font Info:    Calculating math sizes for size <11> on input line 58.
LaTeX Font Info:    Trying to load font information for T1+pcr on input line 63
.

(/usr/share/texlive/texmf-dist/tex/latex/psnfss/t1pcr.fd
File: t1pcr.fd 2001/06/04 font definitions for T1/pcr.
)
Overfull \hbox (2.30597pt too wide) in paragraph at lines 63--64
\T1/ptm/b/n/10 mechanizmom AEAD (ChaCha20-Poly1305 a XChaCha20-Poly1305) a audi
tný log navrhnutý
 []


Overfull \hbox (0.15428pt too wide) in paragraph at lines 63--64
\T1/ptm/b/n/10 generovania nonce (náhodný, deterministický HMAC a deterministic
ký s runtime anomálnou
 []


Overfull \hbox (4.59991pt too wide) has occurred while \output is active
 $[]$ 
 []


Overfull \hbox (4.59991pt too wide) has occurred while \output is active
 $[]$ 
 []

[1{/var/lib/texmf/fonts/map/pdftex/updmap/pdftex.map}{/usr/share/texlive/texmf-
dist/fonts/enc/dvips/base/8r.enc}]
Overfull \hbox (2.82582pt too wide) in paragraph at lines 82--89
\T1/ptm/m/n/10 underpins the implemented prototype: an ESP32 and RC522-based re
ader, a C++ server application,
 []


Overfull \hbox (3.1269pt too wide) in paragraph at lines 104--107
\T1/ptm/b/n/10 Keywords \T1/ptm/m/n/10 ^^U  access control, RFID, NFC, cryptogr
aphy, AEAD, ChaCha20-Poly1305, XChaCha20-
 []


Overfull \hbox (4.59991pt too wide) has occurred while \output is active
 $[]$ 
 []


Overfull \hbox (4.59991pt too wide) has occurred while \output is active
 $[]$ 
 []

[2

]
Overfull \hbox (14.33856pt too wide) in paragraph at lines 123--128
[] 
 []


Overfull \hbox (4.59991pt too wide) has occurred while \output is active
 $[]$ 
 []


Overfull \hbox (4.59991pt too wide) has occurred while \output is active
 $[]$ 
 []

[3

]
Overfull \hbox (4.59991pt too wide) has occurred while \output is active
 $[]$ 
 []


Overfull \hbox (4.59991pt too wide) has occurred while \output is active
 $[]$ 
 []

[4

] (./latex_sablona.toc
Overfull \hbox (4.59991pt too wide) has occurred while \output is active
 $[]$ 
 []


Overfull \hbox (4.59991pt too wide) has occurred while \output is active
 $[]$ 
 []

[5

]
Overfull \hbox (4.59991pt too wide) has occurred while \output is active
 $[]$ 
 []


Overfull \hbox (4.59991pt too wide) has occurred while \output is active
 $[]$ 
 []

[6]
Overfull \hbox (4.59991pt too wide) has occurred while \output is active
 $[]$ 
 []


Overfull \hbox (4.59991pt too wide) has occurred while \output is active
 $[]$ 
 []

[7])
\tf@toc=\write4
\openout4 = `latex_sablona.toc'.


Overfull \hbox (4.59991pt too wide) has occurred while \output is active
 $[]$ 
 []


Overfull \hbox (4.59991pt too wide) has occurred while \output is active
 $[]$ 
 []

[8] (./latex_sablona.lof
Overfull \hbox (1.35757pt too wide) in paragraph at lines 3--3
 [][] [][][]\T1/ptm/m/n/10 ChaCha20-Poly1305 AEAD: tok ēifrovania (vĐavo) a deē
ifrovania (vpravo). Poly1305 
 []

)
\tf@lof=\write5
\openout5 = `latex_sablona.lof'.


Overfull \hbox (4.59991pt too wide) has occurred while \output is active
 $[]$ 
 []


Overfull \hbox (4.59991pt too wide) has occurred while \output is active
 $[]$ 
 []

[9

]
Underfull \hbox (badness 1609) in paragraph at lines 203--203
[]|\T1/ptm/m/n/10 Spoofing, Tampering, Repudiation, Information Disclosure, Den
ial of Service,
 []


Overfull \hbox (54.79134pt too wide) in paragraph at lines 167--209
[] 
 []


Overfull \hbox (4.59991pt too wide) has occurred while \output is active
 $[]$ 
 []


Overfull \hbox (4.59991pt too wide) has occurred while \output is active
 $[]$ 
 []

[10

]
Overfull \hbox (0.59569pt too wide) in paragraph at lines 218--219
\T1/ptm/m/n/10 navrhnúī teoreticky maximálne silný systém bez ohĐadu na cenu a 
zlošitosī, ale postaviī prototyp,
 []


Overfull \hbox (6.51277pt too wide) in paragraph at lines 224--225
[]\T1/ptm/m/n/10 ēifrovanie a integrita interného payloadu pomocou AEAD (ChaCha
20-Poly1305[[]] a XChaCha20-
 []


Overfull \hbox (15.34604pt too wide) in paragraph at lines 232--233
\T1/ptm/m/n/10 HMAC a monotónneho \T1/pcr/m/n/10 hw_seq\T1/ptm/m/n/10 . Aš serv
er po overení tejto pošiadavky vytvára interný kryptograficky
 []


Overfull \hbox (10.19597pt too wide) in paragraph at lines 232--233
\T1/ptm/m/n/10 zámerne, pretoše ovplyvŽuje aj interpretáciu výsledkov: nieĢo in
é znamená ochrana proti podvrhnutiu
 []


Overfull \hbox (2.4858pt too wide) in paragraph at lines 234--235
\T1/ptm/m/n/10 hrozieb, kryptografické primitíva, autentifikáciu zariadenia, an
ti-replay mechanizmy, správu kĐúĢov
 []


Overfull \hbox (6.42601pt too wide) in paragraph at lines 234--235
\T1/ptm/m/n/10 porovnania ēiestich konfiguraĢných profilov, ktoré variujú ēifro
vací algoritmus, stratégiu generovania
 []


Overfull \hbox (4.03677pt too wide) in paragraph at lines 253--254
\T1/ptm/m/n/10 UID, poslaī ho na server a podĐa odpovede otvoriī dvere. Takýto 
návrh vēak rieēi iba funkcionalitu,
 []


Overfull \hbox (3.41649pt too wide) in paragraph at lines 264--265
[]\T1/ptm/m/n/10 Ak systém nepoušíva kryptograficky zabezpeĢené logovanie, útoĢ
ník môše po incidente vymazaī
 []


Overfull \hbox (4.59991pt too wide) has occurred while \output is active
 $[]$ 
 []


Overfull \hbox (4.59991pt too wide) has occurred while \output is active
 $[]$ 
 []

[11

]
Overfull \hbox (2.53552pt too wide) in paragraph at lines 285--286
\T1/ptm/m/n/10 mechanizmus je ^^RbezpeĢnejēí^^P, ale pripravuje priestor na jeh
o meranie a porovnanie s jednoduchēou
 []


Overfull \hbox (2.9465pt too wide) in paragraph at lines 299--300
\T1/ptm/m/n/10 prístupového systému. Niektoré voĐby boli urobené zámerne, preto
še cieĐom bolo overiī konkrétne
 []


Overfull \hbox (5.29482pt too wide) in paragraph at lines 301--302
\T1/ptm/m/n/10 autentifikáciou a integritou na aplikaĢnej vrstve (HMAC + \T1/pc
r/m/n/10 hw_seq\T1/ptm/m/n/10 ), zatiaĐ Ģo dôvernosī transportu
 []


Underfull \hbox (badness 10000) in paragraph at lines 316--317
[]|\T1/ptm/m/n/9 Práca sa zameriava najmä na
 []


Underfull \hbox (badness 2818) in paragraph at lines 316--317
\T1/ptm/m/n/9 bezpeĢnosī komunikácie, serverovej
 []


Underfull \hbox (badness 1546) in paragraph at lines 317--318
[]|\T1/ptm/m/n/9 Rieēenie je vhodné pre prototyp a
 []


Underfull \hbox (badness 5008) in paragraph at lines 317--318
\T1/ptm/m/n/9 experimenty; vysoká dostupnosī a
 []


Underfull \hbox (badness 10000) in paragraph at lines 319--319
[]|\T1/ptm/m/n/9 Tajomstvá sú spravované
 []


Underfull \hbox (badness 10000) in paragraph at lines 319--319
\T1/ptm/m/n/9 pragmaticky pre potreby
 []


Underfull \hbox (badness 10000) in paragraph at lines 319--320
[]|\T1/ptm/m/n/9 Výsledky treba interpretovaī ako
 []


Underfull \hbox (badness 10000) in paragraph at lines 319--320
\T1/ptm/m/n/9 experimentálny návrh, nie ako
 []


Overfull \hbox (0.22638pt too wide) in paragraph at lines 329--330
\T1/ptm/m/n/10 bude aj to, preĢo k rozhodnutiu doēlo, aká je úspeēnosī jednotli
vých útokov, akú latenciu zavádzajú
 []


Overfull \hbox (4.56642pt too wide) in paragraph at lines 329--330
\T1/ptm/m/n/10 prirodzene vyrástla z cieĐov definovaných v teórii a nepôsobila 
ako neskôr doplnený experimentálny
 []


Overfull \hbox (4.59991pt too wide) has occurred while \output is active
 $[]$ 
 []


Overfull \hbox (4.59991pt too wide) has occurred while \output is active
 $[]$ 
 []

[12]
Underfull \hbox (badness 10000) in paragraph at lines 342--343
[]|\T1/ptm/m/n/9 Miera zamietnutia, dôvod
 []


Underfull \hbox (badness 10000) in paragraph at lines 343--343
[]|\T1/ptm/m/n/9 Replay zachytenej
 []


Underfull \hbox (badness 10000) in paragraph at lines 343--344
[]|\T1/ptm/m/n/9 Miera zamietnutia, dôvod
 []


Underfull \hbox (badness 10000) in paragraph at lines 345--346
[]|\T1/ptm/m/n/9 Úspeēnosī detekcie pri
 []


Underfull \hbox (badness 10000) in paragraph at lines 346--346
[]|\T1/ptm/m/n/9 Validácia vstupu +
 []


Underfull \hbox (badness 10000) in paragraph at lines 346--347
\T1/ptm/m/n/9 systému pri opakovaných
 []


Overfull \hbox (6.66486pt too wide) in paragraph at lines 359--360
[]\T1/ptm/m/n/10 CIA triáda (dôvernosī, integrita, dostupnosī) je základný ráme
c, od ktorého sa pri bezpeĢnostnom
 []


Overfull \hbox (13.29364pt too wide) in paragraph at lines 359--360
\T1/ptm/m/n/10 návrhu zvyĢajne zaĢína. V prístupovom systéme vēak sama osebe ne
staĢí. Pri praktickej implementácii
 []


Underfull \hbox (badness 10000) in paragraph at lines 386--386
[]|\T1/ptm/m/n/9 AEAD frame, neukladanie
 []


Underfull \hbox (badness 10000) in paragraph at lines 386--387
[]|\T1/ptm/m/n/9 ítanie citlivých údajov z
 []


Underfull \hbox (badness 3713) in paragraph at lines 387--387
[]|\T1/ptm/m/n/9 HMAC pošiadavky, AEAD tag,
 []


Underfull \hbox (badness 7081) in paragraph at lines 389--390
[]|\T1/ptm/m/n/9 Vydávanie sa za legitímnu
 []


Underfull \hbox (badness 10000) in paragraph at lines 390--391
[]|\T1/ptm/m/n/9 Opakované poušitie starej
 []


Underfull \hbox (badness 7832) in paragraph at lines 391--392
[]|\T1/ptm/m/n/9 DodatoĢné popretie udalosti
 []


Overfull \hbox (4.59991pt too wide) has occurred while \output is active
 $[]$ 
 []


Overfull \hbox (4.59991pt too wide) has occurred while \output is active
 $[]$ 
 []

[13]
Overfull \hbox (22.44345pt too wide) in paragraph at lines 416--417
[]\T1/ptm/m/n/10 hrozbu (threat) -- potenciálnu príĢinu incidentu (napr. útoĢní
k schopný zachytiī sieīovú komunikáciu), 
 []


Overfull \hbox (9.68567pt too wide) in paragraph at lines 425--426
\T1/ptm/m/n/10 (Spoofing, Tampering, Repudiation, Information disclosure, Denia
l of service, Elevation of privilege).
 []


Overfull \hbox (4.59991pt too wide) has occurred while \output is active
 $[]$ 
 []


Overfull \hbox (4.59991pt too wide) has occurred while \output is active
 $[]$ 
 []

[14]
Overfull \hbox (5.42438pt too wide) in paragraph at lines 447--448
\T1/ptm/m/n/10 autentifikátor. V produkĢných systémoch sa tento problém zvykne 
rieēiī Īalēím faktorom, napríklad
 []


Overfull \hbox (1.6647pt too wide) in paragraph at lines 447--448
\T1/ptm/m/n/10 autentifikáciou zariadenia voĢi serveru, anti-replay mechanizmam
i a auditovateĐnosīou. Z pohĐadu
 []


Overfull \hbox (0.20567pt too wide) in paragraph at lines 453--454
[]\T1/ptm/m/n/10 Pojem \T1/ptm/m/it/10 nepopierateĐnosī \T1/ptm/m/n/10 (non-rep
udiation) sa v kryptografii spája najmä s digitálnymi podpismi,
 []


Overfull \hbox (4.59991pt too wide) has occurred while \output is active
 $[]$ 
 []


Overfull \hbox (4.59991pt too wide) has occurred while \output is active
 $[]$ 
 []

[15]
Overfull \hbox (4.18323pt too wide) in paragraph at lines 498--499
[]\T1/ptm/m/n/10 Praktická implementácia preto oddeĐuje admin token (iba pre UI
) od HW autentifikácie (HMAC). 
 []


Overfull \hbox (18.8459pt too wide) in paragraph at lines 512--513
[]\T1/ptm/m/n/10 V prototypovej architektúre sa väzba realizuje databázovým pra
vidlom \T1/pcr/m/n/10 reader_id $\OMS/cmsy/m/n/10 $$ \T1/pcr/m/n/10 door_id\T1/
ptm/m/n/10 .
 []


Overfull \hbox (1.30554pt too wide) in paragraph at lines 524--525
\T1/ptm/m/n/10 útoĢník získal kontrolu nad ĢítaĢkou, stále by nemal automaticky
 získaī mošnosī meniī prístupové
 []


Overfull \hbox (8.59598pt too wide) in paragraph at lines 532--533
\T1/ptm/m/n/10 problémom iba samotná karta, ale celý reīazec od rádiovej komuni
kácie aš po serverové spracovanie.
 []


Overfull \hbox (4.59991pt too wide) has occurred while \output is active
 $[]$ 
 []


Overfull \hbox (4.59991pt too wide) has occurred while \output is active
 $[]$ 
 []

[16]
Overfull \hbox (13.3234pt too wide) in paragraph at lines 542--543
\T1/ptm/m/n/10 problém. ÚtoĢník nepotrebuje poznaī prístupovú politiku; staĢí m
u vedieī napodobniī identifikátor. 
 []


Underfull \hbox (badness 10000) in paragraph at lines 572--573
[]|\T1/ptm/m/n/9 Chráni pôvod a integritu
 []


Underfull \hbox (badness 10000) in paragraph at lines 573--573
[]|\T1/ptm/m/n/9 Monotónne \T1/pcr/m/n/9 hw_seq \T1/ptm/m/n/9 +
 []


Underfull \hbox (badness 10000) in paragraph at lines 573--574
[]|\T1/ptm/m/n/9 ÚĢinné aj po reētarte
 []


Underfull \hbox (badness 10000) in paragraph at lines 573--574
\T1/ptm/m/n/9 zariadenia pri zachovaní
 []


Underfull \hbox (badness 1939) in paragraph at lines 574--574
[]|\T1/ptm/m/n/9 AEAD (ChaCha20/XChaCha20-
 []


Underfull \hbox (badness 10000) in paragraph at lines 574--575
[]|\T1/ptm/m/n/9 Chráni payload a viaše
 []


Underfull \hbox (badness 10000) in paragraph at lines 575--576
[]|\T1/ptm/m/n/9 Obmedzuje priamu
 []


Underfull \hbox (badness 10000) in paragraph at lines 575--576
\T1/ptm/m/n/9 poušiteĐnosī uniknutých
 []


Underfull \hbox (badness 10000) in paragraph at lines 576--576
[]|\T1/ptm/m/n/9 Mazanie alebo úprava
 []


Overfull \hbox (7.30394pt too wide) in paragraph at lines 584--585
\T1/ptm/m/n/10 dôlešitá pouĢka: spoliehanie sa na utajenie algoritmu alebo na U
ID ako jediný faktor je nedostatoĢné.
 []


Overfull \hbox (4.59991pt too wide) has occurred while \output is active
 $[]$ 
 []


Overfull \hbox (4.59991pt too wide) has occurred while \output is active
 $[]$ 
 []

[17]
Overfull \hbox (9.45311pt too wide) in paragraph at lines 596--597
[]\T1/ptm/m/n/10 Man-in-the-Middle (MITM): útoĢník zmení alebo presmeruje komun
ikáciu (napr. kompromitovaný
 []


Overfull \hbox (1.01208pt too wide) in paragraph at lines 611--612
[]\T1/ptm/m/n/10 privilege escalation: získanie administrátorských práv cez sla
bú autentifikáciu alebo zraniteĐnosī
 []


Overfull \hbox (4.48499pt too wide) in paragraph at lines 619--620
[]\T1/ptm/m/n/10 Po úspeēnom preniknutí do systému sa útoĢník Ģasto snaší zníši
ī ēancu na odhalenie. NajĢastejēie
 []


Overfull \hbox (4.59991pt too wide) has occurred while \output is active
 $[]$ 
 []


Overfull \hbox (4.59991pt too wide) has occurred while \output is active
 $[]$ 
 []

[18]
Overfull \hbox (2.40526pt too wide) in paragraph at lines 656--657
[]\T1/ptm/m/n/10 Kryptografické kĐúĢe a medzi-výsledky (napr. HMAC tag, plainte
xt pred ēifrovaním) predstavujú
 []


Overfull \hbox (18.94376pt too wide) in paragraph at lines 672--673
 \T1/ptm/m/it/10 1) ChaCha20 a Poly1305: [][][] \T1/ptm/m/n/10 ChaCha20 je prúd
ová ēifra z rodiny Salsa20, navrhnutá D. J. Bernsteinom
 []


Overfull \hbox (5.21608pt too wide) in paragraph at lines 672--673
\T1/ptm/m/n/10 s cieĐom dosiahnuī vysoký výkon v softvéri bez závislosti na har
dvérovej akcelerácii[[]]. Poly1305
 []


Overfull \hbox (4.59991pt too wide) has occurred while \output is active
 $[]$ 
 []


Overfull \hbox (4.59991pt too wide) has occurred while \output is active
 $[]$ 
 []

[19]
<plots/fig_aead_flow.png, id=1297, 1809.76125pt x 550.055pt>
File: plots/fig_aead_flow.png Graphic file (type png)
<use plots/fig_aead_flow.png>
Package pdftex.def Info: plots/fig_aead_flow.png  used on input line 699.
(pdftex.def)             Requested size: 324.7229pt x 98.69507pt.

Overfull \hbox (261.24506pt too wide) in paragraph at lines 702--702
[][]  []
 []


Overfull \hbox (5.75551pt too wide) in paragraph at lines 708--709
\T1/ptm/m/n/10 generovaný náhodne alebo deterministicky cez HMAC --- porovnanie
 oboch prístupov je predmetom
 []


Overfull \hbox (20.9811pt too wide) in paragraph at lines 716--717
 \T1/ptm/m/it/10 4) Porovnanie s AES-GCM: [][][] \T1/ptm/m/n/10 AES-GCM (Galois
/Counter Mode) je dominantnou AEAD konētrukciou
 []


Overfull \hbox (4.59991pt too wide) has occurred while \output is active
 $[]$ 
 []


Overfull \hbox (4.59991pt too wide) has occurred while \output is active
 $[]$ 
 []

[20 <./plots/fig_aead_flow.png>]
Overfull \hbox (4.20554pt too wide) in paragraph at lines 742--743
[]\T1/ptm/m/n/10 Pre prototyp nasadzovaný na ESP32 (bez AES-NI) je ChaCha20-Pol
y1305 konzistentne bezpeĢná
 []


Overfull \hbox (26.55408pt too wide) in paragraph at lines 751--752
\T1/ptm/m/n/10 overuje, še prijatý nonce zodpovedá oĢakávanej hodnote. Ak nezod
povedá, zariadenie sa zakaranténuje. 
 []


Overfull \hbox (3.30632pt too wide) in paragraph at lines 762--763
\T1/ptm/m/n/10 vstupov (vyĢerpanie zdrojov) a nedostatoĢné oēetrenie chýb. Pret
o sa v bezpeĢnom návrhu uplatŽuje
 []


Overfull \hbox (10.61234pt too wide) in paragraph at lines 769--770
 \T1/ptm/m/it/10 a) tandardný model (nAE).: [][] \T1/ptm/m/n/10 AEAD bezpeĢnos
ī sa formálne definuje dvoma vlastnosīami[[]]: 
 []


Overfull \hbox (1.2217pt too wide) in paragraph at lines 771--772
[]\T1/ptm/b/n/10 IND-CPA \T1/ptm/m/n/10 (Indistinguishability under Chosen-Plai
ntext Attack): ēifrovaný text je nerozoznateĐný
 []


Overfull \hbox (4.59991pt too wide) has occurred while \output is active
 $[]$ 
 []


Overfull \hbox (4.59991pt too wide) has occurred while \output is active
 $[]$ 
 []

[21]
Overfull \hbox (1.68613pt too wide) in paragraph at lines 787--788
\T1/ptm/m/n/10 kapitola mošno menej ^^Rkryptografický^^P charakter, ale pre výs
lednú bezpeĢnosī je rovnako dôlešitá. 
 []


Overfull \hbox (0.60619pt too wide) in paragraph at lines 795--796
[]\T1/ptm/m/n/10 Pri podpisovaní alebo ēifrovaní je kritické, aby vēetky strany
 pracovali s rovnakou reprezentáciou
 []


Overfull \hbox (1.44446pt too wide) in paragraph at lines 812--813
\T1/ptm/m/n/10 regresie. V prototypovej implementácii je kryptografická vrstva 
postavená na knišnici libsodium.[[]] 
 []


LaTeX Warning: `h' float specifier changed to `ht'.


Overfull \hbox (4.59991pt too wide) has occurred while \output is active
 $[]$ 
 []


Overfull \hbox (4.59991pt too wide) has occurred while \output is active
 $[]$ 
 []

[22]
Overfull \hbox (3.1755pt too wide) in paragraph at lines 852--853
[]\T1/ptm/m/n/10 Poušitie jedného kĐúĢa pre viac úĢelov môše viesī k \T1/ptm/m/
it/10 cross-protocol \T1/ptm/m/n/10 útokom alebo k nejasnostiam
 []


Overfull \hbox (4.36613pt too wide) in paragraph at lines 868--869
\T1/ptm/m/n/10 Incident plán by mal rieēiī, ako rýchlo vieme zablokovaī komprom
itované zariadenie, ako prebehne
 []


Overfull \hbox (7.266pt too wide) in paragraph at lines 880--881
[]\T1/ptm/m/n/10 BezpeĢnostné princípy z predchádzajúcich kapitol sa musia prem
ietnuī do konkrétneho protokolu,
 []


Overfull \hbox (4.59991pt too wide) has occurred while \output is active
 $[]$ 
 []


Overfull \hbox (4.59991pt too wide) has occurred while \output is active
 $[]$ 
 []

[23]
Overfull \hbox (1.3065pt too wide) in paragraph at lines 929--930
[]\T1/ptm/m/n/10 Takéto rozdelenie znišuje riziko, še server zaĢne dôverovaī úd
ajom, ktoré útoĢník vie ovplyvniī. 
 []


Overfull \hbox (4.59991pt too wide) has occurred while \output is active
 $[]$ 
 []


Overfull \hbox (4.59991pt too wide) has occurred while \output is active
 $[]$ 
 []

[24]
LaTeX Font Info:    Font shape `T1/pcr/m/it' in size <10> not available
(Font)              Font shape `T1/pcr/m/sl' tried instead on input line 959.

Overfull \hbox (18.00761pt too wide) in paragraph at lines 963--966
\T1/ptm/m/n/10 Udršiava: (1) \T1/pcr/m/n/10 maxSeen \T1/ptm/m/n/10 a (2) bitset
 poušitia hodnôt v rozsahu \T1/pcr/m/n/10 [maxSeen - window, maxSeen]\T1/ptm/m/
n/10 . 
 []


Overfull \hbox (10.03389pt too wide) in paragraph at lines 975--976
[]\T1/ptm/m/n/10 V prototypovej implementácii je HW pošiadavka autentifikovaná 
(integrita a pôvod), ale dôvernosī
 []


Overfull \hbox (4.59991pt too wide) has occurred while \output is active
 $[]$ 
 []


Overfull \hbox (4.59991pt too wide) has occurred while \output is active
 $[]$ 
 []

[25]
Overfull \hbox (1.96407pt too wide) in paragraph at lines 1027--1028
\T1/ptm/m/n/10 automaticky znamenaī kompromitáciu celej serverovej Ģasti. A po 
tretie, pri interpretácii výsledkov
 []


Overfull \hbox (0.68678pt too wide) in paragraph at lines 1033--1034
\T1/ptm/m/n/10 zúšiī komunikáciu na nevyhnutné endpointy a nenechaī otvorené vē
eobecné slušby, ktoré prototyp
 []


Overfull \hbox (4.65611pt too wide) in paragraph at lines 1033--1034
\T1/ptm/m/n/10 nepotrebuje. Silné Wi-Fi zabezpeĢenie a monitorovanie neúspeēnýc
h spojení sú uš skôr prevádzkové
 []


Overfull \hbox (4.06584pt too wide) in paragraph at lines 1033--1034
\T1/ptm/m/n/10 Sieīová segmentácia sama osebe kryptografiu nenahrádza; iba kupu
je Ģas a znišuje dosah problému. 
 []


Overfull \hbox (4.59991pt too wide) has occurred while \output is active
 $[]$ 
 []


Overfull \hbox (4.59991pt too wide) has occurred while \output is active
 $[]$ 
 []

[26]
Overfull \hbox (4.59991pt too wide) has occurred while \output is active
 $[]$ 
 []


Overfull \hbox (4.59991pt too wide) has occurred while \output is active
 $[]$ 
 []

[27]
Overfull \hbox (3.20361pt too wide) in paragraph at lines 1075--1076
[]\T1/ptm/m/n/10 Inými slovami: TLS by vylepēilo dôvernosī a transportnú integr
itu, no HMAC zostáva nositeĐom
 []


Overfull \hbox (15.66544pt too wide) in paragraph at lines 1085--1086
[]\T1/ptm/m/n/10 Princíp minimalizácie hovorí, še systém má ukladaī iba to, Ģo 
potrebuje. Ukladanie HMAC(card_id)
 []


Overfull \hbox (4.59991pt too wide) has occurred while \output is active
 $[]$ 
 []


Overfull \hbox (4.59991pt too wide) has occurred while \output is active
 $[]$ 
 []

[28]
Overfull \hbox (2.88565pt too wide) in paragraph at lines 1160--1161
\T1/ptm/m/n/10 Preto pri lokálnej manipulácii súboru nie je mošné zaruĢiī integ
ritu bez dodatoĢných mechanizmov.
 []


Overfull \hbox (18.52556pt too wide) in paragraph at lines 1165--1166
\T1/ptm/m/n/10 nemenil alebo neorezal. Výskum v oblasti bezpeĢného logovania pr
eto zdôrazŽuje detekciu manipulácie
 []


Overfull \hbox (24.55821pt too wide) in paragraph at lines 1184--1185
[]\T1/ptm/m/n/10 kde $\OML/cmm/m/it/10 K[]$ \T1/ptm/m/n/10 je tajný auditný kĐú
Ģ. VĪaka tomu zmena ktoréhokoĐvek záznamu spôsobí nekonzistenciu
 []


Overfull \hbox (4.59991pt too wide) has occurred while \output is active
 $[]$ 
 []


Overfull \hbox (4.59991pt too wide) has occurred while \output is active
 $[]$ 
 []

[29]
Overfull \hbox (0.84496pt too wide) in paragraph at lines 1192--1193
\T1/ptm/m/n/10 môše vytvoriī alternatívnu históriu od miesta kompromitácie. Sil
nejēie konētrukcie preto poušívajú
 []


Overfull \hbox (6.25452pt too wide) in paragraph at lines 1194--1195
[]\T1/ptm/m/n/10 V prototypovej práci je cieĐom demonētrovaī tamper-evident vla
stnosti a detekciu manipulaĢných
 []


Overfull \hbox (6.01645pt too wide) in paragraph at lines 1202--1203
\T1/ptm/m/n/10 aspoŽ od anchoru). Pre veĐké objemy dát sa poušívajú aj Merkle s
tromy, ktoré umošŽujú verifikovaī
 []


Overfull \hbox (2.55579pt too wide) in paragraph at lines 1231--1232
[]\T1/ptm/m/n/10 Pre komunikaĢný protokol je kĐúĢovým referenĢným dokumentom RF
C 5116[[]], ktorý definuje
 []


Overfull \hbox (2.38461pt too wide) in paragraph at lines 1231--1232
\T1/ptm/m/n/10 vēeobecné rozhranie pre AEAD konētrukcie vrátane ich sémantiky b
ezpeĢnosti. Poušité konētrukcie
 []


Overfull \hbox (9.89539pt too wide) in paragraph at lines 1231--1232
\T1/ptm/m/n/10 sú s týmto rozhraním kompatibilné, Ģo umošŽuje migráciu na iný a
lgoritmus bez zmeny protokolárnej
 []


Overfull \hbox (4.59991pt too wide) has occurred while \output is active
 $[]$ 
 []


Overfull \hbox (4.59991pt too wide) has occurred while \output is active
 $[]$ 
 []

[30]
Overfull \hbox (11.05566pt too wide) in paragraph at lines 1237--1238
\T1/ptm/m/n/10 vrstiev ochrany: autentifikáciu zariadení, ochranu komunikácie n
a aplikaĢnej vrstve a auditovateĐnosī
 []


Overfull \hbox (5.26665pt too wide) in paragraph at lines 1243--1244
[]\T1/ptm/m/n/10 CieĐom nie je odcitovaī ētandardy, ale poušiī ich ako rámec pr
e overenie návrhových rozhodnutí.
 []


Overfull \hbox (1.52725pt too wide) in paragraph at lines 1243--1244
\T1/ptm/m/n/10 etablovaných v uvedených ētandardoch. Oblasti, kde prototyp záve
dome nepokrýva plnú produkĢnú
 []


Overfull \hbox (2.71617pt too wide) in paragraph at lines 1248--1249
\T1/ptm/m/n/10 neponúka univerzálny katalóg rizík, ale skôr vysvetĐuje, preĢo b
oli vybrané práve tie protiopatrenia,
 []


Overfull \hbox (6.21577pt too wide) in paragraph at lines 1260--1261
\T1/ptm/m/n/10 revíziu pravidiel, monitoring a reakciu na incidenty. Teoretická
 Ģasī preto zdôrazŽuje aj prevádzkové
 []


Overfull \hbox (28.46548pt too wide) in paragraph at lines 1264--1265
\T1/ptm/m/n/10 osobám. Aj pri splnení predpokladov vēak ostáva zvyēkové riziko 
(residual risk), napríklad kompromitácia
 []


Overfull \hbox (4.59991pt too wide) has occurred while \output is active
 $[]$ 
 []


Overfull \hbox (4.59991pt too wide) has occurred while \output is active
 $[]$ 
 []

[31]
Overfull \hbox (21.98555pt too wide) in paragraph at lines 1290--1291
[]\T1/ptm/m/n/10 Administrátorské rozhranie by malo poušívaī silnú autentifikác
iu (ideálne viacfaktorovú), obmedzenú
 []


Overfull \hbox (3.56648pt too wide) in paragraph at lines 1308--1309
\T1/ptm/m/n/10 kontextu. Ukazuje, kde sa náē prototyp podobá bešným architektúr
am a kde je naopak zjednoduēený
 []


Overfull \hbox (4.59991pt too wide) has occurred while \output is active
 $[]$ 
 []


Overfull \hbox (4.59991pt too wide) has occurred while \output is active
 $[]$ 
 []

[32]
Overfull \hbox (4.55464pt too wide) in paragraph at lines 1324--1325
[]\T1/ptm/m/n/10 V reálnych organizáciách býva prístupový systém iba jednou Ģas
īou ēirēieho identity ekosystému.
 []


Overfull \hbox (1.7858pt too wide) in paragraph at lines 1330--1331
[]\T1/ptm/m/n/10 Audit býva v marketingových materiáloch takmer samozrejmosīou.
 KeĪ sa vēak objaví incident,
 []


Overfull \hbox (1.57562pt too wide) in paragraph at lines 1342--1343
[]\T1/ptm/m/n/10 Rozdiel medzi inteligentnou ĢítaĢkou a jednoduchou ĢítaĢkou s 
externým kontrolérom je dôlešitý
 []


Overfull \hbox (4.346pt too wide) in paragraph at lines 1348--1349
\T1/ptm/m/n/10 organizáciu. On-premise dáva väĢēiu kontrolu nad auditom a datab
ázou, ale vyšaduje disciplinovanú
 []


Overfull \hbox (4.59991pt too wide) has occurred while \output is active
 $[]$ 
 []


Overfull \hbox (4.59991pt too wide) has occurred while \output is active
 $[]$ 
 []

[33]
Overfull \hbox (4.56505pt too wide) in paragraph at lines 1409--1410
[]\T1/ptm/m/n/10 Takýto kontrolný zoznam pomáha previesī teóriu do konzistentné
ho návrhu. V praxi sa jednotlivé
 []


Overfull \hbox (23.15538pt too wide) in paragraph at lines 1413--1414
\T1/ptm/m/n/10 zvoleného rieēenia. Táto závereĢná sekcia sumarizuje kĐúĢové záv
ery a ich prepojenie s implementáciou. 
 []


Overfull \hbox (4.59991pt too wide) has occurred while \output is active
 $[]$ 
 []


Overfull \hbox (4.59991pt too wide) has occurred while \output is active
 $[]$ 
 []

[34]
Overfull \hbox (1.27547pt too wide) in paragraph at lines 1419--1420
\T1/ptm/m/n/10 zbytoĢná bez anti-replay; anti-replay bez HMAC umošŽuje útoĢníko
vi generovaī nové pošiadavky;
 []


Overfull \hbox (0.29604pt too wide) in paragraph at lines 1423--1424
[]\T1/ptm/m/n/10 Teoretická analýza tieš odhalila niekoĐko oblastí, kde prototy
p zámerne zjednoduēuje produkĢnú
 []


Underfull \hbox (badness 10000) in paragraph at lines 1443--1443
[]|\T1/ptm/b/n/9 Experimentálna
 []


Underfull \hbox (badness 10000) in paragraph at lines 1445--1445
\T1/ptm/m/n/9 (ChaCha20-Poly1305 vs.
 []


Underfull \hbox (badness 10000) in paragraph at lines 1445--1446
[]|\T1/ptm/m/n/9 Ekvivalencia bezpeĢnostných metrík;
 []


Underfull \hbox (badness 10000) in paragraph at lines 1449--1449
[]|\T1/ptm/m/n/9 Anti-replay a Ģerstvosī
 []


Underfull \hbox (badness 10000) in paragraph at lines 1449--1449
\T1/ptm/m/n/9 správy (replay window,
 []


Underfull \hbox (badness 10000) in paragraph at lines 1449--1450
[]|\T1/ptm/m/n/9 ÚĢinnosī replay window (S1) a
 []


Underfull \hbox (badness 10000) in paragraph at lines 1449--1450
\T1/ptm/m/n/9 sekvenĢného detektora pri rollbacku
 []


Underfull \hbox (badness 10000) in paragraph at lines 1451--1451
[]|\T1/ptm/m/n/9 Associated Data (AAD)
 []


Underfull \hbox (badness 10000) in paragraph at lines 1455--1455
[]|\T1/ptm/m/n/9 HKDF per-reader
 []


Underfull \hbox (badness 10000) in paragraph at lines 1455--1455
\T1/ptm/m/n/9 kryptografická izolácia
 []


Underfull \hbox (badness 10000) in paragraph at lines 1455--1456
\T1/ptm/m/n/9 inej ĢítaĢky je odmietnutý vēetkými
 []


Underfull \hbox (badness 10000) in paragraph at lines 1457--1457
[]|\T1/ptm/m/n/9 Forgery resistance,
 []


Underfull \hbox (badness 10000) in paragraph at lines 1457--1457
\T1/ptm/m/n/9 protokolová anomálna
 []


Underfull \hbox (badness 10000) in paragraph at lines 1457--1458
[]|\T1/ptm/m/n/9 Odolnosī AEAD voĢi úmyselne
 []


Underfull \hbox (badness 10000) in paragraph at lines 1457--1458
\T1/ptm/m/n/9 poēkodenému ciphertextu; rýchlosī
 []


Overfull \hbox (15.5953pt too wide) in paragraph at lines 1467--1468
\T1/ptm/m/n/10 logiku, úlošisko, audit a administrátorské rozhranie. Pre správn
u interpretáciu neskorēích experimentov
 []


Overfull \hbox (7.84642pt too wide) in paragraph at lines 1467--1468
\T1/ptm/m/n/10 implementované, kde prebieha rozhodovanie a ktoré Ģasti systému 
nesú bezpeĢnostnú zodpovednosī. 
 []


Underfull \hbox (badness 10000) in paragraph at lines 1483--1483
[]|\T1/ptm/m/n/9 HMAC autentifikácia
 []


Underfull \hbox (badness 10000) in paragraph at lines 1484--1485
[]|\T1/pcr/m/n/9 crypto_lib\T1/ptm/m/n/9 ,
 []


Underfull \hbox (badness 10000) in paragraph at lines 1487--1487
[]|\T1/ptm/m/n/9 Anti-replay:
 []


Overfull \hbox (48.1888pt too wide) in paragraph at lines 1488--1489
[]|\T1/pcr/m/n/9 crypto_lib::HmacNonceGenerator| 
 []


Underfull \hbox (badness 10000) in paragraph at lines 1489--1489
[]|\T1/ptm/m/n/9 Monitoring, defense-
 []


Overfull \hbox (80.58876pt too wide) in paragraph at lines 1489--1490
[]|\T1/pcr/m/n/9 access_core::ProtocolAnomalyDetector| 
 []


Underfull \hbox (badness 10000) in paragraph at lines 1490--1491
[]|\T1/pcr/m/n/9 access_storage\T1/ptm/m/n/9 ,
 []


Underfull \hbox (badness 10000) in paragraph at lines 1491--1491
[]|\T1/ptm/m/n/9 Tamper-evident audit (hash
 []


Underfull \hbox (badness 10000) in paragraph at lines 1492--1492
[]|\T1/ptm/m/n/9 Modely kontroly
 []


Overfull \hbox (53.58879pt too wide) in paragraph at lines 1492--1493
[]|\T1/pcr/m/n/9 access_decision::DecisionEngine| 
 []


Overfull \hbox (4.59991pt too wide) has occurred while \output is active
 $[]$ 
 []


Overfull \hbox (4.59991pt too wide) has occurred while \output is active
 $[]$ 
 []

[35]
Underfull \hbox (badness 2846) in paragraph at lines 1511--1512
[]|\T1/ptm/m/n/8 ESP32 + RC522 naĢíta UID karty, vytvorí JSON pošiadavku, zvýēi

 []


Underfull \hbox (badness 1412) in paragraph at lines 1515--1516
[]|\T1/ptm/m/n/8 Moduly \T1/pcr/m/n/8 access_core \T1/ptm/m/n/8 a \T1/pcr/m/n/8
 access_decision \T1/ptm/m/n/8 zabezpeĢujú parsovanie
 []


Underfull \hbox (badness 2913) in paragraph at lines 1515--1516
\T1/ptm/m/n/8 frame, kontrolu replay, verziu kĐúĢa, deēifrovanie payloadu a fin
álne
 []


Overfull \hbox (4.59991pt too wide) has occurred while \output is active
 $[]$ 
 []


Overfull \hbox (4.59991pt too wide) has occurred while \output is active
 $[]$ 
 []

[36]
Overfull \hbox (2.4938pt too wide) in paragraph at lines 1524--1525
[]\T1/ptm/m/n/10 Z hĐadiska implementácie je praktické, še server nepracuje iba
 s jednotlivými triedami izolovane.
 []


Overfull \hbox (4.78618pt too wide) in paragraph at lines 1524--1525
\T1/ptm/m/n/10 V module \T1/pcr/m/n/10 access_admin \T1/ptm/m/n/10 je vytvorený
 objekt \T1/pcr/m/n/10 AppState\T1/ptm/m/n/10 , ktorý drší konfiguraĢný stav, i
nētanciu
 []


Underfull \hbox (badness 10000) in paragraph at lines 1538--1539
\T1/ptm/m/n/8 (\T1/pcr/m/n/8 RandomNonceGenerator\T1/ptm/m/n/8 , \T1/pcr/m/n/8 
HmacNonceGenerator\T1/ptm/m/n/8 ) a pomocné
 []


Underfull \hbox (badness 1810) in paragraph at lines 1546--1547
[]|\T1/ptm/m/n/8 Rozhodovacia logika po úspeēnom deēifrovaní: interpretácia pay
loadu,
 []


Overfull \hbox (3.11647pt too wide) in paragraph at lines 1559--1560
\T1/ptm/m/n/10 HMAC autentifikácia na \T1/pcr/m/n/10 hw_layer \T1/ptm/m/n/10 a 
\T1/pcr/m/n/10 access_admin\T1/ptm/m/n/10 , auditná integrita na \T1/pcr/m/n/10
 access_storage\T1/ptm/m/n/10 . 
 []

<plots/module_dependency.png, id=1455, 691.58376pt x 367.3725pt>
File: plots/module_dependency.png Graphic file (type png)
<use plots/module_dependency.png>
Package pdftex.def Info: plots/module_dependency.png  used on input line 1565.
(pdftex.def)             Requested size: 285.12048pt x 151.45892pt.

Overfull \hbox (30.58684pt too wide) in paragraph at lines 1574--1575
\T1/ptm/m/n/10 zdrojový kód kompilovaný spoloĢne s projektom. Takýto prístup (v
endoring) zaruĢuje reprodukovateĐnosī
 []


Underfull \hbox (badness 7649) in paragraph at lines 1586--1587
[]|\T1/ptm/m/n/9 Kryptografické operácie: AEAD ēifrovanie (ChaCha20-
 []


Underfull \hbox (badness 10000) in paragraph at lines 1589--1590
[]|\T1/ptm/m/n/9 NaĢítanie konfiguraĢného súboru
 []


Underfull \hbox (badness 10000) in paragraph at lines 1589--1590
\T1/pcr/m/n/9 access_security.yaml \T1/ptm/m/n/9 s nastaveniami profilov,
 []


Overfull \hbox (4.59991pt too wide) has occurred while \output is active
 $[]$ 
 []


Overfull \hbox (4.59991pt too wide) has occurred while \output is active
 $[]$ 
 []

[37]
Overfull \hbox (16.74391pt too wide) in paragraph at lines 1600--1601
[]\T1/ptm/m/n/10 Vēetky kryptografické operácie v prototypovom systéme --- AEAD
 ēifrovanie, HMAC autentifikácia,
 []


Overfull \hbox (13.23601pt too wide) in paragraph at lines 1600--1601
\T1/ptm/m/n/10 operácií (odolnosī voĢi manipulácii, replay, cross-reader izolác
iu, výkonnosī), je potrebné zdôvodniī,
 []


Overfull \hbox (10.3828pt too wide) in paragraph at lines 1604--1605
 \T1/ptm/m/it/10 1) Súlad so ētandardmi: [][][] \T1/ptm/m/n/10 Libsodium implem
entuje algoritmy presne podĐa prísluēných ētandardov: 
 []


Overfull \hbox (3.88539pt too wide) in paragraph at lines 1607--1608
[]\T1/ptm/b/n/10 ChaCha20-Poly1305 \T1/ptm/m/n/10 (funkcia \T1/pcr/m/n/10 crypt
o_aead_chacha20poly1305_ietf\T1/ptm/m/n/10 ): implementácia
 []


Overfull \hbox (1.63571pt too wide) in paragraph at lines 1608--1609
[]\T1/ptm/b/n/10 XChaCha20-Poly1305 \T1/ptm/m/n/10 (funkcia \T1/pcr/m/n/10 cryp
to_aead_xchacha20poly1305\T1/ptm/m/n/10 ): konētrukcia podĐa
 []


Overfull \hbox (19.02388pt too wide) in paragraph at lines 1613--1614
\T1/ptm/m/n/10 bezpeĢnosī HKDF pri dostatoĢnej entropii vstupného materiálu[[]]
) sa prenáēajú na naēu implementáciu
 []


Overfull \hbox (4.59991pt too wide) has occurred while \output is active
 $[]$ 
 []


Overfull \hbox (4.59991pt too wide) has occurred while \output is active
 $[]$ 
 []

[38 <./plots/module_dependency.png>]
Overfull \hbox (19.8859pt too wide) in paragraph at lines 1617--1618
\T1/ptm/m/n/10 kryptografických primitívach. Knišnica je súĢasīou produkĢných s
ystémov s vysokými bezpeĢnostnými
 []


Overfull \hbox (25.67502pt too wide) in paragraph at lines 1625--1626
\T1/ptm/m/n/10 iroké nasadenie v bezpeĢnostne kritických aplikáciách poskytuje
 empirickú evidenciu, še implementácia
 []


Overfull \hbox (6.3053pt too wide) in paragraph at lines 1629--1630
\T1/ptm/m/n/10 implementuje \T1/ptm/m/it/10 konētantné \T1/ptm/m/n/10 (constant
-time) operácie pre vēetky kryptografické primitíva. Porovnávanie
 []


Overfull \hbox (1.06688pt too wide) in paragraph at lines 1629--1630
\T1/ptm/m/n/10 kĐúĢov[[]]. To znamená, še namerané Ģasy v scenári S6 (throughpu
t) odrášajú skutoĢnú výpoĢtovú
 []


Overfull \hbox (9.26373pt too wide) in paragraph at lines 1645--1646
[]\T1/ptm/m/n/10 sú \T1/ptm/b/n/10 relevantné pre hodnotenie kryptografických k
onētrukcií \T1/ptm/m/n/10 (ChaCha20-Poly1305, XChaCha20-
 []


Overfull \hbox (4.28317pt too wide) in paragraph at lines 1645--1646
\T1/ptm/m/n/10 Poly1305, HMAC-SHA-256, HKDF), pretoše libsodium ich implementuj
e v súlade so ētandardmi
 []


Overfull \hbox (5.4531pt too wide) in paragraph at lines 1646--1647
[]\T1/ptm/m/n/10 sú \T1/ptm/b/n/10 relevantné pre hodnotenie architektonických 
mechanizmov \T1/ptm/m/n/10 (anti-replay, anomálna detekcia,
 []


Overfull \hbox (18.97798pt too wide) in paragraph at lines 1660--1661
[]\T1/ptm/m/n/10 Server v module \T1/pcr/m/n/10 access_admin \T1/ptm/m/n/10 ove
rí podpis \T1/pcr/m/n/10 X-HW-Signature\T1/ptm/m/n/10 . Ak podpis nesedí, pošia
davka
 []


Overfull \hbox (31.40776pt too wide) in paragraph at lines 1661--1662
[]\T1/ptm/m/n/10 Po úspeēnom overení sa pošiadavka prevedie na interný payload 
\T1/pcr/m/n/10 {"card_id": ..., "action":
 []


Overfull \hbox (4.59991pt too wide) has occurred while \output is active
 $[]$ 
 []


Overfull \hbox (4.59991pt too wide) has occurred while \output is active
 $[]$ 
 []

[39]
Overfull \hbox (13.92604pt too wide) in paragraph at lines 1672--1673
[]\T1/ptm/m/n/10 Pri podrobnejēom Ģítaní kódu sa ukazuje, še nie vēetky bezpeĢn
ostné mechanizmy sú koncentrované
 []


Overfull \hbox (17.71611pt too wide) in paragraph at lines 1672--1673
\T1/pcr/m/n/10 hw_seq \T1/ptm/m/n/10 vo firmvéri, serverovej validácie HMAC poš
iadavky a následnej kontroly v \T1/pcr/m/n/10 ReplayWindow\T1/ptm/m/n/10 .
 []


Overfull \hbox (33.0168pt too wide) in paragraph at lines 1672--1673
\T1/ptm/m/n/10 Podobne audit nie je len databázová tabuĐka, ale súĢasī rozhodov
acieho toku, pretoše \T1/pcr/m/n/10 DecisionEngine
 []


Overfull \hbox (31.72519pt too wide) in paragraph at lines 1674--1675
\T1/ptm/m/n/10 hardvérového zariadenia, interné AEAD spracovanie, derivácia kĐú
Ģov, anti-replay, ochrana identifikátorov
 []


Overfull \hbox (6.51617pt too wide) in paragraph at lines 1684--1685
\T1/ptm/m/n/10 libsodium, Ģo výrazne znišuje riziko timing útoku, pri ktorom by
 útoĢník mohol postupne odhadovaī
 []


Overfull \hbox (13.20647pt too wide) in paragraph at lines 1688--1689
[]\T1/ptm/m/n/10 Táto konētrukcia zabezpeĢuje dve vlastnosti. Overuje pôvod poš
iadavky: útoĢník, ktorý nedisponuje
 []


Overfull \hbox (12.03535pt too wide) in paragraph at lines 1688--1689
\T1/ptm/m/n/10 zdieĐaným tajomstvom, nevie vyrobiī platný podpis. A overuje int
egritu obsahu: zmena ĐubovoĐného
 []


Overfull \hbox (0.11531pt too wide) in paragraph at lines 1688--1689
\T1/ptm/m/n/10 poĐa v JSON tele (napríklad podvrhnutie iného \T1/pcr/m/n/10 uid
 \T1/ptm/m/n/10 alebo \T1/pcr/m/n/10 door_id\T1/ptm/m/n/10 ) spôsobí zlyhanie v
erifikácie. 
 []


Overfull \hbox (9.86665pt too wide) in paragraph at lines 1690--1691
[]\T1/ptm/m/n/10 Zariadenie pri tom nepoušíva administrátorský token \T1/pcr/m/
n/10 X-Admin-Token\T1/ptm/m/n/10 , ktorý je urĢený výhradne
 []


Overfull \hbox (7.00449pt too wide) in paragraph at lines 1694--1695
\T1/ptm/m/n/10 zaēifrovaný algoritmom AEAD a hlaviĢka je kryptograficky previaz
aná cez mechanizmus Associated
 []


Overfull \hbox (1.6868pt too wide) in paragraph at lines 1698--1699
\T1/ptm/m/n/10 Poly1305, oba postavené na rovnakom kryptografickom jadre (ChaCh
a20 stream cipher + Poly1305
 []


Overfull \hbox (4.59991pt too wide) has occurred while \output is active
 $[]$ 
 []


Overfull \hbox (4.59991pt too wide) has occurred while \output is active
 $[]$ 
 []

[40]
Overfull \hbox (23.84589pt too wide) in paragraph at lines 1701--1702
\T1/ptm/m/n/10 nonce aj pod dlhodobo šijúcim kĐúĢom: pravdepodobnosī kolízie pr
i $\OT1/cmr/m/n/10 2[]$ \T1/ptm/m/n/10 správach je zanedbateĐná[[]],
 []


Overfull \hbox (23.5952pt too wide) in paragraph at lines 1705--1706
\T1/ptm/m/n/10 kombinácia anti-replay mechanizmu a unikátneho \T1/pcr/m/n/10 se
q\T1/ptm/m/n/10 . Oba algoritmy sú preto zahrnuté v implementácii
 []


Overfull \hbox (41.53986pt too wide) in paragraph at lines 1707--1708
\T1/pcr/m/n/10 crypto_aead_xchacha20poly1305_ietf_* \T1/ptm/m/n/10 a \T1/pcr/m/
n/10 crypto_aead_chacha20poly1305_ietf_*\T1/ptm/m/n/10 .
 []


Overfull \hbox (8.61385pt too wide) in paragraph at lines 1711--1712
 \T1/ptm/m/it/10 2) Konētrukcia nonce: [][][] \T1/ptm/m/n/10 Implementácia defi
nuje rozhranie \T1/pcr/m/n/10 INonceGenerator \T1/ptm/m/n/10 s jednou metódou
 []


Overfull \hbox (49.4372pt too wide) in paragraph at lines 1714--1715
\T1/ptm/m/n/10 Ģíslo a pri kašdom volaní vygeneruje kryptograficky bezpeĢný náh
odný nonce pomocou \T1/pcr/m/n/10 randombytes_buf\T1/ptm/m/n/10 : 
 []


Overfull \hbox (3.22351pt too wide) in paragraph at lines 1723--1724
 \T1/ptm/m/it/10 b) R1/R2: Deterministický HMAC nonce.: [][] \T1/ptm/m/n/10 Tri
eda \T1/pcr/m/n/10 HmacNonceGenerator \T1/ptm/m/n/10 odvodzuje nonce
 []


Overfull \hbox (18.35402pt too wide) detected at line 1727
[][][]\OML/cmm/m/it/10 K[] \OT1/cmr/m/n/10 = [](\OML/cmm/m/it/10 K[];  [] \OMS/
cmsy/m/n/10 k []\OML/cmm/m/it/10 ;  []\OT1/cmr/m/n/10 )
 []


Overfull \hbox (18.07259pt too wide) in paragraph at lines 1735--1736
[]\T1/ptm/m/n/10 kde $[] \OT1/cmr/m/n/10 = [] \OMS/cmsy/m/n/10 k [] k [] k [] k
 [] k
 []


Overfull \hbox (0.45529pt too wide) in paragraph at lines 1737--1738
[]\T1/ptm/m/n/10 Deterministická konētrukcia znišuje závislosī na kvalite gener
átora náhodných Ģísiel[[]]. Nonce
 []


Overfull \hbox (0.35408pt too wide) in paragraph at lines 1740--1741
 \T1/ptm/m/it/10 c) Rozdiel medzi R1 a R2.: [][] \T1/ptm/m/n/10 Stratégie R1 a 
R2 poušívajú identický \T1/pcr/m/n/10 HmacNonceGenerator\T1/ptm/m/n/10 .
 []


Overfull \hbox (1.95552pt too wide) in paragraph at lines 1740--1741
\T1/ptm/m/n/10 Odliēuje ich to, Ģi server po vytvorení frame \T1/ptm/m/it/10 ov
eruje\T1/ptm/m/n/10 , še prijatý nonce zodpovedá deterministickému
 []


Overfull \hbox (7.2834pt too wide) in paragraph at lines 1746--1747
 \T1/ptm/m/it/10 3) AAD väzba hlaviĢky: [][][] \T1/ptm/m/n/10 HlaviĢka frame ob
sahuje polia \T1/pcr/m/n/10 reader_id\T1/ptm/m/n/10 , \T1/pcr/m/n/10 door_id\T1
/ptm/m/n/10 , \T1/pcr/m/n/10 ts_unix_ms\T1/ptm/m/n/10 ,
 []


Overfull \hbox (4.59991pt too wide) has occurred while \output is active
 $[]$ 
 []


Overfull \hbox (4.59991pt too wide) has occurred while \output is active
 $[]$ 
 []

[41]
Overfull \hbox (14.36745pt too wide) in paragraph at lines 1758--1759
\T1/ptm/m/n/10 AEAD kĐúĢoch (\T1/pcr/m/n/10 reader_id $\OMS/cmsy/m/n/10 k$ \T1/
pcr/m/n/10 key_version\T1/ptm/m/n/10 ), info reīazec je \T1/pcr/m/n/10 "nonce-d
erivation-v1"\T1/ptm/m/n/10 . 
 []

<plots/hkdf_derivation_tree.png, id=1544, 1601.985pt x 519.9425pt>
File: plots/hkdf_derivation_tree.png Graphic file (type png)
<use plots/hkdf_derivation_tree.png>
Package pdftex.def Info: plots/hkdf_derivation_tree.png  used on input line 178
5.
(pdftex.def)             Requested size: 364.31927pt x 118.24347pt.

Overfull \hbox (26.25673pt too wide) in paragraph at lines 1790--1791
\T1/ptm/m/n/10 náhodne prekrývali. SúĢasne umošŽujú neskorēiu zmenu verzie sché
my (napríklad z \T1/pcr/m/n/10 access-aead-v1
 []


Overfull \hbox (2.51578pt too wide) in paragraph at lines 1790--1791
\T1/ptm/m/n/10 na \T1/pcr/m/n/10 access-aead-v2\T1/ptm/m/n/10 ) bez spätnej kom
patibility so starými kĐúĢmi, Ģo je dôlešité pri migraĢných
 []


Overfull \hbox (4.22397pt too wide) in paragraph at lines 1792--1793
[]\T1/ptm/m/n/10 Z bezpeĢnostného hĐadiska je podstatné, še AEAD kĐúĢ sa odvodz
uje per-reader. Kompromitácia
 []


Overfull \hbox (4.59991pt too wide) has occurred while \output is active
 $[]$ 
 []


Overfull \hbox (4.59991pt too wide) has occurred while \output is active
 $[]$ 
 []

[42 <./plots/hkdf_derivation_tree.png>]
Overfull \hbox (9.0775pt too wide) in paragraph at lines 1794--1795
\T1/pcr/m/n/10 allow_previous_key_version\T1/ptm/m/n/10 , v ktorom doĢasne akce
ptuje aj bezprostredne predchádzajúcu
 []


Overfull \hbox (2.11415pt too wide) in paragraph at lines 1796--1797
\T1/ptm/m/it/10 experimentálnej matice\T1/ptm/m/n/10 . Vēetky profily poušívajú
 HKDF deriváciu s per-reader salt, Ģím je zaruĢená
 []


Overfull \hbox (7.79527pt too wide) in paragraph at lines 1796--1797
\T1/ptm/m/n/10 na odolnosī voĢi útokom: voĐbu AEAD algoritmu (A1/A2), stratégiu
 generovania nonce (R0/R1/R2)
 []


Overfull \hbox (8.66641pt too wide) in paragraph at lines 1800--1801
[]\T1/ptm/m/n/10 Anti-replay ochrana funguje na dvoch úrovniach. Na strane zari
adenia firmvér udršiava monotónne
 []


Overfull \hbox (1.20781pt too wide) in paragraph at lines 1812--1813
[]\T1/ptm/m/n/10 VeĐkosī okna (\T1/pcr/m/n/10 replay_window_size\T1/ptm/m/n/10 
) je konfigurovateĐná a priamo ovplyvŽuje kompromis
 []


Overfull \hbox (20.57773pt too wide) in paragraph at lines 1812--1813
\T1/ptm/m/n/10 Implementácia udršiava okno pomocou fronty (\T1/pcr/m/n/10 std::
deque\T1/ptm/m/n/10 ) a mnošiny (\T1/pcr/m/n/10 std::unordered_set\T1/ptm/m/n/1
0 ),
 []


Overfull \hbox (49.22809pt too wide) in paragraph at lines 1825--1826
[]\T1/ptm/b/n/10 Rollback sekvenĢného Ģísla \T1/ptm/m/n/10 (\T1/pcr/m/n/10 seq_
rollback\T1/ptm/m/n/10 ): ak \T1/pcr/m/n/10 seq + rollbackThreshold < maxSeenSe
q\T1/ptm/m/n/10 .
 []


Overfull \hbox (14.03705pt too wide) in paragraph at lines 1826--1827
[]\T1/ptm/b/n/10 Nesúlad nonce \T1/ptm/m/n/10 (\T1/pcr/m/n/10 nonce_mismatch\T1
/ptm/m/n/10 ): ak prijatý nonce nezodpovedá deterministicky odvodenému
 []


Overfull \hbox (51.37747pt too wide) in paragraph at lines 1826--1827
\T1/ptm/m/n/10 nonce z kontextu hlaviĢky. Táto kontrola je aktívna iba v profil
och s \T1/pcr/m/n/10 nonceMode = "deterministic"
 []


Overfull \hbox (4.59991pt too wide) has occurred while \output is active
 $[]$ 
 []


Overfull \hbox (4.59991pt too wide) has occurred while \output is active
 $[]$ 
 []

[43]
Overfull \hbox (1.69302pt too wide) in paragraph at lines 1853--1854
\T1/ptm/m/n/10 identifikátorov[[]]. Pri registrácii aj pri vyhĐadávaní sa UID p
repoĢíta na HMAC hash s tajomstvom,
 []


Overfull \hbox (0.95612pt too wide) in paragraph at lines 1875--1876
[]\T1/ptm/m/n/10 kde $\OML/cmm/m/it/10 K[]$ \T1/ptm/m/n/10 je auditný kĐúĢ odvo
dený cez HKDF z master secret a $\OML/cmm/m/it/10 H[]$ \T1/ptm/m/n/10 je hash p
redchádzajúceho
 []


Overfull \hbox (14.1261pt too wide) in paragraph at lines 1885--1886
\T1/ptm/m/n/10 demonētrovaī princíp detekcie manipulácie, nie dosiahnuī odolnos
ī voĢi útoĢníkovi s neobmedzeným
 []


Overfull \hbox (4.59991pt too wide) has occurred while \output is active
 $[]$ 
 []


Overfull \hbox (4.59991pt too wide) has occurred while \output is active
 $[]$ 
 []

[44]
Overfull \hbox (8.67522pt too wide) in paragraph at lines 1887--1888
[]\T1/ptm/m/n/10 Implementácia navyēe rozliēuje medzi reīazeným a nereīazeným r
ešimom auditu. Ak je reīazenie
 []


Overfull \hbox (0.5877pt too wide) in paragraph at lines 1887--1888
\T1/ptm/m/n/10 vypnuté, záznamy sa ukladajú s nulovými hodnotami \T1/pcr/m/n/10
 prev_hash \T1/ptm/m/n/10 a \T1/pcr/m/n/10 entry_hash\T1/ptm/m/n/10 , Ģo zodpov
edá
 []


Overfull \hbox (0.70743pt too wide) in paragraph at lines 1891--1892
\T1/ptm/m/n/10 payloadu vyhodnocuje, Ģi má byī prístup povolený. Rozhodovanie p
rebieha v niekoĐkých krokoch.
 []


Overfull \hbox (6.59668pt too wide) in paragraph at lines 1895--1896
[]\T1/ptm/m/n/10 Výsledok rozhodnutia (\T1/pcr/m/n/10 allow \T1/ptm/m/n/10 aleb
o \T1/pcr/m/n/10 deny\T1/ptm/m/n/10 ) sa spolu s identifikátorom ĢítaĢky, dverí
, sekvenĢným
 []


Overfull \hbox (10.16841pt too wide) in paragraph at lines 1895--1896
\T1/ptm/m/n/10 interný diagnostický kód (napríklad \T1/pcr/m/n/10 replay\T1/ptm
/m/n/10 , \T1/pcr/m/n/10 unknown_card\T1/ptm/m/n/10 , \T1/pcr/m/n/10 mac_verifi
cation_failed\T1/ptm/m/n/10 ),
 []


Overfull \hbox (31.32565pt too wide) in paragraph at lines 1895--1896
\T1/ptm/m/n/10 ktorý sa nezverejŽuje nedôveryhodnému klientovi, ale ukladá sa d
o auditu a zobrazuje v administrátorskom
 []


Overfull \hbox (127.22704pt too wide) in paragraph at lines 1899--1900
[]\T1/ptm/m/n/10 Správanie bezpeĢnostných mechanizmov prototypu je plne konfigu
rovateĐné cez súbor \T1/pcr/m/n/10 config/access_security.yaml\T1/ptm/m/n/10 ,
 []


Package enumitem Warning: Negative labelwidth. This does not make much
(enumitem)                sense, on input line 1901.


Overfull \hbox (0.74689pt too wide) in paragraph at lines 1903--1904
[]\T1/ptm/m/n/10 voĐba AEAD algoritmu (\T1/pcr/m/n/10 cipher_mode\T1/ptm/m/n/10
 : \T1/pcr/m/n/10 xchacha20poly1305
 []


Overfull \hbox (29.7283pt too wide) in paragraph at lines 1903--1904
\T1/ptm/m/n/10 alebo \T1/pcr/m/n/10 chacha20poly1305\T1/ptm/m/n/10 ), rešim gen
erovania nonce (\T1/pcr/m/n/10 nonce_mode\T1/ptm/m/n/10 : \T1/pcr/m/n/10 random
 \T1/ptm/m/n/10 / \T1/pcr/m/n/10 deterministic\T1/ptm/m/n/10 ),
 []


Overfull \hbox (4.59991pt too wide) has occurred while \output is active
 $[]$ 
 []


Overfull \hbox (4.59991pt too wide) has occurred while \output is active
 $[]$ 
 []

[45]
Overfull \hbox (11.04497pt too wide) in paragraph at lines 1934--1935
[]\T1/ptm/m/n/10 Modul \T1/pcr/m/n/10 access_admin \T1/ptm/m/n/10 okrem REST AP
I servíruje aj webové rozhranie dostupné na \T1/pcr/m/n/10 /static/\T1/ptm/m/n/
10 .
 []


Overfull \hbox (7.26097pt too wide) in paragraph at lines 1941--1942
[]\T1/ptm/b/n/10 Import/export databázy: \T1/ptm/m/n/10 JSON export aktuálneho 
stavu, JSON import pre migráciu konfigurácie. 
 []


Overfull \hbox (21.97383pt too wide) in paragraph at lines 1944--1945
\T1/ptm/m/n/10 je striktne oddelená od HMAC autentifikácie zariadení (princíp n
ajmenej oprávnení[[]]): kompromitácia
 []


Overfull \hbox (7.23558pt too wide) in paragraph at lines 1950--1951
[]\T1/ptm/m/n/10 Práve toto vzájomné prepojenie je jedným z hlavných predmetov 
analytickej Ģasti. Experimentálna
 []


Overfull \hbox (11.72646pt too wide) in paragraph at lines 1954--1955
[]\T1/ptm/m/n/10 Pred vykonaním akýchkoĐvek experimentov je nutné overiī, še im
plementácia samotná neobsahuje
 []


Overfull \hbox (54.72824pt too wide) in paragraph at lines 1958--1959
\T1/ptm/m/n/10 a Īalēie defekty evidované v moduloch \T1/pcr/m/n/10 bugprone-*\
T1/ptm/m/n/10 , \T1/pcr/m/n/10 cert-*\T1/ptm/m/n/10 , \T1/pcr/m/n/10 clang-anal
yzer-* \T1/ptm/m/n/10 a \T1/pcr/m/n/10 performance-*\T1/ptm/m/n/10 . 
 []


Overfull \hbox (13.08583pt too wide) in paragraph at lines 1960--1961
[]\T1/ptm/m/n/10 Analýza bola spustená nad vēetkými 76 zdrojovými súbormi proje
ktu (hlaviĢkové a implementaĢné)
 []


Overfull \hbox (15.88953pt too wide) in paragraph at lines 1960--1961
\T1/ptm/m/n/10 (moduly \T1/pcr/m/n/10 crypto_lib\T1/ptm/m/n/10 , \T1/pcr/m/n/10
 protocol_lib\T1/ptm/m/n/10 , \T1/pcr/m/n/10 key_manager\T1/ptm/m/n/10 , \T1/pc
r/m/n/10 access_core\T1/ptm/m/n/10 , \T1/pcr/m/n/10 access_decision\T1/ptm/m/n/
10 ,
 []


Overfull \hbox (4.5791pt too wide) in paragraph at lines 1960--1961
\T1/pcr/m/n/10 access_storage\T1/ptm/m/n/10 , \T1/pcr/m/n/10 config_loader\T1/p
tm/m/n/10 , \T1/pcr/m/n/10 runtime_events \T1/ptm/m/n/10 a \T1/pcr/m/n/10 acces
s_admin\T1/ptm/m/n/10 ) s kompilaĢnou
 []


Overfull \hbox (58.12839pt too wide) in paragraph at lines 1960--1961
\T1/ptm/m/n/10 databázou vygenerovanou pomocou \T1/pcr/m/n/10 CMAKE_EXPORT_COMP
ILE_COMMANDS=ON\T1/ptm/m/n/10 . Postup je reprodukovateĐný
 []


Overfull \hbox (4.59991pt too wide) has occurred while \output is active
 $[]$ 
 []


Overfull \hbox (4.59991pt too wide) has occurred while \output is active
 $[]$ 
 []

[46]
Overfull \hbox (155.2579pt too wide) in paragraph at lines 1979--1980
\T1/pcr/m/n/10 size_t \T1/ptm/m/n/10 na \T1/pcr/m/n/10 difference_type \T1/ptm/
m/n/10 v HKDF expanzii) a \T1/pcr/m/n/10 bugprone-implicit-widening-of-multipli
cation-result
 []


Overfull \hbox (70.55864pt too wide) in paragraph at lines 1980--1981
\T1/pcr/m/n/10 std::move \T1/ptm/m/n/10 triviálne kopírovateĐných typov), 6 prí
padov \T1/pcr/m/n/10 performance-unnecessary-value-param
 []


Overfull \hbox (69.21724pt too wide) in paragraph at lines 1980--1981
\T1/ptm/m/n/10 (parameter odovzdávaný hodnotou namiesto konētantnou referenciou
), 1 prípad \T1/pcr/m/n/10 performance-enum-size
 []


Overfull \hbox (2.46655pt too wide) in paragraph at lines 1992--1993
\T1/ptm/m/n/10 C++ --- preteĢenie znamienkových celých Ģísel, dereferenciu \T1/
pcr/m/n/10 nullptr\T1/ptm/m/n/10 , nesprávne zarovnanie
 []


Overfull \hbox (13.9454pt too wide) in paragraph at lines 2015--2016
[]\T1/ptm/m/n/10 DoplŽujúca poznámka k rozsahu: MemorySanitizer (MSan), ktorý d
etekuje Ģítanie neinicializovanej
 []


Overfull \hbox (1.31665pt too wide) in paragraph at lines 2019--2020
[]\T1/ptm/m/n/10 Testovacia sada obsahuje 44 testovacích prípadov (makrá \T1/pc
r/m/n/10 TEST() \T1/ptm/m/n/10 frameworku Google Test[[]])
 []


LaTeX Warning: `h' float specifier changed to `ht'.


Overfull \hbox (4.59991pt too wide) has occurred while \output is active
 $[]$ 
 []


Overfull \hbox (4.59991pt too wide) has occurred while \output is active
 $[]$ 
 []

[47]
Overfull \hbox (7.39633pt too wide) in paragraph at lines 2058--2059
\T1/ptm/m/n/10 chyby, nedefinované správanie ani bezpeĢnostné defekty detekovat
eĐné automatizovanými nástrojmi.
 []


Overfull \hbox (1.05692pt too wide) in paragraph at lines 2058--2059
\T1/ptm/m/n/10 šiadnu chybu na vykonaných cestách. Tento výsledok vytvára dôver
yhodný základ pre interpretáciu
 []


Overfull \hbox (1.25621pt too wide) in paragraph at lines 2058--2059
\T1/ptm/m/n/10 experimentov v nasledujúcich kapitolách --- rozdiely vo výsledko
ch medzi konfiguraĢnými profilmi
 []

(./chapter_experiments.tex
Overfull \hbox (2.45589pt too wide) in paragraph at lines 10--11
[]\T1/ptm/m/n/10 Predchádzajúce kapitoly opísali návrh a implementáciu bezpeĢno
stných mechanizmov prototypu.
 []


Overfull \hbox (5.38657pt too wide) in paragraph at lines 10--11
\T1/ptm/m/n/10 odolnosī systému voĢi vybraným útokovým scenárom. Experimenty sú
 navrhnuté tak, aby pokrývali
 []


Overfull \hbox (5.49477pt too wide) in paragraph at lines 12--13
\T1/ptm/m/n/10 Privilege sa viaše na autorizaĢnú politiku, nie na nonce/AEAD me
chanizmus. TabuĐka [][]16[][] zobrazuje,
 []


Underfull \hbox (badness 10000) in paragraph at lines 24--25
[]|\T1/ptm/m/n/9 Odolnosī voĢi falzifikácii
 []


Underfull \hbox (badness 10000) in paragraph at lines 27--28
[]|\T1/ptm/m/n/9 Ochrana identifikátorov;
 []


Underfull \hbox (badness 10000) in paragraph at lines 28--29
[]|\T1/ptm/m/n/9 Mimo rozsahu kryptografickej
 []


Underfull \hbox (badness 10000) in paragraph at lines 31--32
\T1/ptm/m/n/9 od deterministického nonce
 []


Underfull \hbox (badness 10000) in paragraph at lines 34--35
[]|\T1/ptm/m/n/9 Výkonnostný overhead
 []


Overfull \hbox (4.59991pt too wide) has occurred while \output is active
 $[]$ 
 []


Overfull \hbox (4.59991pt too wide) has occurred while \output is active
 $[]$ 
 []

[48]

Package enumitem Warning: Negative labelwidth. This does not make much
(enumitem)                sense, on input line 73.


Overfull \hbox (15.52705pt too wide) in paragraph at lines 74--75
[]\T1/ptm/m/n/10 ChaCha20-Poly1305 (RFC 8439[[]], 12-bajtový nonce) oproti XCha
Cha20-
 []


Overfull \hbox (4.82724pt too wide) in paragraph at lines 75--76
[]\T1/ptm/m/n/10 Nonce je generovaný pseudonáhodne pre kašdý frame. Server nonc
e neoveruje
 []


Overfull \hbox (5.8768pt too wide) in paragraph at lines 76--79
[]\T1/ptm/m/n/10 Nonce je generovaný deterministicky ako HMAC-SHA-256 kontextu 
hlaviĢky:
 []


Overfull \hbox (61.43013pt too wide) in paragraph at lines 76--79
[] \OT1/cmr/m/n/10 = [](\OML/cmm/m/it/10 K[]; []\OT1/cmr/m/n/10 )$\T1/ptm/m/n/1
0 , kde $\OML/cmm/m/it/10 K[]$ \T1/ptm/m/n/10 je derivovaný cez HKDF s info \T1
/pcr/m/n/10 nonce-derivation-v1\T1/ptm/m/n/10 .
 []


Overfull \hbox (4.59991pt too wide) has occurred while \output is active
 $[]$ 
 []


Overfull \hbox (4.59991pt too wide) has occurred while \output is active
 $[]$ 
 []

[49]

Package enumitem Warning: Negative labelwidth. This does not make much
(enumitem)                sense, on input line 80.


Overfull \hbox (20.65598pt too wide) in paragraph at lines 79--80
[]\T1/ptm/m/n/10 Rovnaký deterministický nonce ako R1, ale s aktívnym \T1/ptm/m
/it/10 ProtocolAnomalyDetector\T1/ptm/m/n/10 ,
 []


Package enumitem Warning: Negative labelwidth. This does not make much
(enumitem)                sense, on input line 95.


Overfull \hbox (50.2495pt too wide) in paragraph at lines 96--97
\T1/ptm/m/n/10 obsahujúcu \T1/pcr/m/n/10 KeyManager\T1/ptm/m/n/10 , \T1/pcr/m/n
/10 SqliteAccessStore\T1/ptm/m/n/10 , \T1/pcr/m/n/10 DecisionEngine\T1/ptm/m/n/
10 , \T1/pcr/m/n/10 ProtocolAnomalyDetector
 []


Overfull \hbox (0.66711pt too wide) in paragraph at lines 96--97
\T1/ptm/m/n/10 a mapu \T1/pcr/m/n/10 ReplayWindow\T1/ptm/m/n/10 . Tým sa zaruĢu
je, še stav z predchádzajúceho behu neovplyvní výsledok. 
 []


Overfull \hbox (19.85701pt too wide) in paragraph at lines 97--98
\T1/ptm/m/n/10 server. Poskytuje aj statické metódy na manipuláciu frame (\T1/p
cr/m/n/10 tamperDoorId\T1/ptm/m/n/10 , \T1/pcr/m/n/10 tamperCiphertext\T1/ptm/m
/n/10 ). 
 []


Overfull \hbox (13.29974pt too wide) in paragraph at lines 98--99
\T1/pcr/m/n/10 nonce_mode\T1/ptm/m/n/10 , \T1/pcr/m/n/10 detector_enabled\T1/pt
m/m/n/10 , \T1/pcr/m/n/10 scenario\T1/ptm/m/n/10 , \T1/pcr/m/n/10 phase\T1/ptm/
m/n/10 , \T1/pcr/m/n/10 attack_n\T1/ptm/m/n/10 , \T1/pcr/m/n/10 frame_idx\T1/pt
m/m/n/10 , \T1/pcr/m/n/10 allowed\T1/ptm/m/n/10 ,
 []


Overfull \hbox (1.76472pt too wide) in paragraph at lines 116--117
\T1/ptm/m/n/10 om namiesto \T1/pcr/m/n/10 randombytes_buf()\T1/ptm/m/n/10 ; kaš
dý beh je individuálne reprodukovateĐný opakovaním
 []


Overfull \hbox (7.48341pt too wide) in paragraph at lines 118--119
[]\T1/ptm/m/n/10 CLI prepínaĢe \T1/pcr/m/n/10 --seed=N\T1/ptm/m/n/10 , \T1/pcr/
m/n/10 --warmup=N\T1/ptm/m/n/10 , \T1/pcr/m/n/10 --baseline=N\T1/ptm/m/n/10 , \
T1/pcr/m/n/10 --runs=N \T1/ptm/m/n/10 umošŽujú reprodukovateĐné
 []


Overfull \hbox (1.22862pt too wide) in paragraph at lines 123--124
\T1/ptm/m/n/10 (\T1/pcr/m/n/10 crypto_lib\T1/ptm/m/n/10 ), deriváciu kĐúĢov (\T
1/pcr/m/n/10 key_manager\T1/ptm/m/n/10 ), rozhodovaciu logiku (\T1/pcr/m/n/10 D
ecisionEngine\T1/ptm/m/n/10 ),
 []


Overfull \hbox (18.42764pt too wide) in paragraph at lines 123--124
\T1/ptm/m/n/10 anti-replay mechanizmus (\T1/pcr/m/n/10 ReplayWindow\T1/ptm/m/n/
10 ) a anomálny detektor (\T1/pcr/m/n/10 ProtocolAnomalyDetector\T1/ptm/m/n/10 
).
 []


Overfull \hbox (51.53165pt too wide) in paragraph at lines 126--127
[]\T1/ptm/b/n/10 HTTP transport a HMAC autentifikácia pošiadavky \T1/ptm/m/n/10
 --- harness volá \T1/pcr/m/n/10 DecisionEngine::process()
 []


Overfull \hbox (15.19266pt too wide) in paragraph at lines 127--128
\T1/ptm/m/n/10 aby sa prediēlo kontaminácii výsledkov efektmi Ģasovej synchroni
zácie. Experimenty sa zameriavajú
 []


Overfull \hbox (4.59991pt too wide) has occurred while \output is active
 $[]$ 
 []


Overfull \hbox (4.59991pt too wide) has occurred while \output is active
 $[]$ 
 []

[50]
Overfull \hbox (49.65732pt too wide) in paragraph at lines 131--132
\T1/ptm/m/n/10 esī konfiguraĢných profilov (A1-R0 aš A2-R2) je definovaných pr
ogramaticky vo funkcii \T1/pcr/m/n/10 allProfiles()\T1/ptm/m/n/10 ,
 []


Overfull \hbox (14.8762pt too wide) in paragraph at lines 140--141
[]\T1/ptm/m/it/10 OĢakávané správanie: \T1/ptm/m/n/10 Replay window odchytí dup
likát sekvenĢného Ģísla. R2 navyēe zakaranténuje
 []


Overfull \hbox (27.7453pt too wide) in paragraph at lines 156--157
\T1/ptm/m/n/10 a verifikácia frame, multi-process nasadenie), vynucovaná nonce 
politika sa stáva kritickou bezpeĢnostnou
 []


Overfull \hbox (5.56528pt too wide) in paragraph at lines 169--170
\T1/ptm/m/n/10 derivácia poskytuje kryptografickú izoláciu (compartmentalizatio
n) --- kompromitácia jednej ĢítaĢky
 []


Overfull \hbox (4.59991pt too wide) has occurred while \output is active
 $[]$ 
 []


Overfull \hbox (4.59991pt too wide) has occurred while \output is active
 $[]$ 
 []

[51]
Overfull \hbox (6.29282pt too wide) in paragraph at lines 187--188
 \T1/ptm/m/it/10 6) S5: Tag probe (forgery resistance): [][][] \T1/ptm/m/n/10 S
cenár vytvorí validný frame a následne poēkodí ciphertext
 []


Overfull \hbox (46.70554pt too wide) in paragraph at lines 189--190
\T1/ptm/m/n/10 navyēe sleduje sériu zlyhaní a po dosiahnutí limitu 5 zakarantén
uje ĢítaĢku s anomáliou \T1/pcr/m/n/10 tag_fail_streak\T1/ptm/m/n/10 . 
 []


Package enumitem Warning: Negative labelwidth. This does not make much
(enumitem)                sense, on input line 220.


Overfull \hbox (9.93484pt too wide) in paragraph at lines 222--223
[]\T1/ptm/m/n/10 Podiel baseline frame, ktoré boli zamietnuté (meria faloēné od
mietnutia validných
 []

<plots/attack_success_heatmap.png, id=1647, 729.927pt x 327.3831pt>
File: plots/attack_success_heatmap.png Graphic file (type png)
<use plots/attack_success_heatmap.png>
Package pdftex.def Info: plots/attack_success_heatmap.png  used on input line 2
41.
(pdftex.def)             Requested size: 396.0pt x 177.61348pt.

Overfull \hbox (86.74286pt too wide) in paragraph at lines 242--242
[][]  []
 []

(./plots/scenario_summary.tex
Overfull \hbox (63.88904pt too wide) in paragraph at lines 6--53
 [][] 
 []

)
Overfull \hbox (4.59991pt too wide) has occurred while \output is active
 $[]$ 
 []


Overfull \hbox (4.59991pt too wide) has occurred while \output is active
 $[]$ 
 []

[52]
Overfull \hbox (4.59991pt too wide) has occurred while \output is active
 $[]$ 
 []


Overfull \hbox (4.59991pt too wide) has occurred while \output is active
 $[]$ 
 []

[53 <./plots/attack_success_heatmap.png>]
<plots/attack_success_by_n.png, id=1664, 1000.2168pt x 640.0713pt>
File: plots/attack_success_by_n.png Graphic file (type png)
<use plots/attack_success_by_n.png>
Package pdftex.def Info: plots/attack_success_by_n.png  used on input line 263.

(pdftex.def)             Requested size: 396.0pt x 253.41628pt.

Overfull \hbox (105.57205pt too wide) in paragraph at lines 264--264
[][]  []
 []

<plots/quarantine_speed.png, id=1665, 711.1368pt x 350.7504pt>
File: plots/quarantine_speed.png Graphic file (type png)
<use plots/quarantine_speed.png>
Package pdftex.def Info: plots/quarantine_speed.png  used on input line 274.
(pdftex.def)             Requested size: 396.0pt x 195.31636pt.
(./plots/baseline_correctness.tex)
Overfull \hbox (4.59991pt too wide) has occurred while \output is active
 $[]$ 
 []


Overfull \hbox (4.59991pt too wide) has occurred while \output is active
 $[]$ 
 []

[54 <./plots/attack_success_by_n.png>]
<plots/throughput.png, id=1675, 1005.2757pt x 356.2911pt>
File: plots/throughput.png Graphic file (type png)
<use plots/throughput.png>
Package pdftex.def Info: plots/throughput.png  used on input line 295.
(pdftex.def)             Requested size: 396.0pt x 140.35016pt.
 (./plots/throughput_table.tex)
Overfull \hbox (21.9065pt too wide) in paragraph at lines 304--305
[]\T1/ptm/b/n/10 Porovnanie algoritmov: \T1/ptm/m/n/10 A2 (XChaCha20) dosahuje 
mierne vyēēiu priepustnosī ako A1 (ChaCha20),
 []


Overfull \hbox (45.11772pt too wide) in paragraph at lines 306--307
[]\T1/ptm/b/n/10 Overhead detektora: \T1/ptm/m/n/10 Porovnanie R1 a R2 umošŽuje
 izolovaī overhead \T1/pcr/m/n/10 ProtocolAnomalyDetector\T1/ptm/m/n/10 .
 []

<plots/detector_overhead.png, id=1677, 624.1719pt x 342.5598pt>
File: plots/detector_overhead.png Graphic file (type png)
<use plots/detector_overhead.png>
Package pdftex.def Info: plots/detector_overhead.png  used on input line 317.
(pdftex.def)             Requested size: 396.0pt x 217.33487pt.

Overfull \hbox (4.59991pt too wide) has occurred while \output is active
 $[]$ 
 []


Overfull \hbox (4.59991pt too wide) has occurred while \output is active
 $[]$ 
 []

[55 <./plots/quarantine_speed.png> <./plots/throughput.png>]
<plots/latency_boxplot.png, id=1687, 856.1586pt x 1535.0148pt>
File: plots/latency_boxplot.png Graphic file (type png)
<use plots/latency_boxplot.png>
Package pdftex.def Info: plots/latency_boxplot.png  used on input line 328.
(pdftex.def)             Requested size: 396.0pt x 709.98009pt.

Overfull \hbox (12.08627pt too wide) in paragraph at lines 340--341
\T1/ptm/b/n/10 enforcement: \T1/ptm/m/n/10 R0/R1 nemajú verifikáciu nonce; fram
e s chybným nonce prejde so 100% úspeēnosīou.
 []


Overfull \hbox (58.04349pt too wide) in paragraph at lines 344--345
\T1/ptm/m/n/10 diferencuje nonce rešimy a zabezpeĢuje ēkálovateĐnosī; HKDF izol
ácia (S3b) zabezpeĢuje compartmentalization
 []


Overfull \hbox (4.59991pt too wide) has occurred while \output is active
 $[]$ 
 []


Overfull \hbox (4.59991pt too wide) has occurred while \output is active
 $[]$ 
 []

[56 <./plots/detector_overhead.png>]
Overfull \hbox (4.59991pt too wide) has occurred while \output is active
 $[]$ 
 []


Overfull \hbox (4.59991pt too wide) has occurred while \output is active
 $[]$ 
 []

[57 <./plots/latency_boxplot.png>]
Overfull \hbox (24.58444pt too wide) in paragraph at lines 387--388
\T1/ptm/m/n/10 zmení kontext $\OMS/cmsy/m/n/10 !$ \T1/ptm/m/n/10 nonce v hlaviĢ
ke nezodpovedá $\OMS/cmsy/m/n/10 !$ \T1/pcr/m/n/10 nonce_mismatch \T1/ptm/m/n/1
0 (detekcia \T1/ptm/m/it/10 pred \T1/ptm/m/n/10 deēifrovaním). 
 []


Overfull \hbox (13.49312pt too wide) in paragraph at lines 394--395
 \T1/ptm/m/it/10 5) Tézis 5: Defense-in-depth cez karanténu: [][][] \T1/ptm/m/n
/10 Aj v scenároch, kde R0/R1 blokujú kašdý individuálny
 []


Overfull \hbox (1.97577pt too wide) in paragraph at lines 414--415
\T1/ptm/m/n/10 HChaCha20 nemusí vyušívaī rovnakú úroveŽ SIMD vektorizácie ako h
lavný ChaCha20 stream.
 []


Overfull \hbox (7.99663pt too wide) in paragraph at lines 417--418
\T1/ptm/m/n/10 bezpeĢnostných metrík (scenáre S1--S5) a oba dosahujú priepustno
sī rádovo prevyēujúcu pošiadavky
 []


Overfull \hbox (4.59991pt too wide) has occurred while \output is active
 $[]$ 
 []


Overfull \hbox (4.59991pt too wide) has occurred while \output is active
 $[]$ 
 []

[58]

Package enumitem Warning: Negative labelwidth. This does not make much
(enumitem)                sense, on input line 425.


Overfull \hbox (4.14612pt too wide) in paragraph at lines 426--427
[]\T1/ptm/m/n/10 HTTP endpoint bez podpisu pošiadavky, payload prenáēaný
 []


Overfull \hbox (9.12384pt too wide) in paragraph at lines 427--428
[]\T1/ptm/m/n/10 HTTPS s tokenom v hlaviĢke (napr. statický API kĐúĢ), ale bez 
interného
 []

LaTeX Font Info:    Trying to load font information for TS1+ptm on input line 4
41.
(/usr/share/texlive/texmf-dist/tex/latex/psnfss/ts1ptm.fd
File: ts1ptm.fd 2001/06/04 font definitions for TS1/ptm.
)
<plots/scenario_summary_table.png, id=1726, 798.5835pt x 828.696pt>
File: plots/scenario_summary_table.png Graphic file (type png)
<use plots/scenario_summary_table.png>
Package pdftex.def Info: plots/scenario_summary_table.png  used on input line 4
61.
(pdftex.def)             Requested size: 396.0pt x 410.93286pt.

Overfull \hbox (25.31578pt too wide) in paragraph at lines 471--472
[]\T1/ptm/b/n/10 R2 zablokoval vēetky testované scenáre: \T1/ptm/m/n/10 0% úspe
ēnosī naprieĢ S1--S5 v rámci tejto experimentálnej
 []


Overfull \hbox (18.42523pt too wide) in paragraph at lines 474--475
[]\T1/ptm/b/n/10 Karanténa pridáva proaktívnu izoláciu zariadení: \T1/ptm/m/n/1
0 Kvalitativne odliēná od per-frame odmietnutia. 
 []

)
Overfull \hbox (33.6839pt too wide) in paragraph at lines 479--2064
[]\T1/ptm/m/n/10 Tieto výsledky potvrdujú pôvodnú hypotézu práce: kombinácia AE
AD s AAD binding, deterministickým
 []


Overfull \hbox (0.3864pt too wide) in paragraph at lines 479--2064
\T1/ptm/m/n/10 systému v porovnaní so základnými konfiguráciami, a to pri prija
teĐnom výkonnostnom overheade.
 []


Underfull \hbox (badness 10000) in paragraph at lines 479--2064

 []


Overfull \hbox (4.59991pt too wide) has occurred while \output is active
 $[]$ 
 []


Overfull \hbox (4.59991pt too wide) has occurred while \output is active
 $[]$ 
 []

[59] (./chapter_conclusion.tex
Overfull \hbox (9.58594pt too wide) in paragraph at lines 8--9
[]\T1/ptm/m/n/10 Táto práca sa zaoberala návrhom, implementáciou a experimentál
nym hodnotením bezpeĢnostných
 []


Overfull \hbox (3.38622pt too wide) in paragraph at lines 8--9
\T1/ptm/m/n/10 mechanizmov pre systém kontroly fyzického prístupu postavený na 
bezkontaktných identifikátoroch
 []


Overfull \hbox (9.05557pt too wide) in paragraph at lines 8--9
\T1/ptm/m/n/10 RFID/NFC. Výsledkom je funkĢný prototyp a jeho systematická anal
ýza, ktorá identifikuje konkrétne
 []


Overfull \hbox (6.77463pt too wide) in paragraph at lines 15--16
\T1/ptm/m/n/10 kanonizácia, anti-replay) a ēpecifiká RFID/NFC technológií vráta
ne známych útokov na MIFARE
 []


Overfull \hbox (23.41545pt too wide) in paragraph at lines 17--18
\T1/ptm/m/n/10 RC522[[]]), serverovej aplikácie v jazyku C++20 a lokálneho úloš
iska SQLite. Systém implementuje
 []


Overfull \hbox (4.59991pt too wide) has occurred while \output is active
 $[]$ 
 []


Overfull \hbox (4.59991pt too wide) has occurred while \output is active
 $[]$ 
 []

[60 <./plots/scenario_summary_table.png>]
Overfull \hbox (11.36621pt too wide) in paragraph at lines 30--31
[]\T1/ptm/b/n/10 Verifikácia kvality kódu. \T1/ptm/m/n/10 Pred experimentmi bol
a vykonaná statická analýza (\T1/pcr/m/n/10 clang-tidy\T1/ptm/m/n/10 [[]]:
 []


Overfull \hbox (3.32228pt too wide) in paragraph at lines 32--33
\T1/ptm/m/n/10 (2 algoritmy $\OMS/cmsy/m/n/10 ^^B$ \T1/ptm/m/n/10 3 nonce strat
égie) bolo testovaných v ēiestich scenároch (replay, AAD tampering,
 []


Overfull \hbox (8.70615pt too wide) in paragraph at lines 61--62
\T1/ptm/b/n/10 vyēēiu odolnosī \T1/ptm/m/n/10 voĢi vēetkým testovaným triedam ú
tokov pri prijateĐnom výkonnostnom overheade.
 []


Overfull \hbox (4.32698pt too wide) in paragraph at lines 63--64
[]\T1/ptm/m/n/10 Vēetkých 5 behov (seedy 42--46) poskytlo zhodné výsledky bezpe
Ģnostných metrík, Ģo naznaĢuje,
 []


Underfull \hbox (badness 4132) in paragraph at lines 77--78
[]|\T1/ptm/m/n/8 Kapitoly 9--10: HMAC autentifikácia, AEAD
 []


Overfull \hbox (18.27617pt too wide) in paragraph at lines 87--88
[]\T1/ptm/m/n/10 Napriek pozitívnym výsledkom je potrebné identifikovaī obmedze
nia, ktoré ovplyvŽujú interpretáciu
 []


Overfull \hbox (2.99559pt too wide) in paragraph at lines 90--91
\T1/ptm/m/n/10 bez vzájomnej autentifikácie umošŽujú emuláciu UID. Prototyp sa 
spolieha na to, še bezpeĢnosī
 []


Overfull \hbox (21.7256pt too wide) in paragraph at lines 90--91
\T1/ptm/m/n/10 je zabezpeĢená na úrovni protokolu (HMAC + AEAD), nie na úrovni 
karty. Nasadenie kryptograficky
 []


Overfull \hbox (4.59991pt too wide) has occurred while \output is active
 $[]$ 
 []


Overfull \hbox (4.59991pt too wide) has occurred while \output is active
 $[]$ 
 []

[61]
Overfull \hbox (13.3854pt too wide) in paragraph at lines 94--95
[]\T1/ptm/b/n/10 Jednostranná autentifikácia. \T1/ptm/m/n/10 Server autentifiku
je ĢítaĢku (cez HMAC), ale ĢítaĢka neautentifikuje
 []


Package enumitem Warning: Negative labelwidth. This does not make much
(enumitem)                sense, on input line 107.


Overfull \hbox (12.8951pt too wide) in paragraph at lines 110--111
[]\T1/ptm/m/n/10 Prechod z jednoduchého Ģítania UID na vzájomnú autentifikáciu
 []


Overfull \hbox (5.84479pt too wide) in paragraph at lines 110--111
\T1/ptm/m/n/10 s kartou (napr. MIFARE DESFire EV3). Tým by sa eliminovala závis
losī na serverovej kompenzácii
 []


Overfull \hbox (1.36574pt too wide) in paragraph at lines 116--117
[]\T1/ptm/m/n/10 Implementácia bezprestojovej migrácie pepper verzie, kde
 []


Overfull \hbox (15.19771pt too wide) in paragraph at lines 118--119
[]\T1/ptm/m/n/10 Rozēírenie \T1/pcr/m/n/10 ProtocolAnomalyDetector \T1/ptm/m/n/
10 o Ģasovo obmedzenú karanténu
 []


Overfull \hbox (20.4258pt too wide) in paragraph at lines 120--121
\T1/ptm/m/n/10 vyšaduje lokálnu cache posledných autorizácií a následnú synchro
nizáciu, Ģo prináēa nové bezpeĢnostné
 []


Overfull \hbox (8.61504pt too wide) in paragraph at lines 122--123
[]\T1/ptm/m/n/10 Integrácia s existujúcimi monitorovacími systémami (Prometheus
, Grafana)
 []


Overfull \hbox (1.1152pt too wide) in paragraph at lines 127--128
\T1/ptm/m/n/10 KĐúĢovým prínosom nie je samotná implementácia jednotlivých mech
anizmov --- tie sú v literatúre
 []


Overfull \hbox (4.59991pt too wide) has occurred while \output is active
 $[]$ 
 []


Overfull \hbox (4.59991pt too wide) has occurred while \output is active
 $[]$ 
 []

[62]
Overfull \hbox (15.55588pt too wide) in paragraph at lines 129--130
[]\T1/ptm/m/n/10 Výsledky jasne ukazujú, še bezpeĢnosī nie je binárna vlastnosī
 (^^RzabezpeĢené vs. nezabezpeĢené^^P),
 []

) (./latex_sablona.bbl
Underfull \hbox (badness 10000) in paragraph at lines 34--38
[]\T1/ptm/m/n/8 A. Arciszewski, ``draft-irtf-cfrg-xchacha-01: XChaCha: eXtended
-nonce ChaCha and
 []


Underfull \hbox (badness 2111) in paragraph at lines 34--38
\T1/ptm/m/n/8 AEAD_XChaCha20_Poly1305,'' IETF Datatracker (Internet-Draft), 201
9, available from: [][]$https : / / datatracker .
 []


Underfull \hbox (badness 10000) in paragraph at lines 40--43
\T1/ptm/m/n/8 2025, available from: [][]$https : / / libsodium . gitbook . io /
 doc / secret-[]key _ cryptography / aead / chacha20-[]poly1305 /
 []


Overfull \hbox (4.59991pt too wide) has occurred while \output is active
 $[]$ 
 []


Overfull \hbox (4.59991pt too wide) has occurred while \output is active
 $[]$ 
 []

[63])
Overfull \hbox (4.59991pt too wide) has occurred while \output is active
 $[]$ 
 []


Overfull \hbox (4.59991pt too wide) has occurred while \output is active
 $[]$ 
 []

[64] 
enddocument/afterlastpage: lastpage setting LastPage.
(./latex_sablona.aux)
 ***********
LaTeX2e <2023-11-01> patch level 1
L3 programming layer <2024-01-22>
 ***********
Package rerunfilecheck Info: File `latex_sablona.out' has not changed.
(rerunfilecheck)             Checksum: 74983476622436BA86B6300A7EA6FC38;55387.
 ) 
Here is how much of TeX's memory you used:
 13217 strings out of 476182
 207707 string characters out of 5795596
 1951975 words of memory out of 5000000
 34549 multiletter control sequences out of 15000+600000
 696225 words of font info for 202 fonts, out of 8000000 for 9000
 17 hyphenation exceptions out of 8191
 75i,13n,79p,1294b,693s stack positions out of 10000i,1000n,20000p,200000b,200000s
</usr/share/texlive/texmf-dist/fonts/type1/public/amsfonts/cm/cmex10.pfb></us
r/share/texlive/texmf-dist/fonts/type1/public/amsfonts/cmextra/cmex7.pfb></usr/
share/texlive/texmf-dist/fonts/type1/public/amsfonts/cm/cmmi10.pfb></usr/share/
texlive/texmf-dist/fonts/type1/public/amsfonts/cm/cmmi6.pfb></usr/share/texlive
/texmf-dist/fonts/type1/public/amsfonts/cm/cmmi7.pfb></usr/share/texlive/texmf-
dist/fonts/type1/public/amsfonts/cm/cmmi8.pfb></usr/share/texlive/texmf-dist/fo
nts/type1/public/amsfonts/cm/cmmi9.pfb></usr/share/texlive/texmf-dist/fonts/typ
e1/public/amsfonts/cm/cmr10.pfb></usr/share/texlive/texmf-dist/fonts/type1/publ
ic/amsfonts/cm/cmr5.pfb></usr/share/texlive/texmf-dist/fonts/type1/public/amsfo
nts/cm/cmr7.pfb></usr/share/texlive/texmf-dist/fonts/type1/public/amsfonts/cm/c
mr8.pfb></usr/share/texlive/texmf-dist/fonts/type1/public/amsfonts/cm/cmr9.pfb>
</usr/share/texlive/texmf-dist/fonts/type1/public/amsfonts/cm/cmsy10.pfb></usr/
share/texlive/texmf-dist/fonts/type1/public/amsfonts/cm/cmsy7.pfb></usr/share/t
exlive/texmf-dist/fonts/type1/public/amsfonts/cm/cmsy8.pfb></usr/share/texlive/
texmf-dist/fonts/type1/public/amsfonts/cm/cmsy9.pfb></usr/share/texlive/texmf-d
ist/fonts/type1/public/amsfonts/symbols/msam10.pfb></usr/share/texlive/texmf-di
st/fonts/type1/public/amsfonts/symbols/msbm10.pfb></usr/share/texlive/texmf-dis
t/fonts/type1/urw/courier/ucrb8a.pfb></usr/share/texlive/texmf-dist/fonts/type1
/urw/courier/ucrr8a.pfb></usr/share/texlive/texmf-dist/fonts/type1/urw/courier/
ucrro8a.pfb></usr/share/texlive/texmf-dist/fonts/type1/urw/times/utmb8a.pfb></u
sr/share/texlive/texmf-dist/fonts/type1/urw/times/utmbi8a.pfb></usr/share/texli
ve/texmf-dist/fonts/type1/urw/times/utmr8a.pfb></usr/share/texlive/texmf-dist/f
onts/type1/urw/times/utmri8a.pfb>
Output written on latex_sablona.pdf (64 pages, 2619892 bytes).
PDF statistics:
 2041 PDF objects out of 2073 (max. 8388607)
 1889 compressed objects within 19 object streams
 444 named destinations out of 1000 (max. 500000)
 1803 words of extra memory for PDF output out of 10000 (max. 10000000)

