\BOOKMARK [1][-]{section.1}{\376\377\000\332\000v\000o\000d}{}% 1
\BOOKMARK [1][-]{section.2}{\376\377\000M\000o\000t\000i\000v\000\341\000c\000i\000a\000,\000\040\000c\000i\000e\000l\000e\000\040\000a\000\040\000p\000r\000\355\000n\000o\000s\000\040\000p\000r\000\341\000c\000e}{}% 2
\BOOKMARK [2][-]{subsection.2.1}{\376\377\000M\000o\000t\000i\000v\000\341\000c\000i\000a}{section.2}% 3
\BOOKMARK [2][-]{subsection.2.2}{\376\377\000C\000i\000e\000l\000e\000\040\000p\000r\000\341\000c\000e}{section.2}% 4
\BOOKMARK [2][-]{subsection.2.3}{\376\377\000P\000r\000\355\000n\000o\000s}{section.2}% 5
\BOOKMARK [2][-]{subsection.2.4}{\376\377\000R\000o\000z\000s\000a\000h\000\040\000r\000i\000e\001\141\000e\000n\000i\000a\000\040\000a\000\040\000v\000e\000d\000o\000m\000\351\000\040\000o\000b\000m\000e\000d\000z\000e\000n\000i\000a}{section.2}% 6
\BOOKMARK [2][-]{subsection.2.5}{\376\377\000M\000e\000t\000o\000d\000i\000k\000a\000\040\000h\000o\000d\000n\000o\000t\000e\000n\000i\000a\000\040\000a\000\040\000a\000n\000a\000l\000y\000t\000i\000c\000k\000\351\000\040\000c\000i\000e\000l\000e}{section.2}% 7
\BOOKMARK [1][-]{section.3}{\376\377\000V\001\141\000e\000o\000b\000e\000c\000n\000\351\000\040\000b\000e\000z\000p\000e\001\015\000n\000o\000s\000t\000n\000\351\000\040\000p\000o\000j\000m\000y\000\040\000a\000\040\000t\000e\000r\000m\000i\000n\000o\000l\000\363\000g\000i\000a}{}% 8
\BOOKMARK [2][-]{subsection.3.1}{\376\377\000C\000I\000A\000\040\000t\000r\000i\000\341\000d\000a\000\040\000a\000\040\000r\000o\000z\001\141\000\355\000r\000e\000n\000\351\000\040\000b\000e\000z\000p\000e\001\015\000n\000o\000s\000t\000n\000\351\000\040\000c\000i\000e\000l\000e}{section.3}% 9
\BOOKMARK [2][-]{subsection.3.2}{\376\377\000A\000A\000A\000\040\000m\000o\000d\000e\000l\000:\000\040\000A\000u\000t\000h\000e\000n\000t\000i\000c\000a\000t\000i\000o\000n\000,\000\040\000A\000u\000t\000h\000o\000r\000i\000z\000a\000t\000i\000o\000n\000,\000\040\000A\000c\000c\000o\000u\000n\000t\000i\000n\000g}{section.3}% 10
\BOOKMARK [2][-]{subsection.3.3}{\376\377\000R\000i\000z\000i\000k\000o\000,\000\040\000h\000r\000o\000z\000b\000a\000,\000\040\000z\000r\000a\000n\000i\000t\000e\001\076\000n\000o\000s\001\145}{section.3}% 11
\BOOKMARK [2][-]{subsection.3.4}{\376\377\000M\000o\000d\000e\000l\000o\000v\000a\000n\000i\000e\000\040\000h\000r\000o\000z\000i\000e\000b}{section.3}% 12
\BOOKMARK [2][-]{subsection.3.5}{\376\377\000A\000u\000t\000e\000n\000t\000i\000f\000i\000k\000a\001\015\000n\000\351\000\040\000f\000a\000k\000t\000o\000r\000y\000\040\000a\000\040\000p\000o\000j\000e\000m\000\040\000i\000d\000e\000n\000t\000i\000t\000y}{section.3}% 13
\BOOKMARK [2][-]{subsection.3.6}{\376\377\000Z\000o\000d\000p\000o\000v\000e\000d\000n\000o\000s\001\145\000,\000\040\000n\000e\000p\000o\000p\000i\000e\000r\000a\000t\000e\001\076\000n\000o\000s\001\145\000\040\000a\000\040\000f\000o\000r\000e\000n\000z\000n\000\341\000\040\000p\000r\000i\000p\000r\000a\000v\000e\000n\000o\000s\001\145}{section.3}% 14
\BOOKMARK [2][-]{subsection.3.7}{\376\377\000B\000e\000z\000p\000e\001\015\000n\000o\000s\000t\000n\000\351\000\040\000p\000o\001\176\000i\000a\000d\000a\000v\000k\000y\000\040\000a\000k\000o\000\040\000m\000e\000r\000a\000t\000e\001\076\000n\000\351\000\040\000t\000v\000r\000d\000e\000n\000i\000a}{section.3}% 15
\BOOKMARK [1][-]{section.4}{\376\377\000S\000y\000s\000t\000\351\000m\000y\000\040\000k\000o\000n\000t\000r\000o\000l\000y\000\040\000p\000r\000\355\000s\000t\000u\000p\000u\000\040\000a\000\040\000p\000r\000\355\000s\000t\000u\000p\000o\000v\000\351\000\040\000m\000o\000d\000e\000l\000y}{}% 16
\BOOKMARK [2][-]{subsection.4.1}{\376\377\000F\000y\000z\000i\000c\000k\000\341\000\040\000v\000s\000.\000\040\000l\000o\000g\000i\000c\000k\000\341\000\040\000k\000o\000n\000t\000r\000o\000l\000a\000\040\000p\000r\000\355\000s\000t\000u\000p\000u}{section.4}% 17
\BOOKMARK [2][-]{subsection.4.2}{\376\377\000M\000o\000d\000e\000l\000y\000\040\000k\000o\000n\000t\000r\000o\000l\000y\000\040\000p\000r\000\355\000s\000t\000u\000p\000u}{section.4}% 18
\BOOKMARK [2][-]{subsection.4.3}{\376\377\000B\000e\000z\000p\000e\001\015\000n\000o\000s\000t\000n\000\351\000\040\000p\000o\001\176\000i\000a\000d\000a\000v\000k\000y\000\040\000n\000a\000\040\000A\000P\000I\000\040\000a\000\040\000s\000e\000r\000v\000e\000r}{section.4}% 19
\BOOKMARK [2][-]{subsection.4.4}{\376\377\000Z\000\363\000n\000y\000,\000\040\000k\000o\000n\000t\000e\000x\000t\000\040\000a\000\040\000v\000\344\000z\000b\000y\000\040\000m\000e\000d\000z\000i\000\040\000k\000o\000m\000p\000o\000n\000e\000n\000t\000m\000i}{section.4}% 20
\BOOKMARK [2][-]{subsection.4.5}{\376\377\000P\000r\000i\000n\000c\000\355\000p\000\040\000n\000a\000j\000m\000e\000n\000e\000j\000\040\000o\000p\000r\000\341\000v\000n\000e\000n\000\355\000\040\000a\000\040\000o\000d\000d\000e\000l\000e\000n\000i\000e\000\040\000p\000r\000\341\000v\000o\000m\000o\000c\000\355}{section.4}% 21
\BOOKMARK [1][-]{section.5}{\376\377\000B\000e\000z\000p\000e\001\015\000n\000o\000s\000t\000n\000\351\000\040\000h\000r\000o\000z\000b\000y\000\040\000a\000\040\001\141\000p\000e\000c\000i\000f\000i\000k\000\341\000\040\000R\000F\000I\000D\000/\000N\000F\000C\000\040\000t\000e\000c\000h\000n\000o\000l\000\363\000g\000i\000\355}{}% 22
\BOOKMARK [2][-]{subsection.5.1}{\376\377\000T\000y\000p\000i\000c\000k\000\351\000\040\000\372\000t\000o\000k\000y\000\040\000n\000a\000\040\000R\000F\000I\000D\000/\000N\000F\000C}{section.5}% 23
\BOOKMARK [2][-]{subsection.5.2}{\376\377\000M\000i\000t\000i\000g\000\341\000c\000i\000e\000\040\000a\000\040\000o\000d\000p\000o\000r\000\372\001\015\000a\000n\000\351\000\040\000p\000r\000o\000t\000i\000o\000p\000a\000t\000r\000e\000n\000i\000a}{section.5}% 24
\BOOKMARK [2][-]{subsection.5.3}{\376\377\000P\000r\000\355\000k\000l\000a\000d\000\040\000z\000n\000\341\000m\000y\000c\000h\000\040\000s\000l\000a\000b\000\355\000n\000:\000\040\000M\000I\000F\000A\000R\000E\000\040\000C\000l\000a\000s\000s\000i\000c}{section.5}% 25
\BOOKMARK [2][-]{subsection.5.4}{\376\377\000B\000e\000z\000p\000e\001\015\000n\000o\000s\000t\000n\000\351\000\040\000d\000\364\000s\000l\000e\000d\000k\000y\000\040\000p\000r\000e\000\040\000n\000\341\000v\000r\000h\000\040\000p\000r\000o\000t\000o\000t\000y\000p\000u}{section.5}% 26
\BOOKMARK [2][-]{subsection.5.5}{\376\377\000H\000r\000o\000z\000b\000y\000\040\000n\000a\000\040\000k\000o\000m\000u\000n\000i\000k\000a\001\015\000n\000e\000j\000\040\000v\000r\000s\000t\000v\000e\000\040\000a\000\040\000v\000\040\000s\000i\000e\001\145\000o\000v\000e\000j\000\040\000i\000n\000f\000r\000a\001\141\000t\000r\000u\000k\000t\000\372\000r\000e}{section.5}% 27
\BOOKMARK [2][-]{subsection.5.6}{\376\377\000H\000r\000o\000z\000b\000y\000\040\000n\000a\000\040\000s\000e\000r\000v\000e\000r\000o\000v\000e\000j\000\040\000s\000t\000r\000a\000n\000e\000\040\000a\000\040\000v\000\040\000A\000P\000I}{section.5}% 28
\BOOKMARK [2][-]{subsection.5.7}{\376\377\000\332\000t\000o\000k\000y\000\040\000p\000o\000\040\000i\000n\000c\000i\000d\000e\000n\000t\000e\000:\000\040\000m\000a\000n\000i\000p\000u\000l\000\341\000c\000i\000a\000\040\000a\000u\000d\000i\000t\000n\000e\000j\000\040\000s\000t\000o\000p\000y}{section.5}% 29
\BOOKMARK [1][-]{section.6}{\376\377\000K\000r\000y\000p\000t\000o\000g\000r\000a\000f\000i\000c\000k\000\351\000\040\000z\000\341\000k\000l\000a\000d\000y\000\040\000r\000e\000l\000e\000v\000a\000n\000t\000n\000\351\000\040\000p\000r\000e\000\040\000p\000r\000\355\000s\000t\000u\000p\000o\000v\000\351\000\040\000s\000y\000s\000t\000\351\000m\000y}{}% 30
\BOOKMARK [2][-]{subsection.6.1}{\376\377\000H\000a\000s\000h\000o\000v\000a\000c\000i\000e\000\040\000f\000u\000n\000k\000c\000i\000e\000\040\000a\000\040\000i\000n\000t\000e\000g\000r\000i\000t\000a}{section.6}% 31
\BOOKMARK [2][-]{subsection.6.2}{\376\377\000M\000A\000C\000\040\000a\000\040\000H\000M\000A\000C}{section.6}% 32
\BOOKMARK [2][-]{subsection.6.3}{\376\377\000V\000\375\000b\000e\000r\000\040\000p\000a\000r\000a\000m\000e\000t\000r\000o\000v\000\040\000a\000\040\000b\000e\000z\000p\000e\001\015\000n\000o\000s\000t\000n\000\341\000\040\000\372\000r\000o\000v\000e\001\110}{section.6}% 33
\BOOKMARK [2][-]{subsection.6.4}{\376\377\000B\000e\000z\000p\000e\001\015\000n\000\341\000\040\000p\000r\000\341\000c\000a\000\040\000s\000\040\000p\000a\000m\000\344\001\145\000o\000u\000\040\000a\000\040\000c\000i\000t\000l\000i\000v\000\375\000m\000i\000\040\000\372\000d\000a\000j\000m\000i}{section.6}% 34
\BOOKMARK [2][-]{subsection.6.5}{\376\377\000S\000y\000m\000e\000t\000r\000i\000c\000k\000\351\000\040\001\141\000i\000f\000r\000o\000v\000a\000n\000i\000e\000\040\000a\000\040\000A\000E\000A\000D}{section.6}% 35
\BOOKMARK [3][-]{subsubsection.6.5.1}{\376\377\000C\000h\000a\000C\000h\000a\0002\0000\000\040\000a\000\040\000P\000o\000l\000y\0001\0003\0000\0005}{subsection.6.5}% 36
\BOOKMARK [3][-]{subsubsection.6.5.2}{\376\377\000C\000h\000a\000C\000h\000a\0002\0000\000-\000P\000o\000l\000y\0001\0003\0000\0005\000,\000\040\000X\000C\000h\000a\000C\000h\000a\0002\0000\000-\000P\000o\000l\000y\0001\0003\0000\0005\000\040\000a\000\040\000n\000o\000n\000c\000e\000\040\000m\000a\000n\000a\001\176\000m\000e\000n\000t}{subsection.6.5}% 37
\BOOKMARK [3][-]{subsubsection.6.5.3}{\376\377\000A\000s\000s\000o\000c\000i\000a\000t\000e\000d\000\040\000D\000a\000t\000a\000\040\000\050\000A\000A\000D\000\051}{subsection.6.5}% 38
\BOOKMARK [3][-]{subsubsection.6.5.4}{\376\377\000P\000o\000r\000o\000v\000n\000a\000n\000i\000e\000\040\000s\000\040\000A\000E\000S\000-\000G\000C\000M}{subsection.6.5}% 39
\BOOKMARK [2][-]{subsection.6.6}{\376\377\000N\000\341\000h\000o\000d\000n\000o\000s\001\145\000,\000\040\000n\000o\000n\000c\000e\000\040\000a\000\040\000p\000r\000a\000k\000t\000i\000c\000k\000\351\000\040\000g\000e\000n\000e\000r\000o\000v\000a\000n\000i\000e}{section.6}% 40
\BOOKMARK [2][-]{subsection.6.7}{\376\377\000D\000o\000m\000a\000i\000n\000\040\000s\000e\000p\000a\000r\000a\000t\000i\000o\000n\000\040\000a\000\040\000k\000o\000n\000t\000e\000x\000t\000\040\000v\000\040\000d\000e\000r\000i\000v\000\341\000c\000i\000i\000\040\000k\001\076\000\372\001\015\000o\000v}{section.6}% 41
\BOOKMARK [2][-]{subsection.6.8}{\376\377\000K\000r\000y\000p\000t\000o\000g\000r\000a\000f\000i\000a\000\040\000v\000s\000.\000\040\000b\000e\000z\000p\000e\001\015\000n\000o\000s\001\145\000\040\000i\000m\000p\000l\000e\000m\000e\000n\000t\000\341\000c\000i\000e}{section.6}% 42
\BOOKMARK [2][-]{subsection.6.9}{\376\377\000B\000e\000z\000p\000e\001\015\000n\000o\000s\000t\000n\000\351\000\040\000m\000o\000d\000e\000l\000y\000\040\000A\000E\000A\000D\000\040\000a\000\040\000n\000o\000n\000c\000e\000-\000m\000i\000s\000u\000s\000e\000\040\000r\000e\000s\000i\000s\000t\000a\000n\000c\000e}{section.6}% 43
\BOOKMARK [1][-]{section.7}{\376\377\000Z\000\341\000s\000a\000d\000y\000\040\000n\000\341\000v\000r\000h\000u\000\040\000b\000e\000z\000p\000e\001\015\000n\000\375\000c\000h\000\040\000p\000r\000o\000t\000o\000k\000o\000l\000o\000v}{}% 44
\BOOKMARK [2][-]{subsection.7.1}{\376\377\000F\000a\000i\000l\000-\000c\000l\000o\000s\000e\000d\000\040\000s\000p\000r\000\341\000v\000a\000n\000i\000e}{section.7}% 45
\BOOKMARK [2][-]{subsection.7.2}{\376\377\000J\000e\000d\000n\000o\000z\000n\000a\001\015\000n\000\341\000\040\000s\000e\000r\000i\000a\000l\000i\000z\000\341\000c\000i\000a\000\040\000a\000\040\000k\000a\000n\000o\000n\000i\000z\000\341\000c\000i\000a}{section.7}% 46
\BOOKMARK [2][-]{subsection.7.3}{\376\377\000V\000e\000r\000z\000o\000v\000a\000n\000i\000e\000\040\000f\000o\000r\000m\000\341\000t\000u\000\040\000a\000\040\000a\000l\000g\000o\000r\000i\000t\000m\000o\000v}{section.7}% 47
\BOOKMARK [2][-]{subsection.7.4}{\376\377\000B\000e\000z\000p\000e\001\015\000n\000\351\000\040\000s\000p\000r\000a\000c\000o\000v\000a\000n\000i\000e\000\040\000c\000h\000\375\000b\000\040\000a\000\040\000j\000e\000d\000n\000o\000t\000n\000\351\000\040\000o\000d\000p\000o\000v\000e\000d\000e}{section.7}% 48
\BOOKMARK [2][-]{subsection.7.5}{\376\377\000O\000c\000h\000r\000a\000n\000a\000\040\000p\000r\000o\000t\000i\000\040\000D\000o\000S\000\040\000a\000\040\000v\000y\001\015\000e\000r\000p\000a\000n\000i\000u\000\040\000z\000d\000r\000o\000j\000o\000v}{section.7}% 49
\BOOKMARK [2][-]{subsection.7.6}{\376\377\000B\000e\000z\000p\000e\001\015\000n\000o\000s\001\145\000\040\000k\000n\000i\001\176\000n\000\355\000c\000\040\000a\000\040\000z\000\341\000v\000i\000s\000l\000o\000s\000t\000\355}{section.7}% 50
\BOOKMARK [2][-]{subsection.7.7}{\376\377\000M\000a\000p\000o\000v\000a\000n\000i\000e\000\040\000b\000e\000z\000p\000e\001\015\000n\000o\000s\000t\000n\000\375\000c\000h\000\040\000c\000i\000e\001\076\000o\000v\000\040\000n\000a\000\040\000m\000e\000c\000h\000a\000n\000i\000z\000m\000y}{section.7}% 51
\BOOKMARK [1][-]{section.8}{\376\377\000S\000p\000r\000\341\000v\000a\000\040\000k\000r\000y\000p\000t\000o\000g\000r\000a\000f\000i\000c\000k\000\375\000c\000h\000\040\000k\001\076\000\372\001\015\000o\000v}{}% 52
\BOOKMARK [2][-]{subsection.8.1}{\376\377\000O\000d\000d\000e\000l\000e\000n\000i\000e\000\040\000k\001\076\000\372\001\015\000o\000v\000\040\000p\000o\000d\001\076\000a\000\040\000\372\001\015\000e\000l\000u}{section.8}% 53
\BOOKMARK [2][-]{subsection.8.2}{\376\377\000V\000e\000r\000z\000o\000v\000a\000n\000i\000e\000\040\000a\000\040\000r\000o\000t\000\341\000c\000i\000a\000\040\000k\001\076\000\372\001\015\000o\000v}{section.8}% 54
\BOOKMARK [2][-]{subsection.8.3}{\376\377\000U\000k\000l\000a\000d\000a\000n\000i\000e\000\040\000k\001\076\000\372\001\015\000o\000v\000\040\000a\000\040\000b\000e\000z\000p\000e\001\015\000n\000o\000s\001\145\000\040\000s\000e\000r\000v\000e\000r\000a}{section.8}% 55
\BOOKMARK [2][-]{subsection.8.4}{\376\377\000P\000r\000o\000v\000i\000s\000i\000o\000n\000i\000n\000g\000\040\000a\000\040\000r\000e\000g\000i\000s\000t\000r\000\341\000c\000i\000a\000\040\000z\000a\000r\000i\000a\000d\000e\000n\000\355}{section.8}% 56
\BOOKMARK [2][-]{subsection.8.5}{\376\377\000K\000o\000m\000p\000r\000o\000m\000i\000t\000\341\000c\000i\000a\000\040\000k\001\076\000\372\001\015\000a\000\040\000a\000\040\000p\000o\000s\000t\000u\000p\000\040\000o\000b\000n\000o\000v\000y}{section.8}% 57
\BOOKMARK [2][-]{subsection.8.6}{\376\377\000E\000v\000i\000d\000e\000n\000c\000i\000a\000\040\000v\000e\000r\000z\000i\000\355\000\040\000a\000\040\000m\000i\000g\000r\000a\001\015\000n\000\351\000\040\000s\000t\000r\000a\000t\000\351\000g\000i\000e}{section.8}% 58
\BOOKMARK [1][-]{section.9}{\376\377\000N\000\341\000v\000r\000h\000\040\000b\000e\000z\000p\000e\001\015\000n\000\351\000h\000o\000\040\000k\000o\000m\000u\000n\000i\000k\000a\001\015\000n\000\351\000h\000o\000\040\000p\000r\000o\000t\000o\000k\000o\000l\000u}{}% 59
\BOOKMARK [2][-]{subsection.9.1}{\376\377\000E\000n\000d\000-\000t\000o\000-\000e\000n\000d\000\040\000t\000o\000k\000\040\000u\000d\000a\000l\000o\000s\000t\000i}{section.9}% 60
\BOOKMARK [2][-]{subsection.9.2}{\376\377\000F\000o\000r\000m\000\341\000t\000\040\000s\000p\000r\000\341\000v\000,\000\040\000v\000a\000l\000i\000d\000\341\000c\000i\000a\000\040\000v\000s\000t\000u\000p\000u\000\040\000a\000\040\000o\000b\000r\000a\000n\000a\000\040\000p\000r\000e\000d\000\040\000p\000a\000r\000s\000e\000r\000\040\000\372\000t\000o\000k\000m\000i}{section.9}% 61
\BOOKMARK [2][-]{subsection.9.3}{\376\377\000H\000r\000a\000n\000i\000c\000e\000\040\000d\000\364\000v\000e\000r\000y\000\040\000a\000\040\000s\000p\000r\000a\000c\000o\000v\000a\000n\000i\000e\000\040\000m\000e\000t\000a\000d\000\341\000t}{section.9}% 62
\BOOKMARK [2][-]{subsection.9.4}{\376\377\001\140\000k\000\341\000l\000o\000v\000a\000n\000i\000e\000\040\000a\000n\000t\000i\000-\000r\000e\000p\000l\000a\000y\000\040\000p\000r\000i\000\040\000v\000i\000a\000c\000e\000r\000\375\000c\000h\000\040\000z\000a\000r\000i\000a\000d\000e\000n\000i\000a\000c\000h}{section.9}% 63
\BOOKMARK [2][-]{subsection.9.5}{\376\377\001\014\000a\000s\000o\000v\000\351\000\040\000o\000k\000n\000\341\000,\000\040\000o\000n\000e\000s\000k\000o\000r\000e\000n\000i\000e\000\040\000a\000\040\040\036\000f\000r\000e\000s\000h\000n\000e\000s\000s\040\034}{section.9}% 64
\BOOKMARK [2][-]{subsection.9.6}{\376\377\000A\000u\000t\000e\000n\000t\000i\000f\000i\000k\000\341\000c\000i\000a\000\040\000h\000a\000r\000d\000v\000\351\000r\000u\000\040\000c\000e\000z\000\040\000H\000M\000A\000C}{section.9}% 65
\BOOKMARK [2][-]{subsection.9.7}{\376\377\000A\000n\000t\000i\000-\000r\000e\000p\000l\000a\000y\000:\000\040\000s\000e\000k\000v\000e\000n\000c\000i\000e\000\040\000a\000\040\000R\000e\000p\000l\000a\000y\000W\000i\000n\000d\000o\000w}{section.9}% 66
\BOOKMARK [3][-]{subsubsection.9.7.1}{\376\377\000P\000r\000e\001\015\000o\000\040\000j\000e\000\040\000r\000e\000p\000l\000a\000y\000\040\000\372\000t\000o\000k\000\040\000n\000e\000b\000e\000z\000p\000e\001\015\000n\000\375}{subsection.9.7}% 67
\BOOKMARK [3][-]{subsubsection.9.7.2}{\376\377\000M\000o\000n\000o\000t\000\363\000n\000n\000e\000\040\000h\000w\000\137\000s\000e\000q}{subsection.9.7}% 68
\BOOKMARK [3][-]{subsubsection.9.7.3}{\376\377\000S\000l\000i\000d\000i\000n\000g\000\040\000w\000i\000n\000d\000o\000w\000\040\000n\000a\000\040\000s\000e\000r\000v\000e\000r\000i}{subsection.9.7}% 69
\BOOKMARK [2][-]{subsection.9.8}{\376\377\000F\000r\000e\000s\000h\000n\000e\000s\000s\000\040\000a\000\040\001\015\000a\000s\000o\000v\000\341\000\040\000p\000e\001\015\000i\000a\000t\000k\000a}{section.9}% 70
\BOOKMARK [2][-]{subsection.9.9}{\376\377\000P\000o\000z\000n\000\341\000m\000k\000a\000\040\000k\000\040\000d\000\364\000v\000e\000r\000n\000o\000s\000t\000i\000\040\000k\000o\000m\000u\000n\000i\000k\000\341\000c\000i\000e}{section.9}% 71
\BOOKMARK [1][-]{section.10}{\376\377\000B\000e\000z\000p\000e\001\015\000n\000o\000s\001\145\000\040\000v\000s\000t\000a\000v\000a\000n\000\351\000h\000o\000\040\000z\000a\000r\000i\000a\000d\000e\000n\000i\000a\000\040\000a\000\040\000s\000p\000r\000a\000c\000o\000v\000a\000n\000i\000e\000\040\000t\000a\000j\000o\000m\000s\000t\000i\000e\000v}{}% 72
\BOOKMARK [2][-]{subsection.10.1}{\376\377\000U\000k\000l\000a\000d\000a\000n\000i\000e\000\040\000t\000a\000j\000o\000m\000s\000t\000i\000e\000v\000\040\000n\000a\000\040\000z\000a\000r\000i\000a\000d\000e\000n\000\355}{section.10}% 73
\BOOKMARK [2][-]{subsection.10.2}{\376\377\000M\000o\000n\000o\000t\000\363\000n\000n\000e\000\040\000p\000o\001\015\000\355\000t\000a\000d\000l\000\341\000\040\000a\000\040\000t\000r\000v\000\341\000c\000n\000o\000s\001\145\000\040\000s\000t\000a\000v\000u}{section.10}% 74
\BOOKMARK [2][-]{subsection.10.3}{\376\377\000B\000e\000z\000p\000e\001\015\000n\000o\000s\001\145\000\040\000f\000i\000r\000m\000w\000a\000r\000e\000\040\000a\000\040\000a\000k\000t\000u\000a\000l\000i\000z\000\341\000c\000i\000e}{section.10}% 75
\BOOKMARK [2][-]{subsection.10.4}{\376\377\000F\000y\000z\000i\000c\000k\000\351\000\040\000\372\000t\000o\000k\000y\000\040\000a\000\040\000p\000r\000a\000k\000t\000i\000c\000k\000\375\000\040\000h\000a\000r\000d\000e\000n\000i\000n\000g}{section.10}% 76
\BOOKMARK [2][-]{subsection.10.5}{\376\377\000B\000e\000z\000p\000e\001\015\000n\000o\000s\001\145\000\040\000W\000i\000-\000F\000i\000\040\000k\000o\000n\000f\000i\000g\000u\000r\000\341\000c\000i\000e\000\040\000a\000\040\000l\000o\000k\000\341\000l\000n\000e\000j\000\040\000s\000i\000e\000t\000e}{section.10}% 77
\BOOKMARK [2][-]{subsection.10.6}{\376\377\000B\000e\000z\000p\000e\001\015\000n\000o\000s\001\145\000\040\000l\000o\000g\000o\000v\000a\000n\000i\000a\000\040\000n\000a\000\040\000z\000a\000r\000i\000a\000d\000e\000n\000\355}{section.10}% 78
\BOOKMARK [1][-]{section.11}{\376\377\000B\000e\000z\000p\000e\001\015\000n\000o\000s\001\145\000\040\000t\000r\000a\000n\000s\000p\000o\000r\000t\000n\000e\000j\000\040\000v\000r\000s\000t\000v\000y\000\040\000a\000\040\000p\000o\000u\001\176\000i\000t\000i\000e\000\040\000T\000L\000S}{}% 79
\BOOKMARK [2][-]{subsection.11.1}{\376\377\000P\000r\000e\001\015\000o\000\040\000n\000e\000s\000t\000a\001\015\000\355\000\040\000i\000b\000a\000\040\000T\000L\000S}{section.11}% 80
\BOOKMARK [2][-]{subsection.11.2}{\376\377\000m\000T\000L\000S\000\040\000v\000s\000.\000\040\000s\000y\000m\000e\000t\000r\000i\000c\000k\000\351\000\040\000t\000a\000j\000o\000m\000s\000t\000v\000\341}{section.11}% 81
\BOOKMARK [2][-]{subsection.11.3}{\376\377\000V\000a\000l\000i\000d\000\341\000c\000i\000a\000\040\000c\000e\000r\000t\000i\000f\000i\000k\000\341\000t\000u\000\040\000a\000\040\000c\000e\000r\000t\000i\000f\000i\000c\000a\000t\000e\000\040\000p\000i\000n\000n\000i\000n\000g}{section.11}% 82
\BOOKMARK [2][-]{subsection.11.4}{\376\377\000P\000r\000a\000k\000t\000i\000c\000k\000\351\000\040\000n\000a\000s\000a\000d\000e\000n\000i\000e\000\040\000T\000L\000S\000\040\000v\000\040\000I\000o\000T}{section.11}% 83
\BOOKMARK [2][-]{subsection.11.5}{\376\377\000K\000o\000m\000b\000i\000n\000\341\000c\000i\000a\000\040\000v\000r\000s\000t\000i\000e\000v\000:\000\040\000k\000e\000d\000y\000\040\000d\000\341\000v\000a\000\040\000z\000m\000y\000s\000e\000l\000\040\000H\000M\000A\000C\000\040\000a\000j\000\040\000p\000r\000i\000\040\000T\000L\000S}{section.11}% 84
\BOOKMARK [1][-]{section.12}{\376\377\000B\000e\000z\000p\000e\001\015\000n\000o\000s\001\145\000\040\000\372\000l\000o\001\176\000i\000s\000k\000a\000,\000\040\000e\000x\000p\000o\000r\000t\000o\000v\000\040\000a\000\040\001\176\000i\000v\000o\000t\000n\000\375\000\040\000c\000y\000k\000l\000u\000s\000\040\000d\000\341\000t}{}% 85
\BOOKMARK [2][-]{subsection.12.1}{\376\377\000M\000i\000n\000i\000m\000i\000z\000\341\000c\000i\000a\000\040\000d\000\341\000t\000\040\000a\000\040\000p\000s\000e\000u\000d\000o\000n\000y\000m\000i\000z\000\341\000c\000i\000a}{section.12}% 86
\BOOKMARK [2][-]{subsection.12.2}{\376\377\000E\000x\000p\000o\000r\000t\000/\000i\000m\000p\000o\000r\000t\000\040\000a\000\040\000i\000n\000t\000e\000g\000r\000i\000t\000n\000\351\000\040\000k\000o\000n\000t\000r\000o\000l\000y}{section.12}% 87
\BOOKMARK [2][-]{subsection.12.3}{\376\377\000P\000r\000\355\000s\000t\000u\000p\000o\000v\000\351\000\040\000p\000r\000\341\000v\000a\000\040\000k\000\040\000d\000a\000t\000a\000b\000\341\000z\000e\000\040\000a\000\040\000z\000\341\000l\000o\000h\000o\000v\000a\000n\000i\000e}{section.12}% 88
\BOOKMARK [2][-]{subsection.12.4}{\376\377\000R\000e\000t\000e\000n\000c\000i\000a\000\040\000a\000\040\000o\000c\000h\000r\000a\000n\000a\000\040\000s\000\372\000k\000r\000o\000m\000i\000a\000\040\000v\000\040\000a\000u\000d\000i\000t\000e}{section.12}% 89
\BOOKMARK [1][-]{section.13}{\376\377\000O\000c\000h\000r\000a\000n\000a\000\040\000s\000\372\000k\000r\000o\000m\000i\000a\000\040\000i\000d\000e\000n\000t\000i\000f\000i\000k\000\341\000t\000o\000r\000o\000v\000\040\000a\000\040\000b\000e\000z\000p\000e\001\015\000n\000o\000s\001\145\000\040\000\372\000l\000o\001\176\000i\000s\000k\000a}{}% 90
\BOOKMARK [2][-]{subsection.13.1}{\376\377\000P\000r\000e\001\015\000o\000\040\000n\000e\000u\000k\000l\000a\000d\000a\001\145\000\040\000s\000u\000r\000o\000v\000\375\000\040\000U\000I\000D}{section.13}% 91
\BOOKMARK [2][-]{subsection.13.2}{\376\377\000H\000M\000A\000C\000\050\000c\000a\000r\000d\000\137\000i\000d\000\051\000\040\000s\000\040\000p\000e\000p\000p\000e\000r}{section.13}% 92
\BOOKMARK [2][-]{subsection.13.3}{\376\377\000P\000e\000p\000p\000e\000r\000\040\000v\000s\000.\000\040\000s\000a\000l\000t\000\040\000a\000\040\000o\000d\000o\000l\000n\000o\000s\001\145\000\040\000v\000o\001\015\000i\000\040\000s\000l\000o\000v\000n\000\355\000k\000o\000v\000\375\000m\000\040\000\372\000t\000o\000k\000o\000m}{section.13}% 93
\BOOKMARK [2][-]{subsection.13.4}{\376\377\000M\000i\000n\000i\000m\000a\000l\000i\000z\000\341\000c\000i\000a\000\040\000\372\000d\000a\000j\000o\000v\000\040\000v\000\040\000a\000u\000d\000i\000t\000e\000\040\000a\000\040\000s\000\372\000k\000r\000o\000m\000n\000o\000s\000t\000n\000\351\000\040\000r\000i\000z\000i\000k\000\341}{section.13}% 94
\BOOKMARK [2][-]{subsection.13.5}{\376\377\000P\000o\000z\000n\000\341\000m\000k\000a\000\040\000k\000\040\000p\000r\000\341\000v\000n\000y\000m\000\040\000a\000s\000p\000e\000k\000t\000o\000m\000\040\000\050\000G\000D\000P\000R\000\051}{section.13}% 95
\BOOKMARK [2][-]{subsection.13.6}{\376\377\000I\000n\000t\000e\000g\000r\000i\000t\000a\000\040\000d\000a\000t\000a\000b\000\341\000z\000y\000\040\000a\000\040\000h\000r\000a\000n\000i\000c\000e\000\040\000S\000Q\000L\000i\000t\000e}{section.13}% 96
\BOOKMARK [1][-]{section.14}{\376\377\000T\000a\000m\000p\000e\000r\000-\000e\000v\000i\000d\000e\000n\000t\000\040\000a\000u\000d\000i\000t\000\040\000l\000o\000g}{}% 97
\BOOKMARK [2][-]{subsection.14.1}{\376\377\000Z\000\341\000k\000l\000a\000d\000n\000\351\000\040\000t\000y\000p\000y\000\040\000\372\000t\000o\000k\000o\000v\000\040\000n\000a\000\040\000l\000o\000g\000y}{section.14}% 98
\BOOKMARK [2][-]{subsection.14.2}{\376\377\000H\000a\000s\000h\000\040\000c\000h\000a\000i\000n\000\040\000s\000\040\000H\000M\000A\000C}{section.14}% 99
\BOOKMARK [2][-]{subsection.14.3}{\376\377\000A\000u\000d\000i\000t\000\040\000a\000n\000c\000h\000o\000r\000\040\000a\000\040\000o\000c\000h\000r\000a\000n\000a\000\040\000p\000r\000o\000t\000i\000\040\000t\000r\000u\000n\000c\000a\000t\000i\000o\000n}{section.14}% 100
\BOOKMARK [2][-]{subsection.14.4}{\376\377\000F\000o\000r\000w\000a\000r\000d\000\040\000i\000n\000t\000e\000g\000r\000i\000t\000y\000\040\000a\000\040\000s\000p\000r\000\341\000v\000a\000\040\000a\000u\000d\000i\000t\000n\000\351\000h\000o\000\040\000k\001\076\000\372\001\015\000a}{section.14}% 101
\BOOKMARK [2][-]{subsection.14.5}{\376\377\000U\000l\000o\001\176\000e\000n\000i\000e\000\040\000a\000n\000c\000h\000o\000r\000o\000v\000\040\000a\000\040\000d\000\364\000v\000e\000r\000y\000h\000o\000d\000n\000\375\000\040\000r\000e\000f\000e\000r\000e\000n\001\015\000n\000\375\000\040\000b\000o\000d}{section.14}% 102
\BOOKMARK [2][-]{subsection.14.6}{\376\377\000L\000i\000m\000i\000t\000y\000\040\000a\000\040\000a\000l\000t\000e\000r\000n\000a\000t\000\355\000v\000y\000:\000\040\000M\000e\000r\000k\000l\000e\000\040\000s\000t\000r\000o\000m\000y\000\040\000a\000\040\000v\000e\000r\000i\000f\000i\000k\000o\000v\000a\000t\000e\001\076\000n\000\351\000\040\000v\000\375\001\110\000a\000t\000k\000y}{section.14}% 103
\BOOKMARK [2][-]{subsection.14.7}{\376\377\000V\000e\000r\000i\000f\000i\000k\000\341\000c\000i\000a\000\040\000a\000\040\000n\000\341\000s\000t\000r\000o\000j\000\040\000a\000u\000d\000i\000t\000\137\000v\000e\000r\000i\000f\000y}{section.14}% 104
\BOOKMARK [1][-]{section.15}{\376\377\000O\000d\000p\000o\000r\000\372\001\015\000a\000n\000i\000a\000\040\000a\000\040\001\141\000t\000a\000n\000d\000a\000r\000d\000y\000\040\000r\000e\000l\000e\000v\000a\000n\000t\000n\000\351\000\040\000p\000r\000e\000\040\000n\000\341\000v\000r\000h}{}% 105
\BOOKMARK [2][-]{subsection.15.1}{\376\377\000K\000r\000y\000p\000t\000o\000g\000r\000a\000f\000i\000c\000k\000\351\000\040\000a\000\040\000p\000r\000o\000t\000o\000k\000o\000l\000\341\000r\000n\000e\000\040\001\141\000t\000a\000n\000d\000a\000r\000d\000y}{section.15}% 106
\BOOKMARK [2][-]{subsection.15.2}{\376\377\000B\000e\000z\000p\000e\001\015\000n\000o\000s\000t\000n\000\351\000\040\000o\000d\000p\000o\000r\000\372\001\015\000a\000n\000i\000a\000\040\000p\000r\000e\000\040\000s\000y\000s\000t\000\351\000m\000y}{section.15}% 107
\BOOKMARK [2][-]{subsection.15.3}{\376\377\000S\000\372\000l\000a\000d\000\040\000p\000r\000o\000t\000o\000t\000y\000p\000u\000\040\000s\000\040\000o\000d\000p\000o\000r\000\372\001\015\000a\000n\000i\000a\000m\000i}{section.15}% 108
\BOOKMARK [1][-]{section.16}{\376\377\000R\000i\000a\000d\000e\000n\000i\000e\000\040\000r\000i\000z\000i\000k\000a\000\040\000a\000\040\000n\000\341\000v\000r\000h\000\040\000p\000r\000o\000t\000i\000o\000p\000a\000t\000r\000e\000n\000\355}{}% 109
\BOOKMARK [2][-]{subsection.16.1}{\376\377\000P\000r\000a\000v\000d\000e\000p\000o\000d\000o\000b\000n\000o\000s\001\145\000\040\000a\000\040\000d\000o\000p\000a\000d}{section.16}% 110
\BOOKMARK [2][-]{subsection.16.2}{\376\377\000V\000r\000s\000t\000v\000e\000n\000\351\000\040\000z\000a\000b\000e\000z\000p\000e\001\015\000e\000n\000i\000e\000\040\000\050\000d\000e\000f\000e\000n\000s\000e\000-\000i\000n\000-\000d\000e\000p\000t\000h\000\051}{section.16}% 111
\BOOKMARK [2][-]{subsection.16.3}{\376\377\000B\000e\000z\000p\000e\001\015\000n\000o\000s\001\145\000\040\000a\000k\000o\000\040\000p\000r\000o\000c\000e\000s}{section.16}% 112
\BOOKMARK [2][-]{subsection.16.4}{\376\377\000P\000r\000e\000d\000p\000o\000k\000l\000a\000d\000y\000\040\000a\000\040\000z\000v\000y\001\141\000k\000o\000v\000\351\000\040\000r\000i\000z\000i\000k\000o}{section.16}% 113
\BOOKMARK [2][-]{subsection.16.5}{\376\377\000K\000o\000m\000u\000n\000i\000k\000a\001\015\000n\000\351\000\040\000k\000o\000m\000p\000r\000o\000m\000i\000s\000y\000\040\000a\000\040\000p\000o\000u\001\176\000i\000t\000e\001\076\000n\000o\000s\001\145}{section.16}% 114
\BOOKMARK [1][-]{section.17}{\376\377\000B\000e\000z\000p\000e\001\015\000n\000o\000s\001\145\000\040\000a\000d\000m\000i\000n\000i\000s\000t\000r\000\341\000t\000o\000r\000s\000k\000\351\000h\000o\000\040\000r\000o\000z\000h\000r\000a\000n\000i\000a\000\040\000a\000\040\000p\000r\000e\000v\000\341\000d\000z\000k\000o\000v\000\351\000\040\000a\000s\000p\000e\000k\000t\000y}{}% 115
\BOOKMARK [2][-]{subsection.17.1}{\376\377\000T\000y\000p\000i\000c\000k\000\351\000\040\000w\000e\000b\000o\000v\000\351\000\040\000h\000r\000o\000z\000b\000y\000:\000\040\000X\000S\000S\000,\000\040\000C\000S\000R\000F\000\040\000a\000\040\000s\000p\000r\000a\000c\000o\000v\000a\000n\000i\000e\000\040\000v\000s\000t\000u\000p\000u}{section.17}% 116
\BOOKMARK [2][-]{subsection.17.2}{\376\377\000A\000u\000t\000e\000n\000t\000i\000f\000i\000k\000\341\000c\000i\000a\000\040\000a\000d\000m\000i\000n\000i\000s\000t\000r\000\341\000t\000o\000r\000a\000\040\000a\000\040\000s\000p\000r\000\341\000v\000a\000\040\000r\000e\000l\000\341\000c\000i\000\355}{section.17}% 117
\BOOKMARK [2][-]{subsection.17.3}{\376\377\000A\000u\000t\000o\000r\000i\000z\000\341\000c\000i\000a\000\040\000o\000p\000e\000r\000\341\000c\000i\000\355\000\040\000a\000\040\000a\000u\000d\000i\000t\000\040\000a\000d\000m\000i\000n\000i\000s\000t\000r\000\341\000c\000i\000e}{section.17}% 118
\BOOKMARK [2][-]{subsection.17.4}{\376\377\000B\000e\000z\000p\000e\001\015\000n\000o\000s\000t\000n\000\341\000\040\000k\000o\000n\000f\000i\000g\000u\000r\000\341\000c\000i\000a\000\040\000a\000\040\000m\000i\000n\000i\000m\000a\000l\000i\000z\000\341\000c\000i\000a\000\040\040\036\000d\000e\000b\000u\000g\040\034\000\040\000r\000o\000z\000h\000r\000a\000n\000\355}{section.17}% 119
\BOOKMARK [2][-]{subsection.17.5}{\376\377\000M\000o\000n\000i\000t\000o\000r\000i\000n\000g\000\040\000a\000\040\000d\000e\000t\000e\000k\000c\000i\000a\000\040\000a\000n\000o\000m\000\341\000l\000i\000\355}{section.17}% 120
\BOOKMARK [1][-]{section.18}{\376\377\000S\000\372\000v\000i\000s\000i\000a\000c\000e\000\040\000p\000r\000\355\000s\000t\000u\000p\000y\000\040\000a\000\040\000t\000y\000p\000i\000c\000k\000\351\000\040\000a\000r\000c\000h\000i\000t\000e\000k\000t\000\372\000r\000y\000\040\000s\000y\000s\000t\000\351\000m\000o\000v\000\040\000k\000o\000n\000t\000r\000o\000l\000y\000\040\000p\000r\000\355\000s\000t\000u\000p\000u}{}% 121
\BOOKMARK [2][-]{subsection.18.1}{\376\377\000C\000e\000n\000t\000r\000a\000l\000i\000z\000o\000v\000a\000n\000\351\000\040\000v\000s\000.\000\040\000d\000i\000s\000t\000r\000i\000b\000u\000o\000v\000a\000n\000\351\000\040\000r\000o\000z\000h\000o\000d\000o\000v\000a\000n\000i\000e}{section.18}% 122
\BOOKMARK [2][-]{subsection.18.2}{\376\377\000O\000n\000l\000i\000n\000e\000\040\000v\000s\000.\000\040\000o\000f\000f\000l\000i\000n\000e\000\040\000r\000e\001\176\000i\000m\000\040\000a\000\040\000b\000e\000z\000p\000e\001\015\000n\000o\000s\000t\000n\000\351\000\040\000k\000o\000m\000p\000r\000o\000m\000i\000s\000y}{section.18}% 123
\BOOKMARK [2][-]{subsection.18.3}{\376\377\000I\000n\000t\000e\000g\000r\000\341\000c\000i\000a\000\040\000s\000\040\000i\000d\000e\000n\000t\000i\000t\000n\000\375\000m\000i\000\040\000s\000y\000s\000t\000\351\000m\000a\000m\000i}{section.18}% 124
\BOOKMARK [2][-]{subsection.18.4}{\376\377\000A\000u\000d\000i\000t\000\040\000a\000\040\000f\000o\000r\000e\000n\000z\000n\000\341\000\040\000p\000r\000i\000p\000r\000a\000v\000e\000n\000o\000s\001\145\000\040\000v\000\040\000b\000e\001\176\000n\000\375\000c\000h\000\040\000r\000i\000e\001\141\000e\000n\000i\000a\000c\000h}{section.18}% 125
\BOOKMARK [2][-]{subsection.18.5}{\376\377\000K\000o\000m\000u\000n\000i\000k\000a\001\015\000n\000\351\000\040\000p\000r\000o\000t\000o\000k\000o\000l\000y\000\040\000m\000e\000d\000z\000i\000\040\001\015\000\355\000t\000a\001\015\000k\000o\000u\000\040\000a\000\040\000k\000o\000n\000t\000r\000o\000l\000\351\000r\000o\000m}{section.18}% 126
\BOOKMARK [2][-]{subsection.18.6}{\376\377\000T\000o\000p\000o\000l\000\363\000g\000i\000e\000:\000\040\000i\000n\000t\000e\000l\000i\000g\000e\000n\000t\000n\000\341\000\040\001\015\000\355\000t\000a\001\015\000k\000a\000\040\000v\000s\000.\000\040\000k\000o\000n\000t\000r\000o\000l\000\351\000r\000\040\000p\000r\000i\000\040\000d\000v\000e\000r\000\341\000c\000h}{section.18}% 127
\BOOKMARK [2][-]{subsection.18.7}{\376\377\000C\000l\000o\000u\000d\000\040\000v\000s\000.\000\040\000o\000n\000-\000p\000r\000e\000m\000i\000s\000e\000\040\000a\000\040\000d\000\364\000v\000e\000r\000a\000\040\000v\000\040\000i\000n\000f\000r\000a\001\141\000t\000r\000u\000k\000t\000\372\000r\000u}{section.18}% 128
\BOOKMARK [2][-]{subsection.18.8}{\376\377\000P\000o\000s\000t\000a\000v\000e\000n\000i\000e\000\040\000p\000r\000o\000t\000o\000t\000y\000p\000u\000\040\000v\000\040\000t\000o\000m\000t\000o\000\040\000k\000o\000n\000t\000e\000x\000t\000e}{section.18}% 129
\BOOKMARK [1][-]{section.19}{\376\377\000K\000o\000n\000t\000r\000o\000l\000n\000\375\000\040\000z\000o\000z\000n\000a\000m\000\040\000b\000e\000z\000p\000e\001\015\000n\000\351\000h\000o\000\040\000n\000\341\000v\000r\000h\000u\000\040\000p\000r\000\355\000s\000t\000u\000p\000o\000v\000\351\000h\000o\000\040\000s\000y\000s\000t\000\351\000m\000u}{}% 130
\BOOKMARK [2][-]{subsection.19.1}{\376\377\000A\000u\000t\000e\000n\000t\000i\000f\000i\000k\000\341\000c\000i\000a\000\040\000a\000\040\000a\000u\000t\000o\000r\000i\000z\000\341\000c\000i\000a}{section.19}% 131
\BOOKMARK [2][-]{subsection.19.2}{\376\377\000V\000a\000l\000i\000d\000\341\000c\000i\000a\000\040\000v\000s\000t\000u\000p\000u\000\040\000a\000\040\000r\000o\000b\000u\000s\000t\000n\000o\000s\001\145}{section.19}% 132
\BOOKMARK [2][-]{subsection.19.3}{\376\377\000K\000r\000y\000p\000t\000o\000g\000r\000a\000f\000i\000a\000\040\000a\000\040\000m\000a\000n\000a\001\176\000m\000e\000n\000t\000\040\000k\001\076\000\372\001\015\000o\000v}{section.19}% 133
\BOOKMARK [2][-]{subsection.19.4}{\376\377\000A\000n\000t\000i\000-\000r\000e\000p\000l\000a\000y\000\040\000a\000\040\001\015\000a\000s\000o\000v\000\351\000\040\000\372\000d\000a\000j\000e}{section.19}% 134
\BOOKMARK [2][-]{subsection.19.5}{\376\377\000\332\000l\000o\001\176\000i\000s\000k\000o\000,\000\040\000s\000\372\000k\000r\000o\000m\000i\000e\000\040\000a\000\040\000a\000u\000d\000i\000t}{section.19}% 135
\BOOKMARK [2][-]{subsection.19.6}{\376\377\000P\000r\000e\000v\000\341\000d\000z\000k\000a\000\040\000a\000\040\000m\000o\000n\000i\000t\000o\000r\000i\000n\000g}{section.19}% 136
\BOOKMARK [1][-]{section.20}{\376\377\000Z\000h\000r\000n\000u\000t\000i\000e\000\040\000t\000e\000o\000r\000e\000t\000i\000c\000k\000\375\000c\000h\000\040\000v\000\375\000c\000h\000o\000d\000\355\000s\000k}{}% 137
\BOOKMARK [2][-]{subsection.20.1}{\376\377\000K\001\076\000\372\001\015\000o\000v\000\351\000\040\000b\000e\000z\000p\000e\001\015\000n\000o\000s\000t\000n\000\351\000\040\000p\000r\000i\000n\000c\000\355\000p\000y\000\040\000a\000\040\000i\000c\000h\000\040\000r\000e\000a\000l\000i\000z\000\341\000c\000i\000a}{section.20}% 138
\BOOKMARK [2][-]{subsection.20.2}{\376\377\000I\000d\000e\000n\000t\000i\000f\000i\000k\000o\000v\000a\000n\000\351\000\040\000m\000e\000d\000z\000e\000r\000y\000\040\000a\000\040\000o\000d\000p\000o\000r\000\372\001\015\000a\000n\000i\000a\000\040\000p\000r\000e\000\040\000p\000r\000o\000d\000u\000k\001\015\000n\000\351\000\040\000n\000a\000s\000a\000d\000e\000n\000i\000e}{section.20}% 139
\BOOKMARK [2][-]{subsection.20.3}{\376\377\000P\000r\000e\000p\000o\000j\000e\000n\000i\000e\000\040\000t\000e\000\363\000r\000i\000e\000\040\000s\000\040\000e\000x\000p\000e\000r\000i\000m\000e\000n\000t\000\341\000l\000n\000o\000u\000\040\000a\000n\000a\000l\000\375\000z\000o\000u}{section.20}% 140
\BOOKMARK [1][-]{section.21}{\376\377\000P\000r\000a\000k\000t\000i\000c\000k\000\341\000\040\000i\000m\000p\000l\000e\000m\000e\000n\000t\000\341\000c\000i\000a\000\040\000n\000a\000v\000r\000h\000n\000u\000t\000\351\000h\000o\000\040\000s\000y\000s\000t\000\351\000m\000u}{}% 141
\BOOKMARK [2][-]{subsection.21.1}{\376\377\000A\000r\000c\000h\000i\000t\000e\000k\000t\000\372\000r\000a\000\040\000i\000m\000p\000l\000e\000m\000e\000n\000t\000\341\000c\000i\000e}{section.21}% 142
\BOOKMARK [2][-]{subsection.21.2}{\376\377\000M\000o\000d\000u\000l\000\341\000r\000n\000e\000\040\001\015\000l\000e\000n\000e\000n\000i\000e\000\040\000p\000r\000o\000j\000e\000k\000t\000u}{section.21}% 143
\BOOKMARK [2][-]{subsection.21.3}{\376\377\000E\000x\000t\000e\000r\000n\000\351\000\040\000z\000\341\000v\000i\000s\000l\000o\000s\000t\000i}{section.21}% 144
\BOOKMARK [2][-]{subsection.21.4}{\376\377\000Z\000d\000\364\000v\000o\000d\000n\000e\000n\000i\000e\000\040\000p\000o\000u\001\176\000i\000t\000i\000a\000\040\000k\000n\000i\001\176\000n\000i\000c\000e\000\040\000l\000i\000b\000s\000o\000d\000i\000u\000m}{section.21}% 145
\BOOKMARK [3][-]{subsubsection.21.4.1}{\376\377\000S\000\372\000l\000a\000d\000\040\000s\000o\000\040\001\141\000t\000a\000n\000d\000a\000r\000d\000m\000i}{subsection.21.4}% 146
\BOOKMARK [3][-]{subsubsection.21.4.2}{\376\377\000B\000e\000z\000p\000e\001\015\000n\000o\000s\000t\000n\000\351\000\040\000a\000u\000d\000i\000t\000y\000\040\000a\000\040\000n\000a\000s\000a\000d\000e\000n\000i\000e}{subsection.21.4}% 147
\BOOKMARK [3][-]{subsubsection.21.4.3}{\376\377\000O\000c\000h\000r\000a\000n\000a\000\040\000p\000r\000o\000t\000i\000\040\000b\000o\001\015\000n\000\375\000m\000\040\000k\000a\000n\000\341\000l\000o\000m}{subsection.21.4}% 148
\BOOKMARK [3][-]{subsubsection.21.4.4}{\376\377\000K\000o\000m\000p\000i\000l\000\341\000c\000i\000a\000\040\000z\000o\000\040\000z\000d\000r\000o\000j\000o\000v\000\351\000h\000o\000\040\000k\000\363\000d\000u}{subsection.21.4}% 149
\BOOKMARK [3][-]{subsubsection.21.4.5}{\376\377\000Z\000\341\000v\000e\000r\000\040\000k\000\040\000v\000a\000l\000i\000d\000i\000t\000e\000\040\000a\000n\000a\000l\000\375\000z\000y}{subsection.21.4}% 150
\BOOKMARK [2][-]{subsection.21.5}{\376\377\000T\000o\000k\000\040\000s\000p\000r\000a\000c\000o\000v\000a\000n\000i\000a\000\040\000p\000r\000\355\000s\000t\000u\000p\000o\000v\000e\000j\000\040\000u\000d\000a\000l\000o\000s\000t\000i}{section.21}% 151
\BOOKMARK [2][-]{subsection.21.6}{\376\377\000P\000o\000z\000n\000\341\000m\000k\000a\000\040\000k\000\040\000i\000m\000p\000l\000e\000m\000e\000n\000t\000a\001\015\000n\000\375\000m\000\040\000r\000o\000z\000h\000o\000d\000n\000u\000t\000i\000a\000m\000\040\000a\000\040\000k\000\040\001\017\000a\000l\001\141\000i\000e\000m\000u\000\040\000s\000p\000r\000a\000c\000o\000v\000a\000n\000i\000u\000\040\000t\000e\000x\000t\000u}{section.21}% 152
\BOOKMARK [2][-]{subsection.21.7}{\376\377\000A\000u\000t\000e\000n\000t\000i\000f\000i\000k\000\341\000c\000i\000a\000\040\000h\000a\000r\000d\000v\000\351\000r\000o\000v\000e\000j\000\040\000p\000o\001\176\000i\000a\000d\000a\000v\000k\000y}{section.21}% 153
\BOOKMARK [2][-]{subsection.21.8}{\376\377\000A\000E\000A\000D\000\040\001\141\000i\000f\000r\000o\000v\000a\000n\000i\000e\000\040\000i\000n\000t\000e\000r\000n\000\351\000h\000o\000\040\000f\000r\000a\000m\000e}{section.21}% 154
\BOOKMARK [3][-]{subsubsection.21.8.1}{\376\377\000V\000o\001\076\000b\000a\000\040\000a\000l\000g\000o\000r\000i\000t\000m\000u}{subsection.21.8}% 155
\BOOKMARK [3][-]{subsubsection.21.8.2}{\376\377\000K\000o\000n\001\141\000t\000r\000u\000k\000c\000i\000a\000\040\000n\000o\000n\000c\000e}{subsection.21.8}% 156
\BOOKMARK [3][-]{subsubsection.21.8.3}{\376\377\000A\000A\000D\000\040\000v\000\344\000z\000b\000a\000\040\000h\000l\000a\000v\000i\001\015\000k\000y}{subsection.21.8}% 157
\BOOKMARK [2][-]{subsection.21.9}{\376\377\000D\000e\000r\000i\000v\000\341\000c\000i\000a\000\040\000k\001\076\000\372\001\015\000o\000v\000\040\000a\000\040\000d\000o\000m\000a\000i\000n\000\040\000s\000e\000p\000a\000r\000a\000t\000i\000o\000n}{section.21}% 158
\BOOKMARK [2][-]{subsection.21.10}{\376\377\000A\000n\000t\000i\000-\000r\000e\000p\000l\000a\000y\000\040\000m\000e\000c\000h\000a\000n\000i\000z\000m\000u\000s}{section.21}% 159
\BOOKMARK [2][-]{subsection.21.11}{\376\377\000D\000e\000t\000e\000k\000t\000o\000r\000\040\000p\000r\000o\000t\000o\000k\000o\000l\000o\000v\000\375\000c\000h\000\040\000a\000n\000o\000m\000\341\000l\000i\000\355}{section.21}% 160
\BOOKMARK [2][-]{subsection.21.12}{\376\377\000O\000c\000h\000r\000a\000n\000a\000\040\000i\000d\000e\000n\000t\000i\000f\000i\000k\000\341\000t\000o\000r\000o\000v\000\040\000k\000a\000r\000i\000e\000t}{section.21}% 161
\BOOKMARK [2][-]{subsection.21.13}{\376\377\000T\000a\000m\000p\000e\000r\000-\000e\000v\000i\000d\000e\000n\000t\000\040\000a\000u\000d\000i\000t\000n\000\341\000\040\000s\000t\000o\000p\000a}{section.21}% 162
\BOOKMARK [3][-]{subsubsection.21.13.1}{\376\377\000K\000o\000n\001\141\000t\000r\000u\000k\000c\000i\000a\000\040\000H\000M\000A\000C\000\040\000h\000a\000s\000h\000\040\000c\000h\000a\000i\000n}{subsection.21.13}% 163
\BOOKMARK [3][-]{subsubsection.21.13.2}{\376\377\000A\000n\000c\000h\000o\000r\000\040\000a\000\040\000o\000c\000h\000r\000a\000n\000a\000\040\000p\000r\000o\000t\000i\000\040\000t\000r\000u\000n\000c\000a\000t\000i\000o\000n}{subsection.21.13}% 164
\BOOKMARK [2][-]{subsection.21.14}{\376\377\000R\000o\000z\000h\000o\000d\000o\000v\000a\000c\000i\000a\000\040\000l\000o\000g\000i\000k\000a\000\040\000a\000\040\000m\000o\000d\000e\000l\000\040\000R\000B\000A\000C}{section.21}% 165
\BOOKMARK [2][-]{subsection.21.15}{\376\377\000K\000o\000n\000f\000i\000g\000u\000r\000\341\000c\000i\000a\000\040\000s\000y\000s\000t\000\351\000m\000u\000\040\000a\000\040\000b\000e\000z\000p\000e\001\015\000n\000o\000s\000t\000n\000\351\000\040\000p\000r\000o\000f\000i\000l\000y}{section.21}% 166
\BOOKMARK [2][-]{subsection.21.16}{\376\377\000W\000e\000b\000o\000v\000\351\000\040\000a\000d\000m\000i\000n\000i\000s\000t\000r\000\341\000t\000o\000r\000s\000k\000\351\000\040\000r\000o\000z\000h\000r\000a\000n\000i\000e}{section.21}% 167
\BOOKMARK [2][-]{subsection.21.17}{\376\377\000P\000r\000e\000p\000o\000j\000e\000n\000i\000e\000\040\000m\000e\000c\000h\000a\000n\000i\000z\000m\000o\000v\000:\000\040\000p\000r\000e\001\015\000o\000\040\000v\000r\000s\000t\000v\000y\000\040\000n\000e\000s\000t\000o\000j\000a\000\040\000s\000a\000m\000o\000s\000t\000a\000t\000n\000e}{section.21}% 168
\BOOKMARK [1][-]{section.22}{\376\377\000V\000e\000r\000i\000f\000i\000k\000\341\000c\000i\000a\000\040\000k\000v\000a\000l\000i\000t\000y\000\040\000k\000\363\000d\000u\000\040\000p\000r\000e\000d\000\040\000e\000x\000p\000e\000r\000i\000m\000e\000n\000t\000m\000i}{}% 169
\BOOKMARK [2][-]{subsection.22.1}{\376\377\000S\000t\000a\000t\000i\000c\000k\000\341\000\040\000a\000n\000a\000l\000\375\000z\000a\000:\000\040\000c\000l\000a\000n\000g\000-\000t\000i\000d\000y}{section.22}% 170
\BOOKMARK [2][-]{subsection.22.2}{\376\377\000D\000y\000n\000a\000m\000i\000c\000k\000\341\000\040\000a\000n\000a\000l\000\375\000z\000a\000:\000\040\000s\000a\000n\000i\000t\000i\000z\000e\000r\000s}{section.22}% 171
\BOOKMARK [2][-]{subsection.22.3}{\376\377\000T\000e\000s\000t\000o\000v\000a\000c\000i\000a\000\040\000s\000a\000d\000a\000\040\000a\000\040\000p\000o\000k\000r\000y\000t\000i\000e}{section.22}% 172
\BOOKMARK [2][-]{subsection.22.4}{\376\377\000V\000\375\000s\000l\000e\000d\000k\000y\000\040\000d\000y\000n\000a\000m\000i\000c\000k\000e\000j\000\040\000a\000n\000a\000l\000\375\000z\000y}{section.22}% 173
\BOOKMARK [2][-]{subsection.22.5}{\376\377\000Z\000\341\000v\000e\000r\000\040\000v\000e\000r\000i\000f\000i\000k\000\341\000c\000i\000e}{section.22}% 174
\BOOKMARK [1][-]{section.23}{\376\377\000E\000x\000p\000e\000r\000i\000m\000e\000n\000t\000\341\000l\000n\000a\000\040\000a\000n\000a\000l\000\375\000z\000a\000\040\000b\000e\000z\000p\000e\001\015\000n\000o\000s\000t\000n\000\375\000c\000h\000\040\000p\000r\000o\000f\000i\000l\000o\000v}{}% 175
\BOOKMARK [2][-]{subsection.23.1}{\376\377\000M\000a\000t\000i\000c\000a\000\040\000k\000o\000n\000f\000i\000g\000u\000r\000a\001\015\000n\000\375\000c\000h\000\040\000p\000r\000o\000f\000i\000l\000o\000v}{section.23}% 176
\BOOKMARK [2][-]{subsection.23.2}{\376\377\000A\000r\000c\000h\000i\000t\000e\000k\000t\000\372\000r\000a\000\040\000e\000x\000p\000e\000r\000i\000m\000e\000n\000t\000\341\000l\000n\000e\000h\000o\000\040\000h\000a\000r\000n\000e\000s\000s\000u}{section.23}% 177
\BOOKMARK [3][-]{subsubsection.23.2.1}{\376\377\000H\000l\000a\000v\000n\000\351\000\040\000k\000o\000m\000p\000o\000n\000e\000n\000t\000y}{subsection.23.2}% 178
\BOOKMARK [3][-]{subsubsection.23.2.2}{\376\377\000F\000\341\000z\000y\000\040\000e\000x\000p\000e\000r\000i\000m\000e\000n\000t\000u}{subsection.23.2}% 179
\BOOKMARK [3][-]{subsubsection.23.2.3}{\376\377\000R\000e\000p\000r\000o\000d\000u\000k\000o\000v\000a\000t\000e\001\076\000n\000o\000s\001\145}{subsection.23.2}% 180
\BOOKMARK [3][-]{subsubsection.23.2.4}{\376\377\000V\000z\001\145\000a\000h\000\040\000h\000a\000r\000n\000e\000s\000s\000u\000\040\000k\000\040\000p\000r\000o\000d\000u\000k\001\015\000n\000\351\000m\000u\000\040\000s\000y\000s\000t\000\351\000m\000u}{subsection.23.2}% 181
\BOOKMARK [2][-]{subsection.23.3}{\376\377\000P\000o\000p\000i\000s\000\040\000\372\000t\000o\000k\000o\000v\000\375\000c\000h\000\040\000s\000c\000e\000n\000\341\000r\000o\000v}{section.23}% 182
\BOOKMARK [3][-]{subsubsection.23.3.1}{\376\377\000S\0001\000:\000\040\000R\000e\000p\000l\000a\000y\000\040\000\372\000t\000o\000k}{subsection.23.3}% 183
\BOOKMARK [3][-]{subsubsection.23.3.2}{\376\377\000S\0002\000:\000\040\000M\000a\000n\000i\000p\000u\000l\000\341\000c\000i\000a\000\040\000p\000o\001\076\000a\000\040\000v\000\040\000h\000l\000a\000v\000i\001\015\000k\000e\000\040\000\050\000A\000A\000D\000\040\000t\000a\000m\000p\000e\000r\000i\000n\000g\000\051}{subsection.23.3}% 184
\BOOKMARK [3][-]{subsubsection.23.3.3}{\376\377\000S\0003\000a\000:\000\040\000O\000v\000e\000r\000e\000n\000i\000e\000\040\000n\000o\000n\000c\000e\000\040\000e\000n\000f\000o\000r\000c\000e\000m\000e\000n\000t\000\040\000p\000o\000l\000i\000t\000i\000k\000y}{subsection.23.3}% 185
\BOOKMARK [3][-]{subsubsection.23.3.4}{\376\377\000S\0003\000b\000:\000\040\000I\000z\000o\000l\000\341\000c\000i\000a\000\040\000k\001\076\000\372\001\015\000o\000v\000\040\000m\000e\000d\000z\000i\000\040\001\015\000\355\000t\000a\001\015\000k\000a\000m\000i\000\040\000\050\000H\000K\000D\000F\000\040\000k\000e\000y\000\040\000i\000s\000o\000l\000a\000t\000i\000o\000n\000\051}{subsection.23.3}% 186
\BOOKMARK [3][-]{subsubsection.23.3.5}{\376\377\000S\0004\000:\000\040\000R\000o\000l\000l\000b\000a\000c\000k\000\040\000s\000e\000k\000v\000e\000n\001\015\000n\000\351\000h\000o\000\040\001\015\000\355\000s\000l\000a}{subsection.23.3}% 187
\BOOKMARK [3][-]{subsubsection.23.3.6}{\376\377\000S\0005\000:\000\040\000T\000a\000g\000\040\000p\000r\000o\000b\000e\000\040\000\050\000f\000o\000r\000g\000e\000r\000y\000\040\000r\000e\000s\000i\000s\000t\000a\000n\000c\000e\000\051}{subsection.23.3}% 188
\BOOKMARK [3][-]{subsubsection.23.3.7}{\376\377\000S\0006\000:\000\040\000T\000h\000r\000o\000u\000g\000h\000p\000u\000t\000\040\000b\000e\000n\000c\000h\000m\000a\000r\000k}{subsection.23.3}% 189
\BOOKMARK [2][-]{subsection.23.4}{\376\377\000M\000e\000t\000o\000d\000i\000k\000a\000\040\000z\000b\000e\000r\000u\000\040\000a\000\040\000s\000p\000r\000a\000c\000o\000v\000a\000n\000i\000a\000\040\000d\000\341\000t}{section.23}% 190
\BOOKMARK [3][-]{subsubsection.23.4.1}{\376\377\000Z\000b\000e\000r\000\040\000d\000\341\000t}{subsection.23.4}% 191
\BOOKMARK [3][-]{subsubsection.23.4.2}{\376\377\000O\000d\000v\000o\000d\000z\000o\000v\000a\000n\000\351\000\040\000m\000e\000t\000r\000i\000k\000y}{subsection.23.4}% 192
\BOOKMARK [3][-]{subsubsection.23.4.3}{\376\377\001\140\000t\000a\000t\000i\000s\000t\000i\000c\000k\000\341\000\040\000r\000o\000b\000u\000s\000t\000n\000o\000s\001\145}{subsection.23.4}% 193
\BOOKMARK [2][-]{subsection.23.5}{\376\377\000V\000\375\000s\000l\000e\000d\000k\000y\000:\000\040\000\332\000s\000p\000e\001\141\000n\000o\000s\001\145\000\040\000\372\000t\000o\000k\000o\000v}{section.23}% 194
\BOOKMARK [3][-]{subsubsection.23.5.1}{\376\377\000C\000e\000l\000k\000o\000v\000\375\000\040\000p\000r\000e\000h\001\076\000a\000d}{subsection.23.5}% 195
\BOOKMARK [3][-]{subsubsection.23.5.2}{\376\377\000Z\000\341\000v\000i\000s\000l\000o\000s\001\145\000\040\000o\000d\000\040\000p\000o\001\015\000t\000u\000\040\000\372\000t\000o\001\015\000n\000\375\000c\000h\000\040\000f\000r\000a\000m\000e}{subsection.23.5}% 196
\BOOKMARK [3][-]{figure.7}{\376\377\000R\000\375\000c\000h\000l\000o\000s\001\145\000\040\000k\000a\000r\000a\000n\000t\000\351\000n\000y}{subsection.23.5}% 197
\BOOKMARK [2][-]{subsection.23.6}{\376\377\000V\000\375\000s\000l\000e\000d\000k\000y\000:\000\040\000B\000a\000s\000e\000l\000i\000n\000e\000\040\000k\000o\000r\000e\000k\000t\000n\000o\000s\001\145}{section.23}% 198
\BOOKMARK [2][-]{subsection.23.7}{\376\377\000V\000\375\000s\000l\000e\000d\000k\000y\000:\000\040\000L\000a\000t\000e\000n\000c\000i\000a\000\040\000a\000\040\000p\000r\000i\000e\000p\000u\000s\000t\000n\000o\000s\001\145}{section.23}% 199
\BOOKMARK [3][-]{table.20}{\376\377\000T\000h\000r\000o\000u\000g\000h\000p\000u\000t\000\040\000b\000e\000n\000c\000h\000m\000a\000r\000k\000\040\000\050\000S\0006\000\051}{subsection.23.7}% 200
\BOOKMARK [3][-]{figure.9}{\376\377\000O\000v\000e\000r\000h\000e\000a\000d\000\040\000d\000e\000t\000e\000k\000t\000o\000r\000a\000\040\000n\000a\000\040\000b\000a\000s\000e\000l\000i\000n\000e\000\040\000f\000r\000a\000m\000e}{subsection.23.7}% 201
\BOOKMARK [3][-]{figure.10}{\376\377\000D\000i\000s\000t\000r\000i\000b\000\372\000c\000i\000a\000\040\000l\000a\000t\000e\000n\000c\000i\000e\000\040\000p\000o\000d\001\076\000a\000\040\000s\000c\000e\000n\000\341\000r\000o\000v}{subsection.23.7}% 202
\BOOKMARK [2][-]{subsection.23.8}{\376\377\000D\000i\000s\000k\000u\000s\000i\000a\000\040\000a\000\040\000i\000n\000t\000e\000r\000p\000r\000e\000t\000\341\000c\000i\000a\000\040\000v\000\375\000s\000l\000e\000d\000k\000o\000v}{section.23}% 203
\BOOKMARK [3][-]{subsubsection.23.8.1}{\376\377\000T\000\351\000z\000i\000s\000\040\0001\000:\000\040\000N\000o\000n\000c\000e\000\040\000e\000n\000f\000o\000r\000c\000e\000m\000e\000n\000t\000\040\000a\000\040\000H\000K\000D\000F\000\040\000i\000z\000o\000l\000\341\000c\000i\000a\000\040\000a\000k\000o\000\040\000d\000v\000a\000\040\000p\000i\000l\000i\000e\000r\000e\000\040\000b\000e\000z\000p\000e\001\015\000n\000o\000s\000t\000i}{subsection.23.8}% 204
\BOOKMARK [3][-]{subsubsection.23.8.2}{\376\377\000T\000\351\000z\000i\000s\000\040\0002\000:\000\040\000P\000r\000o\000t\000o\000c\000o\000l\000A\000n\000o\000m\000a\000l\000y\000D\000e\000t\000e\000c\000t\000o\000r\000\040\000m\000a\000t\000e\000r\000i\000\341\000l\000n\000e\000\040\000z\000v\000y\001\141\000u\000j\000e\000\040\000b\000e\000z\000p\000e\001\015\000n\000o\000s\001\145}{subsection.23.8}% 205
\BOOKMARK [3][-]{subsubsection.23.8.3}{\376\377\000T\000\351\000z\000i\000s\000\040\0003\000:\000\040\000R\000e\000p\000l\000a\000y\000\040\000w\000i\000n\000d\000o\000w\000\040\000a\000\040\000a\000n\000o\000m\000\341\000l\000n\000a\000\040\000d\000e\000t\000e\000k\000c\000i\000a\000\040\000s\000\372\000\040\000k\000o\000m\000p\000l\000e\000m\000e\000n\000t\000\341\000r\000n\000e}{subsection.23.8}% 206
\BOOKMARK [3][-]{subsubsection.23.8.4}{\376\377\000T\000\351\000z\000i\000s\000\040\0004\000:\000\040\000A\000A\000D\000\040\000b\000i\000n\000d\000i\000n\000g\000\040\000p\000o\000s\000k\000y\000t\000u\000j\000e\000\040\000o\000c\000h\000r\000a\000n\000u\000\040\000n\000e\000z\000\341\000v\000i\000s\000l\000e\000\040\000o\000d\000\040\000r\000e\001\176\000i\000m\000u\000\040\000n\000o\000n\000c\000e}{subsection.23.8}% 207
\BOOKMARK [3][-]{subsubsection.23.8.5}{\376\377\000T\000\351\000z\000i\000s\000\040\0005\000:\000\040\000D\000e\000f\000e\000n\000s\000e\000-\000i\000n\000-\000d\000e\000p\000t\000h\000\040\000c\000e\000z\000\040\000k\000a\000r\000a\000n\000t\000\351\000n\000u}{subsection.23.8}% 208
\BOOKMARK [3][-]{subsubsection.23.8.6}{\376\377\000T\000\351\000z\000i\000s\000\040\0006\000:\000\040\000O\000v\000e\000r\000h\000e\000a\000d\000\040\000d\000e\000t\000e\000k\000t\000o\000r\000a\000\040\000j\000e\000\040\000p\000r\000i\000j\000a\000t\000e\001\076\000n\000\375}{subsection.23.8}% 209
\BOOKMARK [2][-]{subsection.23.9}{\376\377\000P\000o\000r\000o\000v\000n\000a\000n\000i\000e\000\040\000s\000\040\000m\000i\000n\000i\000m\000a\000l\000i\000s\000t\000i\000c\000k\000\375\000m\000i\000\040\000i\000m\000p\000l\000e\000m\000e\000n\000t\000\341\000c\000i\000a\000m\000i}{section.23}% 210
\BOOKMARK [2][-]{subsection.23.10}{\376\377\000Z\000h\000r\000n\000u\000t\000i\000e\000\040\000e\000x\000p\000e\000r\000i\000m\000e\000n\000t\000o\000v}{section.23}% 211
\BOOKMARK [1][-]{section.24}{\376\377\000Z\000\341\000v\000e\000r}{}% 212
\BOOKMARK [2][-]{subsection.24.1}{\376\377\000S\000\372\000h\000r\000n\000\040\000r\000e\000a\000l\000i\000z\000o\000v\000a\000n\000\375\000c\000h\000\040\000p\000r\000\341\000c}{section.24}% 213
\BOOKMARK [2][-]{subsection.24.2}{\376\377\000H\000l\000a\000v\000n\000\351\000\040\000v\000\375\000s\000l\000e\000d\000k\000y\000\040\000a\000\040\000z\000\341\000v\000e\000r\000y}{section.24}% 214
\BOOKMARK [2][-]{subsection.24.3}{\376\377\000S\000p\000l\000n\000e\000n\000i\000e\000\040\000c\000i\000e\001\076\000o\000v\000\040\000p\000r\000\341\000c\000e}{section.24}% 215
\BOOKMARK [2][-]{subsection.24.4}{\376\377\000O\000t\000v\000o\000r\000e\000n\000\351\000\040\000o\000t\000\341\000z\000k\000y\000\040\000a\000\040\000o\000b\000m\000e\000d\000z\000e\000n\000i\000a}{section.24}% 216
\BOOKMARK [2][-]{subsection.24.5}{\376\377\000M\000o\001\176\000n\000o\000s\000t\000i\000\040\000r\000o\000z\001\141\000\355\000r\000e\000n\000i\000a}{section.24}% 217
\BOOKMARK [2][-]{subsection.24.6}{\376\377\000Z\000\341\000v\000e\000r\000e\001\015\000n\000\351\000\040\000z\000h\000o\000d\000n\000o\000t\000e\000n\000i\000e}{section.24}% 218
\BOOKMARK [1][-]{section*.3}{\376\377\000R\000e\000f\000e\000r\000e\000n\000c\000e\000s}{}% 219
